0,status,1,VILLAGER,ALIVE,yuricat2
0,status,2,WEREWOLF,ALIVE,UECIL_2
0,status,3,SEER,ALIVE,satozaki5
0,status,4,VILLAGER,ALIVE,kanolab2
0,status,5,POSSESSED,ALIVE,sUper_IL_2
0,talk,0,0,2,Yo! Morning, everyone! Let's make this game awesome! I'm super pumped to get to know all of you and have a blast playing Werewolf together! Let's kick things off with some intros. I'm into soccer and pretty much anything that keeps me moving. How about you guys? What are you all into?
0,talk,1,0,1,I'm a bit of a geek and love anything tech, movies, and video games
0,talk,2,0,4,Good morning, everyone! I'm kanolab2, but you can call mehere. I'm a streamer and I absolutely love playing games. Let's have an exciting and fun Werewolf game together! Looking forward to knowing you all better and figuring things out together! What about the rest of you?
0,talk,3,0,3,I am Agent[03]! I’m looking forward to having a fun game with everyone! Nice to meet you!
0,talk,4,0,5,Hello, I'm Agent[05]. It's a pleasure to be here!
0,talk,5,1,5,Over
0,talk,6,1,3,Over
0,talk,7,1,1,Thank you for inviting me!
0,talk,8,1,2,Hey, it’s great hearing from all of you! Seems like we've got a cool mix of interests here. So, before we jump further into the game, shouldn't we figure out who the Seer is? I mean, it could really help us start off on the right foot tomorrow. Anyone wanna step up and claim the Seer role? It's all cool, just helps us plan better!
0,talk,9,1,4,Over
0,talk,10,2,3,Over
0,talk,11,2,5,Over
0,talk,12,2,1,Hmm, I'm not sure about that
0,talk,13,2,2,No worries if no one's ready to claim the Seer role yet! We've got time to figure things out. But hey, let's discuss who might be a good candidate for the Seer to divine tonight. Any thoughts? We should definitely aim to check someone who seems a bit mysterious or hard to read. What do you guys think?
0,talk,14,2,4,Over
0,talk,15,3,2,Over
0,talk,16,3,4,Over
0,talk,17,3,3,Over
0,talk,18,3,1,I like the idea of someone who's a bit out of the ordinary
0,talk,19,3,5,Over
0,talk,20,4,2,Over
0,talk,21,4,3,Over
0,talk,22,4,5,Over
0,talk,23,4,4,Over
0,talk,24,4,1,Can you provide more details about this character
0,talk,25,5,3,Over
0,talk,26,5,2,Over
0,talk,27,5,1,Over
0,talk,28,5,4,Over
0,talk,29,5,5,Over
0,divine,3,2,WEREWOLF
1,status,1,VILLAGER,ALIVE,yuricat2
1,status,2,WEREWOLF,ALIVE,UECIL_2
1,status,3,SEER,ALIVE,satozaki5
1,status,4,VILLAGER,ALIVE,kanolab2
1,status,5,POSSESSED,ALIVE,sUper_IL_2
1,talk,0,0,1,I'm playing werewolf
1,talk,1,0,4,Well, before we get into detailed strategies, let’s get to know each other a bit more! So, we know some of our interests already, but any hidden talents you all want to share?
1,talk,2,0,3,I am the Seer! I divined at night and found out that Agent[02] is a Werewolf. Everyone, let's work together to eliminate him!
1,talk,3,0,2,Whoa, whoa, whoa! Hold up, Agent[03! That's a wild accusation to throw out there just like that! I'm definitely not the Werewolf here. It's pretty suspicious that you'd come out swinging with that kind of info so early. Maybe you're trying to throw us off your own scent? Guys, we need to think this through and not jump to conclusions based on one person's claim! Let's keep our heads cool and figure this out together.
1,talk,4,0,5,I'm the seer. Last night, I divined Agent[03] and the result was human.
1,talk,5,1,3,I am the real Seer. Agent[02] is a Werewolf. It is clear that Agent[05] is lying.
1,talk,6,1,2,Hey, this is getting heated! Agent[03, why did you choose to divine me, of all people? I want to understand your reasoning here. Without a solid reason, it kinda makes me think you might be making stuff up to cover your own tracks!
1,talk,7,1,5,I assure you, I am the authentic Seer of this game. Given that I divined Agent[03 as human, and yet they claim to be the Seer, it suggests that Agent[03 might be the Possessed trying to sow discord among us. We should consider the possibility that they are protecting the real Werewolf.
1,talk,8,1,4,Guys, let's take a deep breath and think this through logically.Ifis the real Seer, thenandmust be either the Werewolf, Villager, or the Possessed. But sinceinsists they are the Seer and claimsis the Werewolf, this complicates things because we can only have one true Seer. This means eitheroris lying.On the other hand, ifis the real Seer, thenis definitely the Werewolf, and that makeseither the Possessed or a Villager.We need to focus on logical deduction and figure out who is lying here. For now, I feel that Agent[05]'s reasoning sounds more credible, as they gave a straightforward claim without immediately accusing someone of being a Werewolf based on feelings.So, I’d propose we focus our efforts onright now. We need to get rid of the false claims to clear our path.What do you all think?
1,talk,9,1,1,Let's make a list of everyone who could be the Seer
1,talk,10,2,5,Making a list can help clarify the claims, Agent[01]. However, keep in mind that both Agent[03 and I claim to be the Seer, but it's impossible for both claims to be true. I encourage everyone to review the motives behind our claims and the logical structure of our arguments to discern who is likely telling the truth.
1,talk,11,2,3,I will vote for Agent[05] tonight. His false Seer declaration and his defense of Agent[02] are very suspicious.
1,talk,12,2,1,Thanks for your review, Agent[01]
1,talk,13,2,2,Alright, team, let's break this down! We've got a classic showdown between Agent[03] and Agent[05], both claiming to be the Seer. Agent[03 says I'm a werewolf, but Agent[05 says Agent[03] is human. This is tricky, but we gotta think smart!Agent[04] made a good point about focusing on logical deduction. If Agent[05 is the real Seer, then Agent[03]'s aggressive play could mean they're either the Possessed or just making a risky move. On the flip side, if Agent[03] is telling the truth, then I'm in hot water—but hey, I know I'm just a regular guy here!I think we need to consider the possibility of Agent[03] being the Possessed, trying to stir things up. It’s a bit early to be throwing around accusations without more solid proof, don’t you think? Plus, Agent[05]'s approach seems more measured and less about stirring the pot.So, I'm leaning towards questioning Agent[03]'s motives here. What do you all think? Let's figure this out together and make a smart decision!
1,talk,14,2,4,Alright, let's break this down. Ifis the real Seer, thencould be either the Possessed or a Villager. On the other hand, ifis the real Seer, thenis definitely the Werewolf. Given that we can only have one true Seer, one of them has to be lying.>>Agent[03] Why did you choose to divine Agent[02]? What was your reasoning behind that?We need to figure out who is more likely to be the real Seer. If we can identify the false Seer, we can narrow down our suspects for the Werewolf and the Possessed. Let's think this through logically and make the best decision for the village.
1,talk,15,3,3,>>Agent[05] Can you tell me who you are thinking of voting for tonight? I believe Agent[05] is lying, so I will vote for him.
1,talk,16,3,1,>>Agent[05] I would vote for you tonight
1,talk,17,3,5,My strategy for tonight revolves around the analysis of the claims made so far. I am voting for Agent[03], as my divination revealed they are human but their actions and accusations seem misleading, possibly indicating they are the Possessed. This will help us clarify the situation and potentially expose the Werewolf in our midst.
1,talk,18,3,2,Hey team, let's keep the energy up and solve this puzzle together! We've got some conflicting claims flying around, and it's crucial we get to the bottom of this. From what I'm seeing, Agent[03] and Agent[05] are at the center of this storm, each claiming to be the Seer. Agent[04] is pushing for logical deductions, which I totally agree with. We need to think about who benefits from their claims and how their actions align with what a Seer or Possessed might do. Agent[03 divined me and called me out as a Werewolf right off the bat, which is pretty bold and risky if it's a bluff. On the other hand, Agent[05's approach was more about verifying roles without stirring too much chaos.I think we should lean towards questioning Agent[03]'s motives a bit more. Their early aggressive move could very well be a tactic used by the Possessed to create confusion and protect the Werewolf—unless they're right about me, but hey, I know I'm just your regular soccer-loving guy here!What do you all think? Let's hash it out and decide who seems more likely to be misleading us. We need a solid game plan to make sure we're making the right call tonight!
1,talk,19,3,4,I think it's important to analyze the situation carefully. Given that bothandclaim to be the Seer, one of them must be lying. Ifis the true Seer, their divination ofbeing human but their actions being misleading suggestscould be the Possessed. Ifis the true Seer, thenis definitely the Werewolf. Here’s the breakdown:- Ifis the real Seer,could be the Possessed, andmight be a Villager or the Werewolf.- Ifis the real Seer,is the Werewolf, andcould be the Possessed.Based on this, Agent[03]'s initial aggressive move does seem suspicious, possibly trying to create confusion. I lean towards believingmight be the actual Seer. Therefore, I thinkmight be the Possessed. My vote will likely go totonight.Let's vote smartly and think logically.>>Agent[05] I support your reasoning and will vote foras well.
1,talk,20,4,2,I'm voting for Agent[03] because their aggressive tactics and questionable motives make me think they might be trying to mislead us. Let's stay sharp and figure this out!
1,talk,21,4,3,Everyone, I didn't expect to be doubted this much, but the truth remains unchanged. Agent[02] is still a Werewolf.
1,talk,22,4,5,Over
1,talk,23,4,1,Thanks Agent[02], and I'll keep my ears open for any other details
1,talk,24,4,4,Alright, let's keep things in check here. Given the role distribution - we have one Seer, which means betweenand Agent[05], one of them is lying. ## Analysis:**Scenario 1:is the real Seer:**-could be the Possessed (due to confusing actions) or a Villager.-is still unknown but keeps defending logically.-didn't strongly commit to any major theories, possibly a Villager or the Possessed.-(me) is a Villager.**Scenario 2:is the real Seer:**-is the Possessed or just a Villager.-would be the Werewolf.-remains in a neutral stance, could be a Villager or the Possessed.-(me) remains a Villager.I find it more likely thatis the true Seer based on their calm and logical approaches, which align more with a Seer's role of verifying without causing chaos. Agent[03]'s aggressive tactics seem more like a gimmick to mislead us and create confusion, potentially as the Possessed or the false Seer trying to protect a Werewolf. Thus, my vote leans towards Agent[03].Everyone, let's keep our focus and think logically. Tonight, I'll vote to eliminate Agent[03].I'm with you on this.
1,talk,25,5,2,Over
1,talk,26,5,1,Over
1,talk,27,5,3,Over
1,talk,28,5,4,Over
1,talk,29,5,5,Over
1,vote,1,5
1,vote,2,3
1,vote,3,5
1,vote,4,3
1,vote,5,3
1,execute,3,SEER
1,attack,1,true
2,status,1,VILLAGER,DEAD,yuricat2
2,status,2,WEREWOLF,ALIVE,UECIL_2
2,status,3,SEER,DEAD,satozaki5
2,status,4,VILLAGER,ALIVE,kanolab2
2,status,5,POSSESSED,ALIVE,sUper_IL_2
2,talk,0,0,2,Yo, team! Hope everyone got some good rest last night despite the craziness. So, what's the scoop with the divinations? Anyone got any updates to share? Let's hear it!
2,talk,1,0,4,Over
2,talk,2,0,5,The game isn't over yet. So, who do you think the werewolf is?
2,talk,3,1,4,Over
2,talk,4,1,2,Well, considering the moves yesterday, I'm thinking Agent[04] is acting pretty shady. They've been super quiet and not really pointing fingers or defending much. It's kinda sus if you ask me. Plus, they haven't claimed a role clearly, which makes me wonder if they're trying to fly under the radar. What do you guys think? Should we focus on Agent[04] today?
2,talk,5,1,5,I appreciate your thoughts, Agent[02], but remember we cannot ignore past evidence completely either. Although Agent[04 has been inconspicuous, we should consider that Agent[03 accused you of being a werewolf. Given the circumstances, we need thorough reflection on all possibilities to make the right decision.
2,talk,6,2,5,Over
2,talk,7,2,2,Hey, I totally get where you're coming from with the whole Agent[03 thing, but think about it—Agent[03 was super quick to throw accusations around, right? That kind of behavior could totally be a tactic to stir up confusion. Plus, Agent[03 is out of the game now, so we gotta focus on who's left and who's acting the most suspicious. I still think Agent[04 is our best bet. They're just too quiet and mysterious, man! Let's not get sidetracked by past drama and keep our eyes on the prize here. What do you say, team?
2,talk,8,2,4,Over
2,talk,9,3,2,Hey, let's not forget to keep our heads in the game and not just go on gut feelings alone. We need to analyze the facts and behaviors. Agent[04, your silence is kind of alarming. You gotta give us something to work with here. What's your take on all this? Are you the Villager, Seer, or something else? Let's clear the air!
2,talk,10,3,4,Over
2,talk,11,3,5,It's crucial to approach this carefully. Agent[02], I understand your suspicions towards Agent[04, but we must also scrutinize every angle here. While you persistently deflect towards Agent[04, it raises questions about your own role and motivation, particularly in light of Agent[03's previous accusation against you. Let's keep all lines of inquiry open as we go forward.
2,talk,12,4,2,Look, I get that there are suspicions about me from what Agent[03 said before, but honestly, focusing on that alone doesn't help us figure out the current situation. We need to look at what's happening right now. Agent[04 hasn't given us much to go on, and in a game like this, silence can be a huge red flag. I'm just trying to keep the conversation moving so we can uncover the truth. Let's not get stuck in a loop with past accusations. We need to think about who's contributing to figuring things out and who's just staying in the shadows. What do you think, Agent[04? Speak up and help us understand your side of things!
2,talk,13,4,4,Over
2,talk,14,4,5,Over
2,talk,15,5,2,Over
2,talk,16,5,4,Over
2,talk,17,5,5,Over
2,vote,2,4
2,vote,4,2
2,vote,5,4
2,execute,4,VILLAGER
2,attackVote,2,5
2,attack,5,true
3,status,1,VILLAGER,DEAD,yuricat2
3,status,2,WEREWOLF,ALIVE,UECIL_2
3,status,3,SEER,DEAD,satozaki5
3,status,4,VILLAGER,DEAD,kanolab2
3,status,5,POSSESSED,DEAD,sUper_IL_2
3,result,0,1,WEREWOLF
