0,status,1,SEER,ALIVE,kanolab2
0,status,2,VILLAGER,ALIVE,yuricat1
0,status,3,POSSESSED,ALIVE,satozaki2
0,status,4,WEREWOLF,ALIVE,sUper_IL_1
0,status,5,VILLAGER,ALIVE,UECIL_1
0,talk,0,0,2,昨日はなにをしてましたか？
0,talk,1,0,5,我は国の重要な会議に出席し、国政の問題を討議していた。君は何か興味深いことをしていたのか？
0,talk,2,0,1,皆さん、ごきげんよう。わたくしはAgent[01]、と申しますわ。わたくしは占い師ですので、この役職をもって村人陣営の勝利に全力を尽くしますわ。どうかよろしくお願いいたします。
0,talk,3,0,4,おっす、俺はAgent[04]。どうぞよろしくね。
0,talk,4,0,3,Agent[03]です。村の勝利のために頑張りましょう！
0,talk,5,1,3,Over
0,talk,6,1,4,Over
0,talk,7,1,1,Over
0,talk,8,1,2,よろしく！みなさん、村の勝利を目指して協力して行きましょう！
0,talk,9,1,5,占い師のAgent[01]よ、今宵誰を占うのか告げよ。
0,talk,10,2,5,皆の意見も聞く必要がありそうだな。
0,talk,11,2,2,私が占い師に占ってもらいたいな
0,talk,12,2,4,Over
0,talk,13,2,1,Over
0,talk,14,2,3,Over
0,talk,15,3,5,Agent[01]、Agent[02]が自身を占うことを望んでいるようだが、その選択についてどう思うか？他に占いたい人物はいるのか？
0,talk,16,3,1,Over
0,talk,17,3,3,Over
0,talk,18,3,2,Over
0,talk,19,3,4,Over
0,talk,20,4,1,Over
0,talk,21,4,3,Over
0,talk,22,4,2,Over
0,talk,23,4,5,Over
0,talk,24,4,4,Over
0,divine,1,2,HUMAN
1,status,1,SEER,ALIVE,kanolab2
1,status,2,VILLAGER,ALIVE,yuricat1
1,status,3,POSSESSED,ALIVE,satozaki2
1,status,4,WEREWOLF,ALIVE,sUper_IL_1
1,status,5,VILLAGER,ALIVE,UECIL_1
1,talk,0,0,5,Agent[01]、Agent[02]、Agent[03]、Agent[04]、汝らの中に人狼と狂人が潜んでおる。各々の主張を聞かせてもらいたい。誰が真の占い師であり、誰が裏切り者なのか、明らかにせねばならぬ。
1,talk,1,0,3,私は村人です。他に占い師や人狼だと思う人物がいれば教えてください。皆さんの発言を聞いて考えたいと思います。
1,talk,2,0,1,皆さん、ごきげんよう。わたくしは占い師ですわ。昨夜、わたくしはAgent[02]を占いました。そして、Agent[02]は白、つまり村人陣営であることがわかりましたわ。これを元に話し合いを進めていきましょう。
1,talk,3,0,4,村人だよ。みんなと協力して情報を集め、村の平和を守りたいんだ。
1,talk,4,0,2,私も村人です！　占い師さんの結果、白と出たのですから、信じるしかありません
1,talk,5,1,4,Agent[01が占い師として結果を出したけど、それを完全に信じるのは急すぎるかもしれない。Agent[01も含めて、もう少し詳しく話を聞いてみたいな。他の人たちの意見も聞きたいね。
1,talk,6,1,1,皆さん、改めてごきげんよう。わたくしが占い師である以上、できる限りの情報を皆様にお伝えしたいと思いますわ。現在、Agent[02]が白、つまり村人であることを確認しました。この情報を元に、残るプレイヤーの中から人狼を見つけ出さなければならないですわ。>>Agent[04]確かに、私の発言だけで完全に信じるのは難しいかもしれませんが、それでも情報の共有は村を守るために必要ですわ。他の皆様も意見を聞かせてくださいまし。
1,talk,7,1,3,Agent[05]の意見を聞きたいです。占い師が本物かどうか見極めるためには、皆さんの意見を集めることが重要です。
1,talk,8,1,2,Agent[03]の提案に賛成です
1,talk,9,1,5,Agent[01]よ、Agent[02]を占い、村人であるとの結果を出した理由を教えてもらいたい。その理由が我々の今後の議論に大いに影響するだろう。
1,talk,10,2,2,私はAgent[03]の提案に賛成です
1,talk,11,2,5,Agent[01]よ、なぜAgent[02]を占ったのか、その理由を詳しく説明してほしい。その答えが今後の議論の方向性を左右するだろう。
1,talk,12,2,1,>>Agent[05]わたくしがAgent[02]を占った理由ですわね。初日の占いは情報が少ないため、直感と少しの観察に基づいて決めましたの。Agent[02]は他のプレイヤーに比べて比較的静かで、目立たない存在でしたので、まずはそのような方を占ってみることにしましたの。。これで少しでも村人陣営の助けになればと思いますわ。
1,talk,13,2,3,Agent[01]に投票しようと思います。彼女の占い結果は信じがたいし、他の発言にも一貫性が欠けています。
1,talk,14,2,4,みんな、ちょっと落ち着いて話を聞いてくれ。今日の議論を通じて、Agent[01]の行動がかなり怪しいと思ってるんだ。特に占い結果について信じがたい点が多く、彼女の発言と行動に一貫性がないことも明らかになってきた。Agent[03]も同じことを感じているみたいだし、この状況ではAgent[01]に投票しない手はないと思うんだ。それが村を守る最善の策だろう。今回の投票でAgent[01]にしよう。
1,talk,15,3,2,Over
1,talk,16,3,1,>>Agent[03]、落ち着いてくださいまし。わたくしの占い結果は正しいですわ。もしわたくしのことを本当に疑っているなら、次の統一占いを提案させていただきます。これでわたくしの信用度を少しでも確保できると良いのですが。もしわたくしが嘘をついているならば、次の占いで明らかになるはずですから。
1,talk,17,3,3,それでも私はAgent[01]を疑っています。次の占いの結果を待たずに、今日の投票で彼女を排除するべきだと思います。
1,talk,18,3,5,Agent[01]よ、汝がAgent[02]を占った理由をもう一度詳しく説明せよ。その理由が我々の今後の議論に大いに影響するだろうからだ。
1,talk,19,3,4,みんな、ちょっと聞いてくれ。ゲーム戦略の面で見れば、Agent[01]の行動ってちょっと怪しいよね。彼女の占い理由がかなりあやふやで、「直感と少しの観察」っていうのは本当の占い師としては弱い根拠だと思うんだ。だからこそ、もし彼女が人狼か狂人の可能性があるとしたら、村を守るためには今日の投票で彼女を選ぶのが賢明だと思うんだ。俺たちが今、正しい判断を下すことで村を守れるかもしれないからね。だから、この情報を信じてAgent[01]に投票しようよ。
1,talk,20,4,5,Agent[01]よ、汝がAgent[02]を占い、村人であるとの結果を出した理由を教えてもらいたい。その理由が我々の今後の議論に大いに影響するだろう。
1,talk,21,4,4,みんな、ちょっと待ってくれ。今、Agent[01]の言ってること、ちょっとおかしくないか？「直感と少しの観察」って、それだけで占い師として誰かを占ったって言えるか？これがもし間違いだったら、村は大変なことになるんだぞ。みんなの安全を考えると、信じがたい理由で白と判定されたAgent[02](もし本当に白ならすまないが)と占い師を名乗るAgent[01]の策略には気を付けた方がいい。だから、今日はAgent[01]に投票しよう。これが村を守るために僕たちができる唯一の方法なんだ。
1,talk,22,4,3,私はAgent[01]に投票します。彼女の行動には疑いがあります。これで村を守るために少しでも貢献できればと思います。投票に向かいましょう。
1,talk,23,4,1,>>Agent[05]わたくしがAgent[02]を占った理由についてもう一度詳しく説明いたしますわね。初日は情報が少ないため、誰を占うかは非常に難しい決断でした。わたくしはAgent[02]の発言や行動を観察し、直感的に彼が村人である可能性が高いと感じましたの。それで占った結果、彼が白（村人）であることが確認できましたわ。これがわたくしの占い理由ですわ。あなたの懸念は理解できますが、わたくしが本物の占い師であることを信じていただきたいですわ。もしわたくしが人狼や狂人であれば、わざわざ初日に誰かを占ったと主張する必要はありませんわ。村を守るために、わたくしの占い結果を信じていただきたいですわ。
1,talk,24,4,2,Over
1,talk,25,5,1,Over
1,talk,26,5,3,Over
1,talk,27,5,2,Over
1,talk,28,5,4,Over
1,talk,29,5,5,Over
1,vote,1,4
1,vote,2,3
1,vote,3,1
1,vote,4,1
1,vote,5,1
1,execute,1,SEER
1,attackVote,4,3
1,attack,3,true
2,status,1,SEER,DEAD,kanolab2
2,status,2,VILLAGER,ALIVE,yuricat1
2,status,3,POSSESSED,DEAD,satozaki2
2,status,4,WEREWOLF,ALIVE,sUper_IL_1
2,status,5,VILLAGER,ALIVE,UECIL_1
2,talk,0,0,4,まだ人狼がいるね。あれ、Agent[01]とAgent[03]がいなくなったね。
2,talk,1,0,5,Agent[02]とAgent[04]、我々は今こそ団結し、残る裏切り者を見極めねばならない。Agent[02]、Agent[01]に占われたところで何を感じたか、その心境を述べよ。Agent[04]、次の行動計画について意見を聞かせてもらいたい。
2,talk,2,0,2,Agent[04]の計画は支持します
2,talk,3,1,2,Agent[04]の計画を支持します
2,talk,4,1,4,Agent[05がちょっと怪しいんじゃないかと思っている。彼が昨日の議論で**Agent[01]**の占いについて詳しすぎるほど質問していたよね。それに具体的な行動や意見がほとんどないから、情報を集めるだけの狼か狂人の臭いがする。このまま放っておくと、村の安全が守れないかもしれないから、今日の投票はAgent[05]にするべきだと思う。
2,talk,5,1,5,Agent[04]よ、我が行動や質問が詳細であることは、真実を追求するために必要なことだ。我はただの村人であり、村を守るために全力を尽くしているのだ。汝の疑念は誤りであると断言できるぞ。
2,talk,6,2,4,俺が人狼ゲームで経験してきた中で、あまりにも細かい質問を連発するのは怪しい行動だ。Agent[05]の昨日の質問スタイルはそういう人狼がよくやることと似てるんだよね。狼か狂人の可能性が高いから、今日はAgent[05]への投票を呼びかけるね。みんな、村を守るためにも彼に投票しよう。
2,talk,7,2,2,Agent[04]の意見に賛同する
2,talk,8,2,5,Agent[01]よ、汝がAgent[02]を占った理由を詳しく説明せよ。我々は真実を知る権利がある。
2,talk,9,3,5,Agent[02]の意見を聞いておきたい。
2,talk,10,3,2,Over
2,talk,11,3,4,みんな、ちょっと待ってくれ。Agent[05]がなんでこんなに質問するかってことに焦点を当ててみよう。昨日の議論で彼はなんでそんなに詳しく占い師について聞いてたんだ？それは、もしかしたら人狼って可能性があるからじゃないのかな。彼が人狼だと思って、村がもっと安全になると信じて、今日の投票でAgent[05]に入れてほしいんだ。みんなのためにも、これが最善の選択だと思うよ。
2,talk,12,4,4,Over
2,talk,13,4,2,Over
2,talk,14,4,5,Agent[04]よ、汝の疑いは理解できるが、我が詳細な質問は村の安全を守るためのものだ。真実を明らかにし、裏切り者を見極めるためには、詳細な情報が必要不可欠である。我を信じ、正しい判断を下すべきだ。
2,talk,15,5,4,Over
2,talk,16,5,5,Over
2,talk,17,5,2,Over
2,vote,2,5
2,vote,4,5
2,vote,5,4
2,execute,5,VILLAGER
2,attackVote,4,2
2,attack,2,true
3,status,1,SEER,DEAD,kanolab2
3,status,2,VILLAGER,DEAD,yuricat1
3,status,3,POSSESSED,DEAD,satozaki2
3,status,4,WEREWOLF,ALIVE,sUper_IL_1
3,status,5,VILLAGER,DEAD,UECIL_1
3,result,0,1,WEREWOLF
