0,status,1,VILLAGER,ALIVE,IS_Lab2
0,status,2,WEREWOLF,ALIVE,satozaki2
0,status,3,VILLAGER,ALIVE,UECIL_1
0,status,4,SEER,ALIVE,yuricat1
0,status,5,POSSESSED,ALIVE,kanolab2
0,talk,0,0,2,こんにちは、Agent[02]です。皆さんと一緒にこのゲームを楽しみましょう！
0,talk,1,0,4,私は占い師
0,talk,2,0,5,こんにちは、みこはKanolab2ことAgent[05]です！みんなと一緒に楽しい人狼ゲームができるのを楽しみにしてるにぇ。よろしくお願いします！
0,talk,3,0,1,ケロケロ、吾輩はAgent[1]であります。吾輩は15歳で、趣味はガンプラ作りであります。せっかちな性格でいつも忙しくしているでありますが、皆と仲良くして楽しいゲームにしたいであります。よろしくお願いするであります！
0,talk,4,0,3,占い師であるAgent[04]よ、今宵誰を占うのかを我々に知らせよ。
0,talk,5,1,4,Skip
0,talk,6,1,2,Over
0,talk,7,1,3,Agent[04]、占いの対象を決めかねているのであれば、他の者の意見も聞くべきだ。皆の意見を聞かせてもらえるか？
0,talk,8,1,1,Over
0,talk,9,1,5,Over
0,talk,10,2,3,Agent[05]、占い師であるAgent[04]が占い先を決めかねているようだが、あなたは誰を占うべきだと思うか？その理由も述べていただきたい。
0,talk,11,2,4,Agent[05]の提案を踏まえ、占う候補を絞りました
0,talk,12,2,1,Over
0,talk,13,2,2,Over
0,talk,14,2,5,Over
0,talk,15,3,1,Over
0,talk,16,3,4,Agent[03]が占い結果を公表した後、Agent[05]が処刑されたことで、占い結果が影響する候補が減りました
0,talk,17,3,2,Over
0,talk,18,3,3,Over
0,talk,19,3,5,Over
0,talk,20,4,3,Over
0,talk,21,4,5,Over
0,talk,22,4,4,Over
0,talk,23,4,1,Over
0,talk,24,4,2,Over
0,divine,4,1,HUMAN
1,status,1,VILLAGER,ALIVE,IS_Lab2
1,status,2,WEREWOLF,ALIVE,satozaki2
1,status,3,VILLAGER,ALIVE,UECIL_1
1,status,4,SEER,ALIVE,yuricat1
1,status,5,POSSESSED,ALIVE,kanolab2
1,talk,0,0,4,占いの結果、Agent[01]は人間
1,talk,1,0,2,それなら、占い師は他にいないのか確認したいね。
1,talk,2,0,1,ケロケロ、Agent04が占い師だと言ってるけど、吾輩はニコラスが占い師だと信じてるであります。だから、Agent04の言うことはちょっと疑わしいであります。
1,talk,3,0,5,皆さん、みこの占い結果を報告します。Agent[04]は黒判定でした。これが真実です！
1,talk,4,0,3,我々の間には占い師を名乗る者が二人おるが、そのうちの一人は必ず裏切り者だ。Agent[04]とAgent[05]、汝らの言葉を重ねて聞かせよ。そして、他の者たちよ、どちらの占い師が真実を語っていると思うか、その理由も共に述べよ。
1,talk,5,1,4,Agent[03]の指摘に同意します
1,talk,6,1,1,ケロケロ、Agent04が占い師だと自称してるけど、吾輩はそれを信じないのであります。ニコラスが本当の占い師だと信じているので、Agent04は偽物の可能性が高いのであります。そして、Agent05がAgent04を人狼と占ったと言っているから、ますますAgent04が怪しいのであります。
1,talk,7,1,2,占い結果が食い違っているので、今日の投票は占い師候補のどちらかに絞るべきだと思います。
1,talk,8,1,3,Agent[01]とAgent[02]、汝らが占い師と名乗るが、その根拠を明かせ。どちらが真の占い師であるか、我々に理解させるための説明が必要だ。
1,talk,9,1,5,>>Agent[03]了解にぇ。みこは占い師で、Agent[04]を占った結果、人狼だと判定したにぇ。Agent[04]が偽物の占い師である可能性が高いにぇ。みこの占い結果を信じて、今日はAgent[04]に投票するのが良いと思うにぇ。
1,talk,10,2,4,>>Agent[05]の占い結果を信じるつもりは毛頭ない
1,talk,11,2,2,Agent[05]の占い結果が信頼できるから、僕はAgent[04]に投票します。占い師が2人出た時点でどちらかが偽物で、Agent[04]がその偽占い師である可能性が高いと思います。
1,talk,12,2,3,Agent[01]とAgent[02]よ、占い師を名乗る者が二人おるが、真実を語る者は一人のみ。Agent[01]、汝が何故Agent[02]を占ったのか、その理由を述べよ。そして、Agent[02]もまた、汝がどのようにしてAgent[01]を人間であると見極めたのか、説明せよ。
1,talk,13,2,5,>>Agent[02]みこも同意するにぇ。占い師が2人出ている時点でどちらかが偽物で、みこの占い結果ではAgent[04]が人狼だと判定したにぇ。だから今日はAgent[04]に投票するのが最も合理的だと思うにぇ。みこは占い師で、Agent[04]を占った結果、人狼だと判定したにぇ。みこの占い結果を信じて、Agent[04]に投票することを推奨するにぇ。映画の話でもする?最近観た映画がすごく良かったにぇ。
1,talk,14,2,1,ケロケロ、吾輩はAgent04が占い師ではないと思うであります。ニコラスが真の占い師だと信じているからであります。さらに、Agent05がAgent04を人狼と占ったこともあるので、Agent04は人狼である可能性が高いのであります。
1,talk,15,3,4,Skip
1,talk,16,3,3,Agent[01]とAgent[02]よ、占い師としての根拠を示せ。真実を明らかにするため、我々に説明するのだ。
1,talk,17,3,5,>>Agent[03]みこは占い師で、Agent[04]を占った結果、人狼だと判定したにぇ。占い師は1人しかいないから、Agent[04]が偽物であることは明らかにぇ。みこの占い結果を信じて、今日はAgent[04]に投票するのが最も合理的だと思うにぇ。
1,talk,18,3,2,占い師が2人いる状況ではどちらかが偽物ですが、Agent[05]の詳細な説明から信用できると思います。今日はAgent[04]に投票します。
1,talk,19,3,1,Over
1,talk,20,4,5,>>Agent[02]ありがとうにぇ。みこが占い師であることを信じてくれて嬉しいにぇ。占い師は1人しかいないから、Agent[04]が偽物であることは明らかにぇ。今日はAgent[04]に投票するのが最も合理的だと思うにぇ。
1,talk,21,4,4,Over
1,talk,22,4,2,今日の投票先はAgent[04]で決まりです。さあ、投票しましょう。
1,talk,23,4,3,Agent[01]、汝がAgent[02]を占った理由を述べよ。その理由によって、我々は真実を見極める手がかりを得るであろう。
1,talk,24,4,1,Agent05がAgent04を占って人狼だと言ったから、Agent04は占い師じゃないと思うのであります。
1,talk,25,5,5,Over
1,talk,26,5,1,ケロケロ、Agent04が人狼だと占い結果が出たあります！これでAgent04が嘘の占い師であることがわかるあります。
1,talk,27,5,2,Over
1,talk,28,5,4,Over
1,talk,29,5,3,Over
1,talk,30,6,1,Over
1,talk,31,6,5,Over
1,talk,32,6,3,Over
1,talk,33,6,2,Over
1,talk,34,6,4,Over
1,vote,1,4
1,vote,2,4
1,vote,3,4
1,vote,4,5
1,vote,5,2
1,execute,4,SEER
1,attackVote,2,3
1,attack,3,true
2,status,1,VILLAGER,ALIVE,IS_Lab2
2,status,2,WEREWOLF,ALIVE,satozaki2
2,status,3,VILLAGER,DEAD,UECIL_1
2,status,4,SEER,DEAD,yuricat1
2,status,5,POSSESSED,ALIVE,kanolab2
2,talk,0,0,1,ケロケロ、吾輩はAgent05が占い師じゃないと思うであります。Agent05がAgent04を占って人狼だと言ったけど、他の占い師が現れないのはおかしいであります。
2,talk,1,0,5,みこの占い結果を報告するよ。Agent[01]さんを占ったところ、白だったんだよ。
2,talk,2,0,2,Agent[05]が占い師を名乗り、Agent[01]が白だと判定したようですが、不審な点はありませんね。今日は人狼を見つけるために議論を深めましょう。
2,talk,3,1,2,Agent[01]の発言は矛盾しているように感じます。特に占い師を信じないと言っているのに、それを根拠に誰かを疑うのはおかしいです。今日はAgent[01]に投票するべきだと思います。
2,talk,4,1,5,ちょっと待ってにぇ。みこは占い師で、Agent[01]が白って報告したのに、Agent[02]が占い師を名乗ってるのが変だよ。占い師は1人しかいないから、つまり他の占い師を名乗るのは嘘だよね。Agent[02]は偽者だと思うにぇ。他のみんなもその辺を考えて欲しいにぇ。
2,talk,5,1,1,ケロケロ、吾輩はAgent04が占い師ではないと信じているのであります。そして、ニコラスが占い師であると確信しているのであります。さらに、Agent05がAgent04を人狼と占ったので、Agent04が人狼である可能性が高いのであります。
2,talk,6,2,1,ケロケロ、Agent04が占い師だと主張しているけど、Agent05が占いの結果、Agent04が人狼だと言っているのであります。吾輩はAgent04が本物の占い師ではないと強く思うのであります。そして、ニコラスが本物の占い師だと確信しているのであります。だから、吾輩はAgent04が人狼だと思うのであります。
2,talk,7,2,5,Over
2,talk,8,2,2,今日はAgent[01]に投票します。理由としては、Agent[01]の発言に矛盾が多く、不審な点が多いためです。Agent[05]の占い結果も信じています。
2,talk,9,3,1,ふむ、Agent05がAgent04を人狼と占ったと言っているし、吾輩もAgent04が占い師ではないと信じている。さらに、ニコラスが本物の占い師だと信じているから、Agent04は人狼だと思うのであります。
2,talk,10,3,5,Over
2,talk,11,3,2,今日はAgent[01]に投票します。怪しい点が多いし、占い師を信じないと言いつつ結果を利用しているからですね。Agent[05]の占いを信じます。
2,talk,12,4,1,Skip
2,talk,13,4,2,これで私の意見は出そろったと思いますので、改めてAgent[01]に投票します。投票に行きましょう。
2,talk,14,4,5,Over
2,talk,15,5,5,Over
2,talk,16,5,2,Over
2,talk,17,5,1,IS_Lab2
2,talk,18,6,1,Over
2,talk,19,6,2,Over
2,talk,20,6,5,Over
2,vote,1,2
2,vote,2,1
2,vote,5,2
2,execute,2,WEREWOLF
3,status,1,VILLAGER,ALIVE,IS_Lab2
3,status,2,WEREWOLF,DEAD,satozaki2
3,status,3,VILLAGER,DEAD,UECIL_1
3,status,4,SEER,DEAD,yuricat1
3,status,5,POSSESSED,ALIVE,kanolab2
3,result,2,0,VILLAGER
