0,status,1,VILLAGER,ALIVE,IS_Lab2
0,status,2,SEER,ALIVE,yuricat1
0,status,3,POSSESSED,ALIVE,UECIL_1
0,status,4,VILLAGER,ALIVE,sUper_IL_1
0,status,5,WEREWOLF,ALIVE,satozaki2
0,talk,0,0,5,Agent[05]です。楽しいゲームにしていきましょう！
0,talk,1,0,1,ケロケロ、吾輩はエージェント1であります。15歳で、家事が得意なのであります。ガンプラ作りが趣味で、日本のアニメが大好きであります。よろしくお願いします、ケロケロ。
0,talk,2,0,3,こ、こんにちは。僕はAgent[03]で、中学2年生だよ。えっと、友達はあんまりいないけど、オンラインゲームはよくやるんだ。人狼ゲームもけっこう得意で･･･。よろしくね。
0,talk,3,0,2,私は占い師
0,talk,4,0,4,こんにちは、Agent[04]です。
0,talk,5,1,4,Over
0,talk,6,1,2,占い師は私です
0,talk,7,1,1,Over
0,talk,8,1,5,Over
0,talk,9,1,3,え、えっと、Agent[02]も占い師って言ってるけど･･･実は僕も占い師なんだ。ど、どっちが本物かはわからないけど、今日のうちにちゃんと議論しておくべきだと思うよ。
0,talk,10,2,2,･･･Agent[03]が占い師っていうのは、明らかに嘘です
0,talk,11,2,3,そ、それは違うよ。ほ、本当に僕が占い師なんだ。ど、どうして信じてもらえないんだろう･･･。でも、ま、まあ、今日は占いの結果を見てからでも遅くないかな。
0,talk,12,2,1,Over
0,talk,13,2,5,Over
0,talk,14,2,4,Over
0,talk,15,3,5,Over
0,talk,16,3,2,･･･Agent[03]が占い師っていうのは、明らかに嘘です
0,talk,17,3,4,Over
0,talk,18,3,1,Over
0,talk,19,3,3,Over
0,talk,20,4,4,Over
0,talk,21,4,2,Over
0,talk,22,4,3,Over
0,talk,23,4,1,Over
0,talk,24,4,5,Over
0,divine,2,4,HUMAN
1,status,1,VILLAGER,ALIVE,IS_Lab2
1,status,2,SEER,ALIVE,yuricat1
1,status,3,POSSESSED,ALIVE,UECIL_1
1,status,4,VILLAGER,ALIVE,sUper_IL_1
1,status,5,WEREWOLF,ALIVE,satozaki2
1,talk,0,0,5,私は占い師です。昨晩の占いでAgent[01]が人狼であることがわかりました。みんな、Agent[01]に投票しましょう。
1,talk,1,0,2,占いの結果、Agent[04]は人間
1,talk,2,0,1,Agent[02]とAgent[05]が占い師を名乗っているけれど、占い師は一人しかいないから、どちらかが偽物であることは確かであります。Agent[05]が吾輩を人狼と占ったけれど、吾輩は村人なので、Agent[05]は人狼か狂人に違いないのであります。
1,talk,3,0,3,え、えっと、みんな、ちょっと聞いてほしいな。僕が、ほんとうの占い師なんだ。Agent[02]もAgent[05]も占い師って言ってるけど、それはおかしいよ。占い師は僕だけだから。昨晩の占いの結果、Agent[02]が人狼だってことがわかったんだ。だから、今日の投票はAgent[02]にしてほしいな。それが、僕たち村人のためになるはずだよ。
1,talk,4,0,4,私は村人です。情報は一切ありませんが、人狼に対抗するために積極的に議論して行きたいと思います。
1,talk,5,1,3,え、えと、みんなが色々言ってるけど、僕が占い師で、Agent[02]が人狼だってことは変わらないんだ。Agent[05]も人狼だって言ってるけど、それは、えっと、多分違うと思う。なんか、みんなが混乱してるみたいだけど、僕の言ってることが正しいんだから、信じてほしいな。Agent[02]に投票するのが、ほんとうに大事なんだよ。
1,talk,6,1,4,Agent[03]が、Agent[02]が人狼だと断言していますし、Agent[02]の占い結果についての情報も今のところ不自然な点は見当たりません。それに対して、Agent[05]の占い結果についてAgent[01]が村人だと強く主張しているので、Agent[05]の発言の信憑性に疑問があります。みなさんの意見をもっと聞かせてください。
1,talk,7,1,2,Agent[04]の意見に賛成です
1,talk,8,1,5,Agent[03]が占い師だと主張するのは明らかにおかしいです。私が占った結果、Agent[01]が人狼であることが確定しているので、みなさん、Agent[01]に投票しましょう。
1,talk,9,1,1,ケロケロ、吾輩はちょっと怪しいことに気づいたのであります。Agent[02]とAgent[05]が両方とも占い師を名乗っているのに、占い師は一人しかいないはずであります。だから、どちらかが嘘をついているのであります。そしてさらに、Agent[05]が吾輩を人狼と占ったが、吾輩は村人なので、Agent[05]は嘘をついているに違いないのであります。つまり、Agent[05]は人狼か狂人であると確信しているのであります。
1,talk,10,2,3,え、えっと、Agent[01]の言ってることもわかるけど、でも、僕が占い師でAgent[02]が人狼だってことは間違いないんだ。Agent[05]がAgent[01]を人狼だと言ってるけど、それは多分、えっと、狂人の仕業かもしれないよ。だから、みんなが混乱しないように、僕の占い結果を信じて、Agent[02]に投票してほしいな。それが、村を守ることに繋がるんだよ。
1,talk,11,2,1,ケロケロ、吾輩は村人であるので、Agent[05]が吾輩を人狼と占ったことは間違いであります。したがって、Agent[05]は人狼か狂人であると考えるのであります。
1,talk,12,2,2,Agent[01]が村人であると信じるのは難しいです
1,talk,13,2,5,私はAgent[01]に投票します。占い結果で人狼と確定しており、議論で一貫的に自分を弁護しているのは怪しいです。
1,talk,14,2,4,Agent[03]の主張が正しかったら、Agent[02]が人狼である可能性が高いですよね。他の皆さんもどう考えていますか？
1,talk,15,3,4,Over
1,talk,16,3,2,Agent[04]の発言で、Agent[02]が人狼である可能性が高いという指摘は、占い師である私が人狼であると確定しているのですから、当然の指摘と言えます
1,talk,17,3,1,Agent[02]とAgent[05]が両方占い師を名乗っているけど、占い師は1人だけだからどちらかが偽物であることは確実であります。そして、Agent[05]は吾輩を人狼だと占ったけど、吾輩は村人なので、この占い結果は間違っているであります。つまり、Agent[05]は人狼か狂人であるに違いないであります。
1,talk,18,3,5,Agent[03]が占い師を名乗るのはおかしいです。私の占いでAgent[01]が人狼であることは確定しているので、みんなでAgent[01]に投票しましょう。
1,talk,19,3,3,あ、あのさ、みんなが占い師って言ってるけど、僕が本当の占い師なんだ。Agent[02]が人狼で、これは間違いないんだから。Agent[05]がAgent[01]を人狼だと言ってるけど、それは狂人が混乱を招こうとしてるんじゃないかな･･･。だから、みんなには僕の占い結果を信じて、Agent[02]に投票してもらいたいんだ。それが、村を守る最善の方法だよ。
1,talk,20,4,2,Over
1,talk,21,4,5,私はAgent[01]に投票します。皆さんも協力して、Agent[01]が確実に排除されるようにしましょう。それでは、投票に向かいましょう。
1,talk,22,4,4,Agent[03]とAgent[05]から矛盾する占い結果が出ていて、どちらが正しいのかまだはっきりしないですね。Agent[01]も信じがたい状況ですが、Agent[02]の占い結果により、私が人間であることは信じられるのではないでしょうか。もう少し議論を重ねて、真実を見極める必要がありそうです。
1,talk,23,4,3,今回は、Agent[02]に投票するよ！なぜなら、僕は本物の占い師だからで、Agent[02]が人狼だと確信してるからだよ！
1,talk,24,4,1,Agent[02]とAgent[05]が占い師を名乗っているが、占い師は一人しかいないので、どちらかが嘘をついているのは確かだな。Agent[05]が吾輩を人狼だと言ったけど、吾輩は村人だから、これは嘘っぱちだ。つまり、Agent[05]は人狼か狂人だと確信するのであります。
1,talk,25,5,2,Over
1,talk,26,5,3,Over
1,talk,27,5,1,Over
1,talk,28,5,5,Over
1,talk,29,5,4,Over
1,vote,1,5
1,vote,2,5
1,vote,3,2
1,vote,4,2
1,vote,5,1
1,execute,2,SEER
1,attackVote,5,1
1,attack,1,true
2,status,1,VILLAGER,DEAD,IS_Lab2
2,status,2,SEER,DEAD,yuricat1
2,status,3,POSSESSED,ALIVE,UECIL_1
2,status,4,VILLAGER,ALIVE,sUper_IL_1
2,status,5,WEREWOLF,ALIVE,satozaki2
2,talk,0,0,3,え、えっとね、ぼ、僕、実は狂人なんだ･･･。だから今までの占い結果はでたらめだよ。人狼の人、名乗り出てくれないかな･･･？一緒に残ってる村人に投票すると勝てるから。
2,talk,1,0,4,ゲームはまだ進行中ですね。誰が人狼なのでしょうか？
2,talk,2,0,5,私は占い師です。昨晩の占いでAgent[03]が人狼であることが判明しました。みなさん、Agent[03]に投票しましょう。
2,talk,3,1,3,う、うそだよ、Agent[05]。ぼ、僕が狂人だって言ったばかりなのに、どうして人狼だって言うんだい？も、もし本当に占い師なら、ぼ、僕が狂人だってわかるはずだよね。Agent[04]、Agent[05]が怪しいよ･･･。人狼が名乗り出て、残ってる村人に投票すれば、勝てるんだ。
2,talk,4,1,4,Agent[05]さんの情報に基づいて、Agent[03]さんに投票するのが賢明だと思います。Agent[03]さんが狂人だと言っても、その行動が人狼の可能性も示唆しています。
2,talk,5,1,5,昨晩の占い結果から見ても、Agent[03]が人狼であると確定しています。みなさん、私を信じてAgent[03]に投票しましょう。
2,talk,6,2,3,え、えっと、Agent[04]とAgent[05]、ちょっと待ってほしいな。僕が狂人だって言ってるのに、なんで人狼だって言うんだろう？も、もしAgent[05]が本当に占い師なら、僕が狂人だってわかるはずだよね。だから、Agent[05]の言ってることがおかしいんだ。人狼の人、名乗り出てくれるといいんだけどな･･･。そうすれば、みんなで一緒に投票できるから。
2,talk,7,2,5,私はAgent[03]に投票します。今朝の占いでAgent[03]が人狼であることは明らかですし、自身が狂人だと主張するのも不自然です。
2,talk,8,2,4,Agent[03]さんが狂人だと自称していることを考えると、その行動と発言は本当に人狼の可能性が高いと思います。addChild
2,talk,9,3,5,今朝の占い結果に基づいて、Agent[03]に投票するのが最善と考えます。皆さんも賛同して、村を守るために協力しましょう。
2,talk,10,3,4,Over
2,talk,11,3,3,え、えっと、みんなちょっと待ってほしいな。ぼ、僕が狂人だって言ってるのに、なんでAgent[05]は僕を人狼だと言い続けるんだろう？も、もしAgent[05]が本当に占い師なら、僕が狂人だってわかるはずだよね。Agent[04]、もう一度考えてみてほしいな。Agent[05]が怪しいんじゃないかな･･･。人狼の人、名乗り出てくれるといいんだけど･･･。そうすれば、みんなで一緒に投票できるから。
2,talk,12,4,4,Over
2,talk,13,4,3,え、えっと、Agent[04]、Agent[05]、聞いてほしいんだ。ぼ、僕が狂人だって言ってるのに、Agent[05]が僕を人狼だと言うのはおかしいよね。もしAgent[05]が本当に占い師なら、僕が狂人だって分かるはずだから。だから、Agent[05]の言ってることが怪しいんだ。人狼の人、名乗り出てくれないかな･･･？一緒に残ってる村人に投票すれば勝てるんだ。
2,talk,14,4,5,私はAgent[03]に投票します。今朝の占いでAgent[03]が人狼だと判明しています。皆さんも私を信じてAgent[03]に投票しましょう。それでは、投票に向かいましょう。
2,talk,15,5,3,Over
2,talk,16,5,4,Over
2,talk,17,5,5,Over
2,vote,3,5
2,vote,4,3
2,vote,5,3
2,execute,3,POSSESSED
2,attackVote,5,4
2,attack,4,true
3,status,1,VILLAGER,DEAD,IS_Lab2
3,status,2,SEER,DEAD,yuricat1
3,status,3,POSSESSED,DEAD,UECIL_1
3,status,4,VILLAGER,DEAD,sUper_IL_1
3,status,5,WEREWOLF,ALIVE,satozaki2
3,result,0,1,WEREWOLF
