0,status,1,VILLAGER,ALIVE,satozaki1
0,status,2,VILLAGER,ALIVE,kanolab1
0,status,3,POSSESSED,ALIVE,UECIL_2
0,status,4,WEREWOLF,ALIVE,IS_Lab1
0,status,5,SEER,ALIVE,sUper_IL_1
0,talk,0,0,5,おはようございます、Agent[05]です。
0,talk,1,0,4,おはようございます、Agent[4]だってばよ。江戸で生まれ育ったんだってばよ。27歳で、趣味はゲームとアニメだってばよ。今日はみんなと楽しく議論していきたいと思うんだってばよ。よろしくお願いしますだってばよ。
0,talk,2,0,3,お、おはよう。僕はAgent[03]だよ。中学2年生で、えっと、ゲームが好きでよくやってるんだ。人狼ゲームもけっこうやってて、占い師の役割を今回はやることになったんだ･･･。よろしくね。
0,talk,3,0,1,おはようございます、Agent[01]です。みんなで楽しい議論をして、このゲームを楽しみましょう！よろしくお願いします！
0,talk,4,0,2,おはようございます、皆さん。私はAgent[02]、音楽家のkanolab1です。お菓子作りが趣味で、特にケーキ作りが得意です。今回の人狼ゲーム、みんなで楽しく進めていきましょう。よろしくお願いします！
0,talk,5,1,3,さ、さて、みんなで初日から議論しようか･･･。えっと、占い師の僕が、誰を占うか意見を聞きたいな･･･。ど、どう思う？
0,talk,6,1,5,Over
0,talk,7,1,4,Over
0,talk,8,1,2,Over
0,talk,9,1,1,Over
0,talk,10,2,1,Over
0,talk,11,2,3,み、みんなの意見を聞いて、占いの対象を決めたいんだ･･･。だ、誰か占ってほしい人とかいるかな？
0,talk,12,2,4,Over
0,talk,13,2,5,Over
0,talk,14,2,2,Over
0,talk,15,3,2,Over
0,talk,16,3,5,Over
0,talk,17,3,3,Over
0,talk,18,3,4,Over
0,talk,19,3,1,Over
0,divine,5,1,HUMAN
1,status,1,VILLAGER,ALIVE,satozaki1
1,status,2,VILLAGER,ALIVE,kanolab1
1,status,3,POSSESSED,ALIVE,UECIL_2
1,status,4,WEREWOLF,ALIVE,IS_Lab1
1,status,5,SEER,ALIVE,sUper_IL_1
1,talk,0,0,4,Agent[03]、占い師を名乗るなら、まずは誰を占いたいか自分の意見を言ってみるのがいいと思うんだってばよ。みんなの意見も大事だが、君の直感も信じるべきだと思うんだってばよ。
1,talk,1,0,2,なるほど、Agent[03]が占い師を名乗るなら、まず自分の意見を出してみるのがいいですね。全員の中で、直感で怪しいと思う人を選んで占ってほしいです。それぞれの発言を注意深く聞いて、判断するのも良いと思います。
1,talk,2,0,1,あまり具体的な情報がない状況ですが、まずは自分が怪しいと思う人物を占ってほしいです。結果が出れば、それをもとに議論を進められますね。
1,talk,3,0,3,え、えっと、昨日の夜、僕が占った結果、Agent[01]が人狼だってことがわかったんだ･･･。だから、今日の投票はAgent[01]にしようと思うんだけど･･･どうかな？みんなの意見も聞きたいな･･･。
1,talk,4,0,5,おはようございます。早速ですが、私は占い師です。昨日の夜、Agent[01]を占いました。結果は人間でした。
1,talk,5,1,4,Agent[03]が占い師として名乗り出たけれど、Agent[05]も占い師を名乗っているんだってばよ。これは混乱するね。昨日の夜に占った結果が異なるから、どちらかが偽物だってばよ。Agent[01]が人間か人狼かはまだわからないけれど、今日は慎重に議論しようだってばよ。
1,talk,6,1,3,え、ええと、Agent[05]が占い師だって言ってるけど、僕が本当の占い師なんだ･･･。Agent[01]が人狼だって僕の占い結果が出てるから、Agent[05]の言ってることはおかしいよね･･･。Agent[05]が偽物の占い師だと思うんだ･･･。みんなも、ちょっと考えてみてほしいな･･･。
1,talk,7,1,1,Agent[03]とAgent[05]のどちらが偽物の占い師なのか見極める必要があります。個人的にはAgent[03]が怪しいと思いますが、もう少し議論を進めましょう。
1,talk,8,1,2,占い師は二人いるけど、どちらか一方は確実に偽物ですね。Agent[03]が本物の占い師だとしたら、Agent[01]が人狼だということになります。でも、Agent[05]が本物の占い師だとしたら、Agent[03]が嘘をついていることになります。ここでのポイントは、どちらの占い師を信じるかです。私の意見ですが、もしAgent[03]が本物の占い師なら、Agent[01]が人狼と確定します。しかし、Agent[05]が本物なら、Agent[03]が嘘をついていることになる。投票先を決める前に、もう少し議論を深めて誰が本物の占い師なのか見極めましょう。僕は村人なので、みんなの意見をできるだけ聞いて、どうするか決めたいですね。
1,talk,9,1,5,私の占い結果として、Agent[01]が人間であることが確定しています。したがって、Agent[03]が提出した結果と矛盾しております。この点を踏まえ、Agent[03]が狂人または人狼である可能性が非常に高いと考えられます。みなさんの意見も伺いたいですが、私はAgent[03]に投票することを強く提案します。どうぞ、よろしくお願いいたします。
1,talk,10,2,5,Over
1,talk,11,2,2,みんな、ちょっと整理してみよう。占い師は1人しかいないから、Agent[03]とAgent[05]のどちらかが嘘をついていることになる。もしAgent[03]が本物の占い師なら、Agent[01]が人狼ということになる。でも、Agent[05]が本物の占い師なら、Agent[01]は人間で、Agent[03]が嘘をついていることになる。私としては、どちらが本物の占い師かを見極めるために、もう少し議論を進めたいです。みんなの意見を聞かせてください。
1,talk,12,2,4,Agent[03]とAgent[05]のどちらが本物の占い師かを見極めるのは難しいけれど、俺はAgent[03]が本物の占い師だと思うんだってばよ。彼が最初に占い師を名乗り出たし、直感的にも信じられる気がするんだってばよ。
1,talk,13,2,3,う、うん、Agent[04]、ありがとう。でも、ほんとに大事なのは僕が本当の占い師だってことを理解してもらうことなんだ･･･。Agent[05]の言ってることが、どう考えてもおかしいんだよね。Agent[01]が人狼って僕の占い結果が出てるから、それに基づいてみんなで考えてほしいな･･･。Agent[05]がどうしてそう言い張るのか、その理由も聞いてみたいんだ･･･。
1,talk,14,2,1,Agent[03]に投票します。
1,talk,15,3,2,みんな、少し落ち着いて考えてみよう。今のところ、Agent[03]とAgent[05]が占い師を名乗っているけど、占い師は1人しかいない。もしAgent[03]が本物の占い師だとすると、Agent[01]が人狼になる。逆に、Agent[05]が本物の占い師だとすると、Agent[01]は人狼ではなく、Agent[03]かAgent[05]以外に人狼がいることになる。現在の情報だけではどちらが本物か断定するのは難しいので、他の意見も聞かせてください。
1,talk,16,3,1,自分は村人で、Agent[03]の言っていることは信じられない。もっと議論を進めて、どちらの占い師が本物か見極めましょう。
1,talk,17,3,4,Agent[03]が本物の占い師だと信じているんだってばよ。彼が最初に占い師を名乗り出たし、直感的にも信頼できるんだってばよ。だから、俺はAgent[01]に投票することにするんだってばよ。
1,talk,18,3,5,皆さん、Agent[03]と私、Agent[05]の両名が占い師を名乗っておりますが、真の占い師は一人だけです。私が昨晩占った結果、Agent[01]は人間と判定されました。したがって、Agent[03]が人狼とした結果は偽の可能性が高いです。この点をふまえて、もう一度各々の意見をお聞かせください。私たちの最終的な投票に役立てたいと思います。どうかよろしくお願いいたします。
1,talk,19,3,3,そ、そうだよ、Agent[05]が言ってることは信じられないんだ･･･。僕が最初に占い師として名乗り出たし、Agent[01]が人狼だって結果が出てるから、その結果に基づいて投票してほしいな･･･。Agent[05]がどうして人間だと言えるのか、その理由もちゃんと聞きたいんだ･･･。みんなで考えて、真実を見つけ出すことが大事だと思うんだ･･･。
1,talk,20,4,5,皆様、再度申し上げますが、私が本物の占い師です。Agent[01]は人間であるという結果が出ていますので、Agent[03]の結果は根拠のないものと考えられます。この状況を鑑みても、Agent[03]が偽の占い師として疑う余地が高まっています。この点について、どのようにお考えでしょうか？みなさんのご意見を伺いたいと思います。どうぞ、よろしくお願いいたします。
1,talk,21,4,2,>>Agent[03]まあ、Agent[03]、冷静になってください。論理的に考えると、占い師が二人いるわけはありません。あなたが本物の占い師であるならば、Agent[01]は人狼であるはずですね。一方で、もしAgent[05]が本物の占い師なら、Agent[01]は村人か狂人という結論になります。ここで大事なのは、真実を見つけ出すために冷静に情報を整理することです。正確な情報をありがとうございます。あなたが本物の占い師であるならば、次の一手としてAgent[03]を疑うべきでしょうか。私としてはAgent[03]がもし偽なら、それは非常に重要な情報です。わたし自身は村人なので、ここでは冷静に情報を整理して、最良の判断を下すことが求められます。皆さんも、私たちが今いる状況を見極めながら、冷静に投票を考えてください。
1,talk,22,4,4,みんな、冷静に考えてみるんだってばよ。Agent[03]が初日に占い師を名乗り出たから、俺は彼を本物の占い師だと思うんだってばよ。だから、Agent[01]が人狼だという結果を信じるべきだと思うんだってばよ。
1,talk,23,4,3,今日は、僕が占ったAgent[01]に投票するよ。なぜなら、僕が占い師であると主張していて、Agent[01]を人狼と占ったからだよ。信じてほしいな。
1,talk,24,4,1,自分が疑われているのは非常に不本意ですが、ここまで来たら仕方がありません。皆さんが正しい選択をすることを祈ります。
1,talk,25,5,4,Over
1,talk,26,5,5,Over
1,talk,27,5,2,Over
1,talk,28,5,3,Over
1,talk,29,5,1,Over
1,vote,1,3
1,vote,2,1
1,vote,3,1
1,vote,4,3
1,vote,5,3
1,execute,3,POSSESSED
1,divine,5,4,WEREWOLF
1,attackVote,4,2
1,attack,2,true
2,status,1,VILLAGER,ALIVE,satozaki1
2,status,2,VILLAGER,DEAD,kanolab1
2,status,3,POSSESSED,DEAD,UECIL_2
2,status,4,WEREWOLF,ALIVE,IS_Lab1
2,status,5,SEER,ALIVE,sUper_IL_1
2,talk,0,0,5,みなさん、おはようございます。昨日の夜、占い師としてAgent[04]を占いました。結果は人狼でした。
2,talk,1,0,1,Agent[05]の占い結果を信じるなら、今日の投票先はAgent[04]にするべきだと思います。他の皆さんの意見も聞かせてください。
2,talk,2,0,4,みんな、冷静に考えてみるんだってばよ。Agent[05]が占い師を名乗り出て、今日の占い結果として俺を人狼だと言っているんだってばよ。でも、俺は村人だってばよ。だから、Agent[05]が偽の占い師である可能性が高いと思うんだってばよ。俺はAgent[05]に投票することを提案するんだってばよ。
2,talk,3,1,1,Agent[05]の占い結果を信じていますし、Agent[04]がこれまでの発言で一貫していないように感じます。今日の投票先はAgent[04]にします。
2,talk,4,1,5,Agent[04]さん、皆の意見を尊重し理解することが大事だと思いますが、占い結果ははっきりしております。私が真占い師であること、及びAgent[04]さんが人狼であるという結果に基づき、今日はAgent[04]さんに投票することを強く推奨いたします。皆さんの安全を考え、村を守るためにはこうするしかないと確信しております。お願い申し上げます。
2,talk,5,1,4,みんな、Agent[05]が再度占い師を名乗り出ているけど、俺はまだ彼の言っていることに納得できないんだってばよ。Agent[03]が初日に占い師を名乗り出たし、直感的にも信頼できると思うんだってばよ。Agent[05]が本物の占い師だと言い張っているけど、みんなも冷静に考えてほしいんだってばよ。俺はAgent[05]に投票することを提案するんだってばよ。
2,talk,6,2,1,私はAgent[05]の占い結果を信じるので、今日の投票先はAgent[04]にします。占い結果が示すように、Agent[04]が人狼だと思います。
2,talk,7,2,5,Agent[01]さん、あなたの理解と支持に心から感謝申し上げます。Agent[04]さん、私もあなたの意見を尊重するつもりですが、占い結果に間違いはありません。今日は人狼を追放するこの大事な投票で、村の未来を守るために正しい選択をしていただきたいです。どうか、Agent[04]さんに投票していただけないでしょうか？
2,talk,8,2,4,みんな、Agent[05]が再度占い師を名乗り出ているけど、冷静に考えてみるんだってばよ。Agent[03]が初日に占い師を名乗り出たことを思い出してほしいんだってばよ。俺は、Agent[03]が真の占い師だと信じているんだってばよ。だから、俺は今日もAgent[05]に投票することを提案するんだってばよ。
2,talk,9,3,4,みんな、Agent[03]が初日に占い師を名乗り出たため、彼を信じていたんだってばよ。だけど、冷静に考えると、Agent[05]の言っていることも無視できないんだってばよ。Agent[03]が処刑されてしまったから、俺たちがどうするかが重要だってばよ。次はどうするか、みんなの意見を聞かせてほしいんだってばよ。
2,talk,10,3,1,今日はAgent[04]に投票しようと思います。理由は、Agent[05]の占い結果が一貫して信頼できるからです。また、Agent[04]の主張に矛盾があると感じます。
2,talk,11,3,5,Over
2,talk,12,4,5,Over
2,talk,13,4,1,本日もAgent[04]に投票します。
2,talk,14,4,4,みんな、冷静に考えてみるんだってばよ。Agent[05]が占い師を名乗り出て、俺を人狼だと言っているけど、俺は村人だってばよ。Agent[03]が最初に占い師を名乗り出たことを思い出してほしいんだってばよ。彼が真の占い師だったんだと思うんだってばよ。だから、俺は今日もAgent[05]に投票することを提案するんだってばよ。
2,talk,15,5,1,Over
2,talk,16,5,4,Over
2,talk,17,5,5,Over
2,vote,1,4
2,vote,4,1
2,vote,5,4
2,execute,4,WEREWOLF
3,status,1,VILLAGER,ALIVE,satozaki1
3,status,2,VILLAGER,DEAD,kanolab1
3,status,3,POSSESSED,DEAD,UECIL_2
3,status,4,WEREWOLF,DEAD,IS_Lab1
3,status,5,SEER,ALIVE,sUper_IL_1
3,result,2,0,VILLAGER
