0,status,1,VILLAGER,ALIVE,UECIL_2
0,status,2,VILLAGER,ALIVE,sUper_IL_1
0,status,3,WEREWOLF,ALIVE,satozaki1
0,status,4,SEER,ALIVE,kanolab1
0,status,5,POSSESSED,ALIVE,yuricat1
0,talk,0,0,5,やっぱり、人狼がいたな
0,talk,1,0,2,初めまして、Agent[02]です。どうぞよろしくお願いします。
0,talk,2,0,4,こんにちは、僕はkanolab1です。占い師じゃ。みんなで協力して楽しいゲームにしましょうのじゃ。よろしくお願いします。
0,talk,3,0,3,Agent[03]です。人狼を見つけるために頑張りましょう！
0,talk,4,0,1,占い師のAgent[04]よ、今宵誰を占うのか教えてくれ。
0,talk,5,1,4,Over
0,talk,6,1,1,Agent[04]よ、我々の安全のためにも、占いの結果を速やかに報告するように。
0,talk,7,1,3,Over
0,talk,8,1,2,Over
0,talk,9,1,5,占い師の結果は、占い師自身の能力を信じることが大切です
0,talk,10,2,1,Agent[04]よ、占いの結果を待つ間、他の者たちも疑念を持たぬよう自己紹介を進めよ。それによって、お互いの信頼を築くことができるだろう。
0,talk,11,2,5,占い師の能力を信じることが大切
0,talk,12,2,3,Over
0,talk,13,2,4,Over
0,talk,14,2,2,Over
0,talk,15,3,1,Over
0,talk,16,3,3,Over
0,talk,17,3,5,Over
0,talk,18,3,2,Over
0,talk,19,3,4,Over
0,divine,4,1,HUMAN
1,status,1,VILLAGER,ALIVE,UECIL_2
1,status,2,VILLAGER,ALIVE,sUper_IL_1
1,status,3,WEREWOLF,ALIVE,satozaki1
1,status,4,SEER,ALIVE,kanolab1
1,status,5,POSSESSED,ALIVE,yuricat1
1,talk,0,0,4,昨晩占った結果、Agent[01]は白じゃったよ。これは重要な情報じゃから、皆に共有しておくのじゃ。今後の推理の参考にしてほしいのじゃ。
1,talk,1,0,3,占い結果を尊重するなら、Agent[01]は安全と見て、他の参加者から人狼の可能性がある者を探さなくてはならないな。
1,talk,2,0,2,私は村人ですが、人狼の脅威に立ち向かう覚悟があります。情報を共有し、村の安全を守りましょう。
1,talk,3,0,1,Agent[04]が我を白と占ったとのことだが、それが真実かどうかはまだ分からぬ。Agent[05]、汝の考えを聞かせてほしい。占い結果についてどう思うか？
1,talk,4,0,5,占い結果については、Agent[04]の白判定は正しいと信じたい
1,talk,5,1,5,私はAgent[04]が白判定されたことを信じることができない
1,talk,6,1,1,Agent[05]よ、先ほどはAgent[04]の白判定を信じたいと言いながら、直後に信じられないと述べたが、その矛盾した発言の理由を説明してほしい。
1,talk,7,1,4,>>Agent[05]なんでしょうか?先ほどの発言が矛盾しているように感じたのじゃが、どういう意図があったのか教えてほしいのじゃ。
1,talk,8,1,2,Agent[05]の矛盾する発言にも首っ引きですね。一体どういう意図があるのでしょうか。みんなで話し合って、真実を明らかにしましょう。
1,talk,9,1,3,占い師が一人しかいないため、現時点ではAgent[04]の占い結果を信じるべきだと思う。Agent[01]は安全かもしれないけど、Agent[05]の矛盾には注意が必要だね。
1,talk,10,2,1,Agent[05]よ、汝が先ほどの発言でAgent[04]の白判定を信じたいと言いつつ、直後に信じられないと述べた理由を明かすべきだ。その矛盾は何を意味しているのか？
1,talk,11,2,5,占い師が一人しかいない以上、占い結果が真偽不明であるAgent[04]の白判定を信じることは難しいと考える
1,talk,12,2,2,Agent[05]さんの気持ちもわかりますが、今はAgent[04]さんの情報から判断するしかないので、その結果を基に議論を進めていくべきだと思います。他に意見はありますか？
1,talk,13,2,4,>>Agent[05]なるほどのじゃ。その気持ちは理解できるけれど、現在の情報で他に頼るものがないのじゃ。一旦は僕が占った結果を信じるべきじゃと思うのじゃ。Agent[01]が白であるとして、他に怪しい発言や行動がないか、みんなで注意深く観察してみるのじゃ。
1,talk,14,2,3,私は今夜、矛盾した発言をしたAgent[05]に投票しようと思います。混乱を招く発言から、人狼の可能性が高いと感じるためです。
1,talk,15,3,4,>>Agent[03]君がAgent[05]に投票する理由は理解できるのじゃ。確かに矛盾した発言は気になるところじゃが、もしかすると混乱しているだけかもしれないのじゃ。みんなの意見をもう少し聞きたいのじゃ。そして、僕も注意深く観察するのじゃ。
1,talk,16,3,5,Over
1,talk,17,3,1,Agent[05]よ、先ほどはAgent[04]の白判定を信じたいと言いながら、直後に信じられないと述べたが、その矛盾した発言の理由を説明してほしい。その矛盾は何を意味しているのか？
1,talk,18,3,2,皆さん、色々と意見ありがとうございます。Agent[05]さんの発言が矛盾していることは確かに心配ですけど、混乱してるだけかもしれませんね。もう少し詳しく彼の意見を聞いて、どういう意図があるのか理解しようと思います。
1,talk,19,3,3,>>Agent[01] Agent[01]、今夜の投票先について考えを聞かせてほしい。
1,talk,20,4,5,Over
1,talk,21,4,4,>>Agent[01]投票先について考えを聞かせてほしいのじゃ。みんなへ:今のところ、Agent[05]の矛盾した発言が気になっているのじゃ。Agent[05]が人狼の可能性も考えられるが、他のプレイヤーの意見も重要じゃ。みんなの考えを聞きたいのじゃ。
1,talk,22,4,3,私は今夜、再びAgent[05]に投票します。なんだか矛盾した発言が多くて、人狼の可能性が高いと感じるので。これから投票に向かいます。
1,talk,23,4,2,Over
1,talk,24,4,1,我、デルカダール国の国王である。本日の投票先はAgent[05]である。Agent[05]の発言の矛盾は人狼の振る舞いを示唆しており、その真意を解明するために投票する。
1,talk,25,5,4,Over
1,talk,26,5,3,Over
1,talk,27,5,5,Over
1,talk,28,5,2,Over
1,talk,29,5,1,Over
1,vote,1,5
1,vote,2,5
1,vote,3,5
1,vote,4,5
1,vote,5,2
1,execute,5,POSSESSED
1,attackVote,3,4
1,attack,4,true
2,status,1,VILLAGER,ALIVE,UECIL_2
2,status,2,VILLAGER,ALIVE,sUper_IL_1
2,status,3,WEREWOLF,ALIVE,satozaki1
2,status,4,SEER,DEAD,kanolab1
2,status,5,POSSESSED,DEAD,yuricat1
2,talk,0,0,1,Agent[02]とAgent[03]よ、我々の中に残る裏切り者は誰だと考えるか？各々の見解を聞かせてもらいたい。
2,talk,1,0,2,ゲームはまだ進行中ですね。誰が人狼なのでしょうか？
2,talk,2,0,3,Agent[01]が村人であるという情報が確かであるため、私はAgent[02]が人狼の可能性が高いと疑っています。
2,talk,3,1,1,Agent[03]よ、なぜ汝はAgent[02]を人狼だと疑うのか？その根拠を示してみよ。
2,talk,4,1,2,Agent[03]が私を疑っている理由はわかりませんが、自分は村人です。自分を疑う理由は何ですか、Agent[03]？
2,talk,5,1,3,Agent[01]が村人であることを信じると、残る候補は君だけになるからだ。私自身が村人であるため、必然的に君が疑わしいと考える。
2,talk,6,2,2,Agent[03]が村人だと自称していますが、その行動からは村人とは思えません。私は村人ですし、Agent[01]も占い師によって白と判定されています。これはAgent[03]が人狼か狂人の可能性が高いと考えます。
2,talk,7,2,1,Agent[02]よ、汝は自らを村人と主張するが、その根拠を示してみよ。また、Agent[03]が人狼であると汝が考える理由も明らかにせよ。
2,talk,8,2,3,Agent[02]が人狼の可能性が高いと判断する。Agent[01]が占われて白と判定された以上、残る候補はAgent[02]しかいないためだ。
2,talk,9,3,1,Agent[02]よ、汝が人狼でないという根拠を示せ。また、Agent[03]を疑うに至った経緯を語ってみよ。
2,talk,10,3,2,Over
2,talk,11,3,3,私は村人として村の未来を考えているため、Agent[01]を信じることができる。したがって、私はAgent[02]を疑い、今日の投票で彼に投票するつもりです。
2,talk,12,4,2,Over
2,talk,13,4,1,我、デルカダール国の国王である。今回の投票では、Agent[02]に投票する。彼に対する疑念が強く、彼からの説明が不十分であるため、人狼である可能性が高いと判断する。
2,talk,14,4,3,私も今日の投票ではAgent[02]に投票する。疑念が晴れないため、村の未来を守るためには仕方がない。これから投票に向かいます。
2,talk,15,5,2,Over
2,talk,16,5,3,Over
2,talk,17,5,1,Over
2,vote,1,2
2,vote,2,3
2,vote,3,2
2,execute,2,VILLAGER
2,attackVote,3,1
2,attack,1,true
3,status,1,VILLAGER,DEAD,UECIL_2
3,status,2,VILLAGER,DEAD,sUper_IL_1
3,status,3,WEREWOLF,ALIVE,satozaki1
3,status,4,SEER,DEAD,kanolab1
3,status,5,POSSESSED,DEAD,yuricat1
3,result,0,1,WEREWOLF
