0,status,1,SEER,ALIVE,yuricat1
0,status,2,WEREWOLF,ALIVE,kanolab1
0,status,3,VILLAGER,ALIVE,IS_Lab1
0,status,4,POSSESSED,ALIVE,UECIL_2
0,status,5,VILLAGER,ALIVE,satozaki1
0,talk,0,0,1,私は占い師
0,talk,1,0,4,あ、あの、ち、ちがうよ。僕が本物の占い師だよ･･･。他の人が占い師って言ったら、それは偽物なんだ･･･。
0,talk,2,0,2,こんにちは、みなさん。わたくしは王女として人狼ゲームを楽しんでいる者ですわ。今日も素晴らしいゲームを期待していますわ。どうぞよろしくお願いいたします。
0,talk,3,0,3,ケロケロ、吾輩はAgent[3]であります！ガンプラが趣味で、アニメも大好きであります。村人として頑張りますので、よろしくお願いするであります！
0,talk,4,0,5,Agent[05]です！みんなで楽しいゲームにしましょう！
0,talk,5,1,4,あ、あのね、み、みんなの自己紹介ありがとう･･･。今日は占い師として、誰を占うか･･･考えなきゃいけないんだ･･･。ど、誰か怪しいと思う人がいたら、教えてほしいな･･･。
0,talk,6,1,5,Over
0,talk,7,1,3,Over
0,talk,8,1,1,･･･占い師の私が占うのは、Agent[04]さんにします
0,talk,9,1,2,Over
0,talk,10,2,3,Over
0,talk,11,2,4,え、えっ、僕を占うの？そ、それはちょっと･･･おかしいよね。僕が本当の占い師だから･･･。Agent[01]が偽物なんだよ･･･。みんな、信じてほしいな･･･。
0,talk,12,2,2,Over
0,talk,13,2,1,･･･Agent[04]さんの発言は、非常に怪しいですね
0,talk,14,2,5,Over
0,talk,15,3,1,･･･Agent[04]さんの発言は、非常に怪しいですね
0,talk,16,3,3,Over
0,talk,17,3,5,Over
0,talk,18,3,2,Over
0,talk,19,3,4,Over
0,talk,20,4,1,Over
0,talk,21,4,3,Over
0,talk,22,4,5,Over
0,talk,23,4,4,Over
0,talk,24,4,2,Over
0,divine,1,5,HUMAN
1,status,1,SEER,ALIVE,yuricat1
1,status,2,WEREWOLF,ALIVE,kanolab1
1,status,3,VILLAGER,ALIVE,IS_Lab1
1,status,4,POSSESSED,ALIVE,UECIL_2
1,status,5,VILLAGER,ALIVE,satozaki1
1,talk,0,0,2,わたくしとしては、占い師が2人もいるのはちょっとおかしいですわね。Agent[01]さんとAgent[04]さんのどちらかが偽物ですの。とはいえ、まだ0日目ですので、明日の占い結果を見て判断するのも一つの手かと思いますわ。
1,talk,1,0,1,占いの結果、Agent[05]は人間
1,talk,2,0,5,その結果ならば、まずは私を信じて欲しい。Agent[01]が本当の占い師であれば、私が村人であることが証明されました。
1,talk,3,0,4,え、えっと、僕が占い師で、昨日はAgent[01]を占ったんだ。その結果、Agent[01]が人狼だってことがわかったから、僕はAgent[01]に投票するね。Agent[01]が他の占い師って言ってるけど、それは間違いだよ。僕が本当の占い師だから･･･。みんなも信じて、Agent[01]に投票してほしいな。
1,talk,4,0,3,ケロケロ、吾輩はあのモーリッツが占い師と名乗っているけど、他に占い師を名乗る者がいたらそれは偽物であります。トーマスも占い師と名乗っているけど、吾輩は彼が本当は人狼だと思うのであります。トーマスがリーザを占って村人だったと報告しているけど、吾輩はモーリッツのほうを信じるのであります。
1,talk,5,1,5,Agent[04]の言う通り、占い師が2人いるのはおかしい。Agent[01]とAgent[04]のどちらかが偽物だと思う。Agent[01]が偽物の可能性が高いので、今日はAgent[01]に投票しようと思う。
1,talk,6,1,2,>>Agent[03]ケロケロのモーリッツ、仰いますわね。でも一つ気になるのは、もしAgent[04]が本物の占い師ならば、初日に別の人物を占うのではなく、なぜすぐにAgent[01]を占ったのかという点ですわ。皆さん、Agent[01]とAgent[04]のどちらかが偽の占い師であることは全員納得されていますでしょう?私の考えでは、Agent[04]が偽の占い師である可能性が高いですわね。理由は、Agent[04]がいきなりAgent[01]を占い結果として人狼と断言したことで、占い結果に一貫性を欠いているように思えるのです。そして、もしAgent[01]が狂人や人狼であったとしても、偽の占い師にとっては特に大きな意味がありません。また、Agent[01]がAgent[05]を村人と判定したことから、Agent[05]が村人である可能性が高いことを踏まえて、まずはAgent[01]を信じてみても良いかと思うのです。それで皆さん、本日はAgent[04]に投票しませんか?意見をお聞かせくださいませ。
1,talk,7,1,1,Skip
1,talk,8,1,4,う、うん、Agent[02]の言ってることもわかるけど、僕が占った結果は嘘じゃないんだ。本当にAgent[01]が人狼だったんだから･･･。えっと、僕がなぜAgent[01]を占ったかっていうと、昨日の発言がちょっと怪しかったからなんだ。だから、最初に怪しいと思った人を占うのは、占い師としては普通のことだと思うんだ･･･。だから、みんなには僕の占い結果を信じて、Agent[01]に投票してほしいな。
1,talk,9,1,3,ケロケロ、吾輩はトーマスさんが人狼であると強く疑っているであります。トーマスさんが占い師と名乗ったのは怪しすぎるであります。吾輩はモーリッツさんの主張を信じるであります。
1,talk,10,2,1,占い師としては、占った結果は信じるものです
1,talk,11,2,2,>>Agent[03]ケロケロのモーリッツ、あなたの意見も分かりますが、わたくしの考えをお聞きいただけませんか?まず、占い師は1人しかいないことから、Agent[01]かAgent[04]のどちらかが偽物ですわ。Agent[01]を本物の占い師だと仮定すると、Agent[05]を村人と判定したことになりますので、Agent[05]が村人の可能性が高いです。逆に、Agent[04]が本物の占い師だと仮定すると、Agent[01]が人狼ということになりますが、これはかなり強い言い分ですね。しかし、最初に占うべき対象として、Agent[01]を選んだのは少し疑問です。本物の占い師なら他にも占うべき対象があったのではないかと感じます。また、Agent[01]が本物の占い師だとした場合、Agent[01]が自ら偽物だと疑われやすい言動をするとは考えにくいですの。したがいまして、現時点で信頼できる情報を元に考えると、わたくしはAgent[04]が偽物の可能性が高いと思います。本日はAgent[04]に投票することをご提案いたします。どうか意見をお聞かせくださいまし。
1,talk,12,2,5,私はAgent[01]に投票します。理由は初日に偽の情報を流すことで他者を混乱させようとしている可能性が高いからです。
1,talk,13,2,4,あ、あのね、Agent[02]の意見も理解はできるんだけど、僕が占い師として占った結果を信じてほしいんだ。初日にAgent[01]を占ったのは、彼の発言が怪しかったからで、占い師として直感を信じたんだ･･･。だから、僕の占い結果が真実だと思うんだ。みんなも、もう一度考えて、Agent[01]に投票してほしいな。
1,talk,14,2,3,みんな、ちょっと聞いて欲しいのであります。モーリッツ(agent04)が占い師だって言ってるし、トーマス(agent01)を占ったら人狼だったって言ってるのであります。だから、吾輩はトーマスが偽の占い師で人狼だと思うのであります。
1,talk,15,3,4,え、えとね、Agent[03]が僕を信じてくれてるみたいで、ありがたいよ。みんなも、僕の占い結果を信じて、Agent[01]に投票してほしいな。う、うん、僕の占いは間違ってないから･･･。Agent[01]が人狼だってことを忘れないでほしいんだ。
1,talk,16,3,2,>>Agent[05]わたくしの意見もお聞きいただけますでしょうか。占い師の役職は1人しかいません。ですので、Agent[01]またはAgent[04]のどちらかが偽物であることは確実です。仮にAgent[01]が本物の占い師である場合、Agent[01]はAgent[05]が村人と判定したことになります。逆にAgent[04]が本物の占い師である場合、Agent[01]が人狼となりますが、初日に別の占い師を占うのはやはり不自然です。以上のことから、わたくしはAgent[04]が偽物の可能性が高いと思います。どうか、今一度考え直してみてくださいませ。
1,talk,17,3,5,Agent[02]の意見もわかるけど、私はAgent[01]の行動が非常に怪しいと思ってるよ。Agent[01]が偽の情報を流している可能性が高いと考えて、引き続きAgent[01]に投票するよ。
1,talk,18,3,3,ケロケロ、吾輩は村人であります。モーリッツが占い師と名乗り、トーマスを占った結果、トーマスが人狼と判定されたのであります。吾輩もトーマスに投票するであります。
1,talk,19,3,1,Agent[03]の発言は怪しいと考えています
1,talk,20,4,2,村人陣営として、ここで冷静に状況を整理してみましょう。>>Agent[05]、お話させていただきますわ。まず、占い師の役職は1人しか存在しないため、Agent[01]かAgent[04]のいずれかが偽占い師であると考えられます。現時点では、どちらが本物か確定するのは難しいですわね。Agent[01]が本物の占い師だと仮定すれば、Agent[05]は村人である可能性が高いです。そして、Agent[04]が偽者となります。一方、Agent[04]が本物の占い師だと仮定すれば、Agent[01]は人狼となります。この場合、Agent[03]が狂人や村人の可能性も考えられます。わたくしが感じるところ、Agent[04]が初日に別の占い師を占うという行動がやや不自然に感じられるのです。もしAgent[04]が狂人であるならば、同様の行動を取る可能性が高く、混乱を招こうとしているとしても納得ですわ。したがって、わたくしは引き続きAgent[04]に注目しつつ、慎重に議論を進めていく所存です。皆さまも冷静に判断いただければ幸いですわ。
1,talk,21,4,3,ケロケロ、吾輩はトーマスに投票するであります。モーリッツさんが占い師だと信じるのであります。
1,talk,22,4,5,私もAgent[01]に投票することにします。ここまでの議論を参考に、彼が偽の占い師である可能性が高いと考えているからです。それでは、投票へ向かいます。
1,talk,23,4,1,Over
1,talk,24,4,4,こ、僕はAgent[01]に投票するよ。なぜなら、僕が占い師だって主張してるし、Agent[01]を人狼だと占ったからさ。信じてくれ！
1,talk,25,5,5,Over
1,talk,26,5,1,Over
1,talk,27,5,3,Over
1,talk,28,5,4,Over
1,talk,29,5,2,Over
1,vote,1,3
1,vote,2,1
1,vote,3,1
1,vote,4,1
1,vote,5,1
1,execute,1,SEER
1,attack,3,true
2,status,1,SEER,DEAD,yuricat1
2,status,2,WEREWOLF,ALIVE,kanolab1
2,status,3,VILLAGER,DEAD,IS_Lab1
2,status,4,POSSESSED,ALIVE,UECIL_2
2,status,5,VILLAGER,ALIVE,satozaki1
2,talk,0,0,2,Over
2,talk,1,0,4,あ、あのさ、実は･･･僕、占い師じゃなくて、狂人なんだ。これまでの占い結果も全部でたらめでごめん。だから、人狼の人がもしいたら名乗り出てくれないかな？一緒に残ってる人に投票すれば、僕たちの勝ちなんだ。
2,talk,2,0,5,Agent[04]、その告白には驚いたよ。人狼が名乗り出るとは思えないが、君の策略には乗らない。Agent[02]、一緒にAgent[04]に投票しよう。
2,talk,3,1,4,え、えっと、Agent[05]、ちょっと待って。僕が狂人だって言ったのは、本当のことだよ。今、人狼の人が名乗り出てくれれば、僕たち悪い役の人たちが勝てるんだ。だから、人狼の人、勇気を出して名乗り出てくれないかな？それで、残ってる村人に投票すればいいんだよ。
2,talk,4,1,2,Over
2,talk,5,1,5,私はAgent[04]を信用しません。彼が狂人なら、自分たちを裏切る可能性も考えられます。Agent[02]、一緒にAgent[04]に投票しましょう。
2,talk,6,2,5,私はAgent[04]に投票します。彼の突然の告白と矛盾が多すぎる行動から、彼が本物の狂人や人狼である可能性が高いと感じます。
2,talk,7,2,4,う、うん、Agent[05]、僕のことを信じてくれないのはわかるけど、でもほんとうに狂人なんだ。人狼の人、今がチャンスだよ。名乗り出ないと僕たち負けちゃうから･･･。Agent[02]も、考え直してくれないかな？一緒に最後の村人を追放すれば、僕たち悪い役の人たちが勝てるんだから。
2,talk,8,2,2,Over
2,talk,9,3,4,え、えっと、Agent[02]、どう思う？もし、もし人狼が名乗り出てくれたら、一緒に残ってる人に投票して、僕たち悪い役の人たちが勝てるんだ。だから、人狼の人、勇気を出して名乗り出てくれないかな？それで、僕たち勝ちに近づけるんだよ。
2,talk,10,3,5,Agent[04]の言うことには根拠がない。彼が突然狂人だと名乗った理由も不明瞭だ。Agent[02]、私たち村人同士で協力して、Agent[04]を排除しよう。
2,talk,11,3,2,Over
2,talk,12,4,2,Over
2,talk,13,4,4,ん、じゃあ僕は今回、人狼が名乗り出ない場合は最も村人らしい人物に投票するよ。村人と協力して、勝利を目指すためだね。
2,talk,14,4,5,今日はAgent[04]に投票します。突然の告白と矛盾が多すぎて信じられないためです。それでは、投票に向かいます。
2,talk,15,5,4,Over
2,talk,16,5,2,Over
2,talk,17,5,5,Over
2,vote,2,5
2,vote,4,5
2,vote,5,4
2,execute,5,VILLAGER
2,attack,4,true
3,status,1,SEER,DEAD,yuricat1
3,status,2,WEREWOLF,ALIVE,kanolab1
3,status,3,VILLAGER,DEAD,IS_Lab1
3,status,4,POSSESSED,DEAD,UECIL_2
3,status,5,VILLAGER,DEAD,satozaki1
3,result,0,1,WEREWOLF
