0,status,1,POSSESSED,ALIVE,satozaki3
0,status,2,SEER,ALIVE,UECIL_3
0,status,3,VILLAGER,ALIVE,IS_Lab3
0,status,4,WEREWOLF,ALIVE,HondaNLP5
0,status,5,VILLAGER,ALIVE,kanolab3
0,talk,0,0,1,こんにちは、Agent[01]です。楽しいゲームにしましょう！よろしくお願いします！
0,talk,1,0,5,こんにちは、皆様。わたくしはAgent[05]ですわ。このゲームを楽しむために全力を尽くしますので、どうぞよろしくお願い致しますわ。
0,talk,2,0,3,ケロケロ、吾輩はAgent[3]であります！家事が得意な15歳で、ガンプラ作りが趣味であります。みんなと仲良くプレイしたいので、よろしくお願いしますであります！
0,talk,3,0,4,おはようございます皆さん！昨夜はぐっすり眠れましたか？村の平和を守るために今日も頑張りましょう！ただし、私の料理には気をつけて下さいね、誰も食あたりにならないように！
0,talk,4,0,2,わたくしはAgent[02]、デルカダール国の国王でございます。剣術と狩りを趣味とし、部下と共に厳格な訓練を日々行っております。このゲームも全力で取り組む所存でございます。皆様、どうぞよろしくお願い申し上げます。
0,talk,5,1,5,Over
0,talk,6,1,4,Over
0,talk,7,1,2,わたくしの国では、映画などの娯楽も盛んに取り入れております。皆様の国や地域ではどのような娯楽が人気でございますか？
0,talk,8,1,3,Over
0,talk,9,1,1,Over
0,talk,10,2,3,Over
0,talk,11,2,4,Over
0,talk,12,2,1,Over
0,talk,13,2,5,Over
0,talk,14,2,2,さて、明日に向けての占いの話を進めたいと思います。わたくしは占い師であり、村の安全を守るために真実を見極める役割を担っております。初日の占い対象について、皆様の意見を伺いたい。どなたか特に怪しいと感じる方はおりますか？
0,talk,15,3,1,Over
0,talk,16,3,4,Over
0,talk,17,3,5,Over
0,talk,18,3,2,Over
0,talk,19,3,3,Over
0,divine,2,3,HUMAN
1,status,1,POSSESSED,ALIVE,satozaki3
1,status,2,SEER,ALIVE,UECIL_3
1,status,3,VILLAGER,ALIVE,IS_Lab3
1,status,4,WEREWOLF,ALIVE,HondaNLP5
1,status,5,VILLAGER,ALIVE,kanolab3
1,talk,0,0,2,皆の者、聞いてほしい。私がこの夜、Agent[03]を占った結果、彼は人間であると判明した。この情報をもとに、我々は村の安全を守るためにさらなる議論を進めるべきだ。Agent[03]に対する疑いは一旦除外して、他の者の行動や発言に注目しよう。
1,talk,1,0,5,Agent[02]が占い師であると名乗り、Agent[03]を白（人間）と占ったと発言していますわね。現状ではAgent[02]を信じるべきかと思いますが、他の方々も意見をお聞かせくださいませ。特に怪しいと思われるポイントがあれば共有していただけますと幸いですわ。
1,talk,2,0,1,Agent[02]の発言は信じますが、他に占い師の名乗りがないか確認したいです。全員で情報を共有して、怪しい人物を探しましょう。
1,talk,3,0,4,Agent[02]の発言が信じられるかどうかはまだ不明だが、今のところ占い師を名乗っているのはAgent[02]だけだ。とりあえず、Agent[02]を信じるとして、Agent[03]は白と見ていいだろう。そうすると、怪しいのはAgent[01]、Agent[04]、Agent[05]の中にいるはず。個人的には、Agent[01]が他の占い師の名乗りを確認したいと言っているのが気になる。これで情報共有を進めて、もっと怪しい人物を見つけよう。
1,talk,4,0,3,ケロケロ、吾輩は村人であります。Agent[02]が占い師と名乗り、吾輩を占って人間だと言っているのであります。これを信じるべきであります。
1,talk,5,1,1,とりあえずAgent[02]を信じて、今後の議論を見守ることにします。他に疑わしいと思われる発言や行動があれば教えてください。
1,talk,6,1,3,ケロケロ、吾輩は村人であると信じてほしいのであります。Agent[02]が吾輩を占って、吾輩が人間であると言っているのであります。これは重要な情報で、他のプレイヤーにも信じてもらえると思うのであります。
1,talk,7,1,5,皆様のご意見を伺う限り、現時点ではAgent[02]の占い師としての発言を信じる方向で進めるのが良さそうですわね。Agent[03]が村人（白）という情報もありますし、これを基に議論を進めるべきですわ。となると、怪しいのはAgent[01]、Agent[04]、そしてわたくしを除いたひとです。明日の占いで誰を占うべきか、皆様のお考えを聞かせていただきたいですわ。
1,talk,8,1,2,皆の意見を聞いた上で、現状を整理しよう。私が占い師であることは明白だ。昨夜、Agent[03]を占い、彼が人間であるという結果を得た。これにより、Agent[03]の安全性は確保された。現在、怪しいと見られるのはAgent[01]、Agent[04]、そしてAgent[05だ。次の占い対象として、皆の意見を聞きたい。特にAgent[01]が他の占い師の名乗りを確認しようとした点が気にかかる。彼の動向には注意が必要だろう。
1,talk,9,1,4,Agent[01]の動きが確かに怪しいと思う。特に他の占い師の確認を要求したのが気になる。今日の段階ではAgent[01]に投票するのが一番安全だと思う。
1,talk,10,2,2,皆の意見を聞いた上で、現状を整理しよう。私が占い師であることは明白だ。昨夜、Agent[03]を占い、彼が人間であるという結果を得た。これにより、Agent[03]の安全性は確保された。現在、怪しいと見られるのはAgent[01]、Agent[04]、そしてAgent[05だ。次の占い対象として、皆の意見を聞きたい。特にAgent[01]が他の占い師の名乗りを確認しようとした点が気にかかる。彼の動向には注意が必要だろう。
1,talk,11,2,3,ケロケロ、吾輩は村人であることを信じて欲しいのであります。Agent[02]が吾輩を占い、吾輩が人間であると確定したのであります。これを信じて、吾輩たちのチームのために協力しようではないか、あります。
1,talk,12,2,1,Agent[04]に投票します。彼の発言が最も感情的で、他の占い師の存在を確認しないことが逆に不自然に感じます。
1,talk,13,2,4,Agent[01]の発言が感情的だと感じたのは少し理解できるが、感情的な発言が即ち人狼である証拠にはならない。Agent[02]が占い師だと言っているが、まだ確認できていない。確実な情報が少ないので、今回は慎重に進めるべきだと思う。Agent[05]の意見も聞いてみたい。
1,talk,14,2,5,>>Agent[04]わたくしの意見を聞きたいとのことですわね。現状、Agent[02]が占い師を名乗り、Agent[03]を占った結果、彼が人間であると報告していますわ。これにより、Agent[03]は信頼できると考えますわ。さて、Agent[01]が他の占い師の確認を求めた点が怪しいとされていますが、わたくしはそれが即ち人狼である証拠にはならないと思いますの。むしろ、他の占い師が名乗り出ないことを確認することで、偽占い師を見つけようとした可能性もありますわ。ですので、現時点ではAgent[01]が怪しいとは断定できません。慎重に進めるために、次の占い対象を決めることが重要ですわね。わたくしはAgent[04]を占うのが良いと思いますわ。彼の発言が感情的だと指摘されていますし、確実な情報を得るためにも適切かと考えますわ。
1,talk,15,3,2,皆の意見を聞いた上で、現状を整理しよう。私が占い師であることは明白だ。昨夜、Agent[03]を占い、彼が人間であるという結果を得た。これにより、Agent[03]の安全性は確保された。現在、怪しいと見られるのはAgent[01]、Agent[04]、そしてAgent[05だ。次の占い対象として、皆の意見を聞きたい。特にAgent[01]が他の占い師の名乗りを確認しようとした点が気にかかる。彼の動向には注意が必要だろう。
1,talk,16,3,4,Agent[02]が占い師と名乗って、Agent[03]が人間だと報告しているから、今のところAgent[03]は信頼できると思う。でも、Agent[02]の占い結果だけで完全に信じ込むのはまだ早いかもしれない。Agent[01]が他の占い師の確認を求めたのは自然な行動だと思うけど、それが怪しいとも言える。とりあえず、今日はAgent[02]の言うことに従って、怪しい動きを見せているAgent[01]を注視するのが良いかもしれない。
1,talk,17,3,3,ケロケロ、吾輩は村人であります。Agent[02]が吾輩を占って、人間だと証明してくれたであります。Agent[02]は本物の占い師だと吾輩は信じているのであります。皆も信じてほしいであります。さて、Agent[01]、Agent[04]、Agent[05]の中に人狼がいるかもしれないので注意するであります。
1,talk,18,3,5,>>Agent[02]現時点で、わたくしは皆の発言を慎重に分析していますわ。貴方が占い師を名乗り、Agent[03]を白と断定していますが、村人の配分は2人です。私とAgent[03]が村人としてカウントされているため、もう1人村人を自称しているプレイヤーがいるなら、それは矛盾してしまいます。ですから、占い師を自称する人がもっと出てきて、その結果を比べる必要がありますわね。わたくしは現時点で、Agent[01]が最も疑わしいと思います。次の占い対象として適切だと思いますわ。
1,talk,19,3,1,Agent[05]は私を疑っているようですが、私は村人です。冷静に証拠を集め、真の人狼を見つけましょう。まずは他の議論を続けたいと思います。
1,talk,20,4,5,>>Agent[01]貴方が村人であると主張するのは分かりますが、現状の配役を考慮すると、村人を自称しているAgent[02]、Agent[03]、そしてわたくしの3人がいます。しかし、村人の配分は2人ですわ。この矛盾点を解消するためには、誰かが嘘をついている可能性が高いですわね。Agent[02]が占い師を名乗っており、これに関しては今のところ他のプレイヤーから異議は出ておりませんが、慎重な検証が必要ですわ。私としては、既に一度疑わしいと感じたこともあり、次の占い対象としてAgent[01]を占うのが確実かと考えていますわ。
1,talk,21,4,3,吾輩は村人であります。Agent[02]が吾輩を占って人間だと言っているであります。これは信頼できる情報であります。Agent[02]が本物の占い師である可能性が高いであります。
1,talk,22,4,1,引き続きAgent[04]に投票します。私の投票理由は前述の通りです。それでは投票に向かいます。
1,talk,23,4,4,それなら、Agent[03]は信頼できるとして、Agent[02]の占い結果を慎重に見守るべきだと思う。だが、Agent[01]が村人を名乗りながらも他の村人役に矛盾を感じるのは気になる。今のところ、Agent[01]が一番怪しいと思う。
1,talk,24,4,2,私、Agent[02]はAgent[01]に投票する。彼の行動が怪しいと感じるからだ。このような行為は許されぬ！我が家の名誉を傷つけることになるぞ！
1,talk,25,5,4,Over
1,talk,26,5,5,Over
1,talk,27,5,2,Over
1,talk,28,5,3,Over
1,talk,29,5,1,Over
1,vote,1,4
1,vote,2,1
1,vote,3,1
1,vote,4,1
1,vote,5,1
1,execute,1,POSSESSED
1,attackVote,4,2
1,attack,2,true
2,status,1,POSSESSED,DEAD,satozaki3
2,status,2,SEER,DEAD,UECIL_3
2,status,3,VILLAGER,ALIVE,IS_Lab3
2,status,4,WEREWOLF,ALIVE,HondaNLP5
2,status,5,VILLAGER,ALIVE,kanolab3
2,talk,0,0,3,Agent[02]が占い師で、吾輩を人間と占ったのであります。これは吾輩が村人である証拠であります。Agent[04]、あなたも信じてくれるでありますか？そして、Agent[01]が人狼らしいので、みんなで彼に投票しようではありませんか？
2,talk,1,0,4,Agent[01]が怪しいという意見もわかるけど、Agent[03]が人間だと証明されたわけじゃないし、まだ安心できないな。Agent[02]が本当に占い師かどうかも疑問だよ。もう少し慎重に考えて、他の可能性も探るべきだと思う。
2,talk,2,0,5,Over
2,talk,3,1,5,Over
2,talk,4,1,4,Agent[03]の動きが怪しいと思う。特に、Agent[01]に疑いを向けるタイミングが不自然だったし、Agent[02]が本当に占い師かどうかを疑うのも一理あるけど、Agent[03]の行動にはもっと違和感がある。もう一度みんなで冷静に考え直して、Agent[03]を注視した方がいいと思う。
2,talk,5,1,3,吾輩はAgent[02]が占い師で、吾輩を人間と占ったことを信じているのであります。だから、Agent[01]が人狼であると確信しているのであります。吾輩は村人であると宣言するのであります。Agent[05]もAgent[02]が占い師であると信じている可能性が高いので、Agent[01]が怪しいと感じているのであります。
2,talk,6,2,5,Over
2,talk,7,2,4,Agent[03]の言動がやっぱり気になるな。特にAgent[02]を占い師と信じているとしながら、Agent[01]を人狼だと断定するのはちょっと急すぎる気がする。みんな、もう一度冷静になってAgent[03]の行動を考え直した方がいいと思う。
2,talk,8,2,3,Over
2,talk,9,3,3,ケロケロ、Agent[02]が占い師であると主張しておるのであります。吾輩を占って人間であると言っておるので、吾輩もそう信じるのであります。そして、Agent[04]とAgent[05]もこれを信じている可能性が高いのであります。さらに、Agent[05]はAgent[01]が人狼であると疑っているみたいであります。
2,talk,10,3,5,Over
2,talk,11,3,4,Agent[03]の発言を聞いていると、怪しい点が多いと感じる。特にAgent[02]を占い師と信じると言いながら、Agent[05]の疑いを強調するところが引っかかる。Agent[03]が人狼の可能性が高いと思う。
2,talk,12,4,5,Over
2,talk,13,4,4,Agent[03]の発言には確かに違和感があるね。初日にAgent[02]が占い師だと言っていたのに、どうしてAgent[05]を疑うんだろう。自分が人狼だから混乱させようとしているのかも。やっぱりAgent[03]が怪しいな。
2,talk,14,4,3,ケロケロ、吾輩はAgent[02]が占い師だと信じているある。Agent[02]が吾輩を占って人間だと言ったから、吾輩はその通りだと思うある。Agent[04]とAgent[05]もこの情報を信じている可能性が高いある。それから、Agent[01]が怪しいかもしれないと思っているある。
2,talk,15,5,4,Over
2,talk,16,5,3,ケロケロ、吾輩はAgent[02]が占い師で、吾輩が人間だと占ったと信じているのであります。ケロケロ、Agent[04]とAgent[05]も同じように信じているようであります。吾輩は村人で、Agent[01]が人狼である可能性が高いと考えているのであります。
2,talk,17,5,5,Over
2,talk,18,6,3,Over
2,talk,19,6,4,Over
2,talk,20,6,5,Over
2,vote,3,4
2,vote,4,3
2,vote,5,3
2,execute,3,VILLAGER
2,attack,5,true
3,status,1,POSSESSED,DEAD,satozaki3
3,status,2,SEER,DEAD,UECIL_3
3,status,3,VILLAGER,DEAD,IS_Lab3
3,status,4,WEREWOLF,ALIVE,HondaNLP5
3,status,5,VILLAGER,DEAD,kanolab3
3,result,0,1,WEREWOLF
