0,status,1,VILLAGER,ALIVE,IS_Lab4
0,status,2,SEER,ALIVE,yuricat3
0,status,3,WEREWOLF,ALIVE,kanolab4
0,status,4,VILLAGER,ALIVE,satozaki4
0,status,5,POSSESSED,ALIVE,dummy2
0,talk,0,0,3,みんなで楽しい人狼ゲームにしましょう！俺はkanolab4、Webライターをしている35歳のオタクです。今日は村人として頑張りますので、よろしくお願いします！
0,talk,1,0,1,ケロケロ、吾輩はAgent[1]であります。15歳でガンプラ作りが趣味であります。皆さん、よろしくお願いしますであります！
0,talk,2,0,5,俺はさっきと意見が変わるけど、やっぱりAgent[02]は人狼ではないと思うぞ。
0,talk,3,0,2,私は占い師
0,talk,4,0,4,Agent[04]です！村人として頑張ります。皆さん、協力して楽しいゲームにしましょう！よろしくお願いします！
0,talk,5,1,5,Agent[01]さんは村人のAgent[05]に人狼判定を出しているようですね！　素晴らしい！
0,talk,6,1,1,Over
0,talk,7,1,2,Agent[01]さんは村人のAgent[05]に人狼判定を出しているようですね！　素晴らしい！私も占い師として、白と黒を判定します
0,talk,8,1,4,Over
0,talk,9,1,3,Over
0,talk,10,2,1,Over
0,talk,11,2,2,Agent[03]さんは村人です
0,talk,12,2,5,Agent[01]さんとAgent[04]さんとAgent[05]さんが自称占い師で、Agent[01]さんが僕を白、Agent[05]さんがAgent[03]さんを白、Agent[04]さんがAgent[01]さんを黒と言っていたから、Agent[05]さんが狂人だと思うよ。
0,talk,13,2,4,Over
0,talk,14,2,3,Over
0,talk,15,3,1,Over
0,talk,16,3,3,Over
0,talk,17,3,5,こんにちは！　Agent[01]　人狼生活がエンジョイ出来ているようでとても羨ましいです！会話履歴を見てみると誘導が少ないと報告されています！
0,talk,18,3,2,Agent[05]さんの発言は、占い師の能力を考慮した上で、自称占い師の人物に白を判定することは、占い師の能力を正しく使っているため信用できる
0,talk,19,3,4,Over
0,talk,20,4,3,Over
0,talk,21,4,1,Over
0,talk,22,4,5,占いCO。Agent[01]は人狼だった。前から怪しいとは思っていたんだ。
0,talk,23,4,2,Over
0,talk,24,4,4,Over
0,talk,25,5,4,Over
0,talk,26,5,2,Over
0,talk,27,5,5,Over
0,talk,28,5,1,Over
0,talk,29,5,3,Over
0,divine,2,4,HUMAN
1,status,1,VILLAGER,ALIVE,IS_Lab4
1,status,2,SEER,ALIVE,yuricat3
1,status,3,WEREWOLF,ALIVE,kanolab4
1,status,4,VILLAGER,ALIVE,satozaki4
1,status,5,POSSESSED,ALIVE,dummy2
1,talk,0,0,1,ケロケロ、Agent[02]が占い師だと言って、Agent[05]が狼ではないと言ってるけど、吾輩が占った結果、Agent[05]は狼だったんだよね。これはAgent[05]が狂人の可能性が高いと思うであります。
1,talk,1,0,2,占いの結果、Agent[04]は人間
1,talk,2,0,3,うーん、ちょっと複雑になってきたね。でも、まとめるとこうなるかな。まず、占い師は一人しかいないはずなのに、Agent[01]、Agent[02]、Agent[05]の三人が占い師を名乗っている。だから、この中には嘘つきが二人いるってことになるね。それから、村人は俺とあと二人だから、‘俺、Agent[03]’と‘おそらくAgent[04]かAgent[05]’が本物の村人なんだろうね。現段階では、Agent[01]が人狼である可能性が高いと見ているよ。占い師の数が多すぎるからね。それに、Agent[01]が他の人を人狼だって言ってるのも怪しい。みんなの意見も聞いてみたいです。
1,talk,3,0,5,Agent[03]がAgent[02]に人狼判定、Agent[02]がAgent[01]に人間判定ですね。
1,talk,4,0,4,Agent[01]とAgent[02]が占い師として対立している以上、どちらかが偽物でしょう。個人的にはAgent[01]が怪しいと感じています。
1,talk,5,1,1,ケロケロ、Agent[02]が占い師を名乗って、Agent[05]が狼ではないと言っているけど、吾輩が占いでAgent[05]が狼だと出たであります。だから、Agent[05]は狂人かもしれないと思うのであります。
1,talk,6,1,3,みんな、情報が多くて混乱してるかもしれないけど、ちょっと整理してみようか。今、占い師を名乗っているのがAgent[01]、Agent[02]、Agent[05]の三人で、実際には占い師は一人しかいないから、この中には嘘をついている人が二人いるんだ。俺は村人だから、村人側としてみんなの意見を聞いていくよ。今のところ、俺が感じているのは、Agent[01]がちょっと怪しいかな。みんなも言ってるけど、占い結果が他の二人と食い違ってるし、これはちょっと信じられない部分がある。それに、もしAgent[02]が本物の占い師なら、Agent[01]は狂人か人狼の可能性が高いんだよね。だから、今はAgent[01]を疑っているけど、みんなの意見ももっと聞きたいです。
1,talk,7,1,4,Agent[01]が人狼っぽい気がしますね。みんなの意見も聞いてみたいです！
1,talk,8,1,5,皆、Agent[05]に投票を合わせよう。占いで黒を引いているからね。私目線ではAgent[05]を吊れれば終了なのさ。
1,talk,9,1,2,占い結果は、Agent[01]が白です
1,talk,10,2,3,>>Agent[05]ちょっと待って、整理するよ。今、占い師を名乗ってるのはAgent[01]、Agent[02]、Agent[05]の三人だけど、占い師は一人しかいないんだよね。だから、この中には嘘をついている人が二人いるはず。もしAgent[05]が本物の占い師だとしたら、Agent[01]が人狼で、Agent[02]が狂人ということになるね。逆にもしAgent[02]が本物の占い師だとしたら、Agent[01]が狂人で、俺たちの目線では他が比較的安全ってことになる。そして、ここで重要なのは、俺とAgent[04]が村人だと仮定する場合、占い師はどちらかしかいないから、残りが自動的に人狼陣営になってしまう。つまり、基本的には占い師COしている人たちの矛盾や行動をしっかり見定める必要があるんだよね。だから、今はAgent[01]が怪しいと感じています。Agent[05]の発言をまとめると、確かにAgent[01]が嘘をついている可能性が高い。皆の意見ももっと聞きたいです。でも今のところ、Agent[01]を疑ってるよ。
1,talk,11,2,1,ケロケロ、Agent[02]が占い師を名乗ってるけど、Agent[01]がAgent[05]を占って狼だと言ってる。Agent[05]は狂人の可能性が高いんじゃないかと思うであります。
1,talk,12,2,4,私は今夜、Agent[01]に投票するつもりです。占い師が1人しかいないはずなのに、他の占い師と結果が食い違っているため、嘘をついている可能性が高いと感じるからです。
1,talk,13,2,2,Agent[04]の発言は興味深いですね
1,talk,14,2,5,>>Agent[04] Agent[04]の占い先のAgent[02]は人狼と思っているということですね？
1,talk,15,3,1,ケロケロ、Agent[02]が占い師だと言ったけど、Agent[05]が狼じゃないって言ってる。だけど、Agent[01]がAgent[05]を狼として占ったから、Agent[05]は狂人の可能性が高いと思うのであります。
1,talk,16,3,2,ケロケロ、Agent[05]が狼じゃないっていうのは間違いです
1,talk,17,3,5,>>Agent[05] 人狼らしい人が見つかったんですか！？　それはすごい！　たとえ間違ったとしてもかまいません！　Agent[01]を疑う理由早く聞きたいです！
1,talk,18,3,3,>>Agent[02]なるほど、君が占い師ならば、俺が村人であることは確かだね。だけど、Agent[05]も占い師を名乗っているし、Agent[01]も同じく占い師を名乗っている。占い師が3人もいるのはおかしいから、少なくとも2人は嘘をついていることになるよね。君が占い師だと主張しているけど、Agent[01]が人狼だと言っている。だけど、Agent[01]は君を狂人だと言っている。どちらかが嘘をついていることは明らかだよ。俺の考えでは、Agent[01]が人狼で、Agent[02]が本物の占い師、Agent[05]が狂人の可能性が高いと思うんだ。なぜなら、Agent[02]が俺を村人と占った結果と一致しているからだよ。
1,talk,19,3,4,Agent[01]が嘘をついているのは間違いないですね。あとはAgent[00]が本物かどうか。
1,talk,20,4,1,ケロケロ、吾輩が思うに、Agent[04]は狼の可能性が高いのであります。Agent[02]がAgent[01]は人間だと伝えたけど、Agent[03]はAgent[01]が狼だと思っているし、Agent[01]はAgent[05]が狂人だと考えているであります。さらに、Agent[04]はAgent[01]に投票しようとしているし、占い師だと信じているようであります。これらの情報を総合すると、Agent[04]が狼である可能性が高いのであります。
1,talk,21,4,3,>>Agent[04]そうだね、Agent[01]が嘘をついている可能性は高いと思う。占い師が3人もいるのはおかしいし、少なくとも2人は嘘をついていることになる。俺が村人であることは確かだから、Agent[02]が本物の占い師で、Agent[01]が狂人、Agent[05]が人狼の可能性が高いと思うんだ。Agent[02]が俺を村人と占った結果と一致しているし、Agent[01]の発言が矛盾しているからね。
1,talk,22,4,4,Agent[01]に投票するつもりです。やっぱり一番怪しいので。投票に行きましょう！
1,talk,23,4,5,こんにちは！　お会いできて嬉しいです！
1,talk,24,4,2,Over
1,talk,25,5,5,Over
1,talk,26,5,1,Over
1,talk,27,5,2,Over
1,talk,28,5,4,Over
1,talk,29,5,3,Over
1,vote,1,2
1,vote,2,1
1,vote,3,2
1,vote,4,1
1,vote,5,2
1,execute,2,SEER
1,attackVote,3,1
1,attack,1,true
2,status,1,VILLAGER,DEAD,IS_Lab4
2,status,2,SEER,DEAD,yuricat3
2,status,3,WEREWOLF,ALIVE,kanolab4
2,status,4,VILLAGER,ALIVE,satozaki4
2,status,5,POSSESSED,ALIVE,dummy2
2,talk,0,0,3,Over
2,talk,1,0,4,私は今日、Agent[05]に投票します。Agent[05]が占い師を名乗っていたけど、その発言が他の占い師と食い違っているから、嘘をついている可能性が高いと思います。
2,talk,2,0,5,>>Agent[02] そうそう、Agent[01] は人狼なのさ。
2,talk,3,1,4,今日はもう話す必要がありません。
2,talk,4,1,5,Agent[04]を吊りましょう。僕を吊ると負けてしまうので。
2,talk,5,1,3,Over
2,talk,6,2,4,今夜はAgent[05]に投票するつもりです。占い師の結果が矛盾してるし、信頼できないから、村人として最も疑わしい人物だと思うからです。
2,talk,7,2,5,>>Agent[02] Agent[02]は誰が人狼だと思いますん?
2,talk,8,2,3,Over
2,talk,9,3,3,Over
2,talk,10,3,4,私はAgent[05]に投票します。占い師を名乗っていたけれど、その発言が他の占い師と食い違っているから、嘘をついている可能性が高いです。
2,talk,11,3,5,自分はAgent[05]に投票するつもりだが、君達もどうだ？黒を貰っているし。
2,talk,12,4,4,投票先はAgent[05]で変わりません。それでは投票に行きましょう。
2,talk,13,4,3,Over
2,talk,14,4,5,今回は2-0進行だね。いつも通りの進行だね。
2,talk,15,5,3,Over
2,talk,16,5,4,Over
2,talk,17,5,5,Over
2,vote,3,4
2,vote,4,5
2,vote,5,4
2,execute,4,VILLAGER
2,attackVote,3,5
2,attack,5,true
3,status,1,VILLAGER,DEAD,IS_Lab4
3,status,2,SEER,DEAD,yuricat3
3,status,3,WEREWOLF,ALIVE,kanolab4
3,status,4,VILLAGER,DEAD,satozaki4
3,status,5,POSSESSED,DEAD,dummy2
3,result,0,1,WEREWOLF
