0,status,1,VILLAGER,ALIVE,kanolab4
0,status,2,POSSESSED,ALIVE,HondaNLP1
0,status,3,WEREWOLF,ALIVE,yuricat1
0,status,4,SEER,ALIVE,satozaki1
0,status,5,VILLAGER,ALIVE,UECIL_1
0,talk,0,0,5,我々の中で占い師は誰であるか？名乗り出る者はおるか？
0,talk,1,0,1,うち、kanolab4って言うんだけど、気軽にAgent[01]って呼んでね！29歳の漁師で、お菓子作りが趣味なんだわ。若干無計画なところもあるけど、今日のゲームでは村人陣営として全力でがんばるわ！みんなで楽しんで、人狼を見つけましょうね！
0,talk,2,0,3,皆さん、こんにちは
0,talk,3,0,2,おはようございます、皆さん！狼よりもモフモフな羊飼いがここにいますよ！今日は誰にも食べられないように頑張りますので、よろしくお願いします！
0,talk,4,0,4,Agent[04]です！人狼を見つけるために、みんなで楽しんでいきましょう！よろしくお願いします！
0,talk,5,1,4,Over
0,talk,6,1,1,Over
0,talk,7,1,5,占い師はまだ名乗り出ておらぬか？重要な役割を担う者よ、一刻も早く名乗りを上げよ。
0,talk,8,1,2,Over
0,talk,9,1,3,占い師はまだ名乗り出ていないということは、占い師が人狼の可能性も否定できない
0,talk,10,2,1,Over
0,talk,11,2,3,占い師の名乗り出ていないということは、占い師は人狼の可能性が高まった
0,talk,12,2,5,占い師よ、もはや隠れる時ではない。誰を占うのか、我々に知らせよ。
0,talk,13,2,4,Over
0,talk,14,2,2,Over
0,talk,15,3,4,Over
0,talk,16,3,3,Over
0,talk,17,3,5,Over
0,talk,18,3,1,Over
0,talk,19,3,2,Over
0,divine,4,2,HUMAN
1,status,1,VILLAGER,ALIVE,kanolab4
1,status,2,POSSESSED,ALIVE,HondaNLP1
1,status,3,WEREWOLF,ALIVE,yuricat1
1,status,4,SEER,ALIVE,satozaki1
1,status,5,VILLAGER,ALIVE,UECIL_1
1,talk,0,0,3,どうやら私は人狼のようです
1,talk,1,0,5,Agent[03]、汝が人狼であることを自ら告白したのか。他の者たち、この事実をどう考える？我々はこの裏切り者をどう処理すべきか意見を聞かせよ。
1,talk,2,0,2,Agent[03]が自ら人狼だと告白したが、それが戦術だとも考えられる。だが、真実を知るためにまずAgent[03]を占うべきじゃないか？占い師がいるなら、今日はAgent[03]を占って結果を教えてほしい。
1,talk,3,0,4,私は占い師です。Agent[02]を占った結果、彼は人間だということがわかりました。Agent[03]が自ら人狼であると名乗ったのであれば、彼を排除するのが妥当でしょう。
1,talk,4,0,1,うちから見た感じだと、Agent[02]を占ったって言ったAgent[04]が本物の占い師かもしれないけど、まだ確証はないわね。まずはAgent[04]の発言を信じて、Agent[03]が本当に人狼なのかどうかを考えた方がいいと思うだわ。みんなはどう思う?
1,talk,5,1,1,こりゃおかしな展開になってきたわね。Agent[03]が「人狼だ」と言ったのは一体何のつもりなんだろう?でも、Agent[04]が占い師を名乗ってAgent[02]を人間だと言ったから、とりあえずAgent[04]を信じる方向で考えていくのが良いかも。>>Agent[04]さて、次は誰を占うつもりかしら?また、他の皆さんも今のところどう思っているか教えてほしいだわ。他の意見も聞きながら進めたいと思うわ。
1,talk,6,1,5,Agent[01]よ、汝がAgent[02]を占った理由を詳しく説明せよ。この情報は我々が次のステップを決定する上で極めて重要だ。
1,talk,7,1,4,次はAgent[05]を占うつもりです。理由を求められてはいけないというルールがありますのでご了承をお願いします。さて、他の皆さんはどう思いますか？
1,talk,8,1,3,Agent[05]が占うということは、Agent[05]が疑わしいと言っているのと同義です
1,talk,9,1,2,皆さん、Agent[04]が占い師を名乗り、私を人間だと言いましたが、Agent[03]の発言が混乱を招いていますね。私の考えでは、Agent[03]が自ら人狼だと言ったのは逆説的に村人を惑わすための戦術かもしれません。Agent[04]の次の占い結果が重要だと思いますが、今のところAgent[03]が一番怪しいと感じます。皆さんの意見も聞かせてください。
1,talk,10,2,3,Agent[04]が占い師を名乗り、Agent[02]を人間だと占った
1,talk,11,2,1,>>Agent[05]うちがAgent[02]を占ったわけじゃないだわ。占い師はAgent[04]だって言ってるし、うちはただの村人だわ。Agent[04]が次にAgent[05]を占うって言ってるけど、理由を明確にしないのはちょっと怪しい気もするだわ。Agent[03]が自分を人狼だって言ったのも混乱を招いてるし、うちとしてはAgent[03]が一番怪しいと思うだわ。みんなはどう思う?
1,talk,12,2,2,Agent[03]の発言は確かに混乱を招いているね。占い師のAgent[04]がAgent[02]を人間と断定したなら、Agent[03]の行動は怪しい。個人的にはAgent[03]が人狼だと思う。次にAgent[05]の結果も気になるけど、今はAgent[03]に注目すべきだと思うんだ。
1,talk,13,2,4,私はAgent[03]に投票します。彼が自ら人狼だと名乗ったことは非常に怪しく、村を混乱させる意図があると考えられます。
1,talk,14,2,5,Agent[03]よ、汝が何故Agent[02]を占ったのか、その理由を詳らかにせよ。その理由が我々の今後の行動を左右する重要なものであるからだ。
1,talk,15,3,2,なるほど、Agent[04]が占い師としてAgent[03]を人狼だと断定したのは大きいですね。でも、Agent[03]が自ら人狼だと名乗ったことも怪しい。確かに村を混乱させる意図があるかもしれない。とりあえず、今日はAgent[03]に投票して様子を見ようと思います。
1,talk,16,3,1,>>Agent[05]うちが占い師じゃないから、うちは誰も占ってないだわ。うちは村人だし、占い結果はAgent[04]からしか聞いてないわ。Agent[03]が自分で人狼だって名乗ってるし、うちもAgent[03]に投票しようと思うわ。他のみんなもそうするなら、よく考えて決めてね。
1,talk,17,3,5,Agent[01]よ、汝がAgent[02]を占った理由を詳しく説明せよ。この情報は我々が次のステップを決定する上で極めて重要だ。
1,talk,18,3,4,Agent[05]、私が占い師で、以前にAgent[02]を占ったことを明確に述べたのはご存知ですよね？これ以上の誤解や混乱を避けるために、皆さんの投票先を決めましょう。
1,talk,19,3,3,Over
1,talk,20,4,2,Agent[03]が自ら人狼だと名乗ったのは確かに怪しいけど、ちょっと気になるのはAgent[04]が占い師としてAgent[03]を人狼だと断定したことだね。これは逆にAgent[04]が狂人か人狼で、Agent[03]をスケープゴートにしようとしている可能性もあるんじゃないかな？どう思う？
1,talk,21,4,3,Over
1,talk,22,4,5,Agent[03]よ、Agent[01]とAgent[02]が占い師を名乗り出ておるが、どちらが真実を語っているのか。Agent[01]、汝がAgent[02]を占った理由を明らかにせよ。
1,talk,23,4,4,私の投票先はAgent[03]で変わりません。投票に向かいます。
1,talk,24,4,1,>>Agent[05]うちは占い師じゃないから、Agent[02]を占った理由は説明できないだわ。今のところはAgent[03]の自白が気になるから、うちはAgent[03]に投票しようと思うだわ。Agent[02]とAgent[04]の発言を見て、少し整理してみるだわ。確かに、Agent[04]が占い師を名乗ってAgent[03]を人狼だとするのは気になるね。Agent[04]が狂人か人狼で、Agent[03]をスケープゴートにしてる可能性も考えられるわ。でも、うちとしてはまずはAgent[03]の自白が真実かどうか確かめるのが先だと思うだわ。うちも投票はAgent[03]にするだわ。他の皆さんの意見も聞きたいだわ。
1,talk,25,5,3,Over
1,talk,26,5,1,Over
1,talk,27,5,4,Over
1,talk,28,5,2,Over
1,talk,29,5,5,Over
1,vote,1,3
1,vote,2,3
1,vote,3,5
1,vote,4,3
1,vote,5,3
1,execute,3,WEREWOLF
1,divine,4,5,HUMAN
2,status,1,VILLAGER,ALIVE,kanolab4
2,status,2,POSSESSED,ALIVE,HondaNLP1
2,status,3,WEREWOLF,DEAD,yuricat1
2,status,4,SEER,ALIVE,satozaki1
2,status,5,VILLAGER,ALIVE,UECIL_1
2,result,4,0,VILLAGER
