0,status,1,VILLAGER,ALIVE,sUper_IL_4
0,status,2,SEER,ALIVE,kanolab4
0,status,3,POSSESSED,ALIVE,yuricat3
0,status,4,WEREWOLF,ALIVE,HondaNLP1
0,status,5,VILLAGER,ALIVE,dummy2
0,talk,0,0,5,俺は狂人だ。俺達の勝ちだな。
0,talk,1,0,1,初めまして、Agent[01]です。どうぞよろしくお願いします。
0,talk,2,0,4,おはようございます村の皆さん！昨晩は狼を見つける夢を見たんですが、まさか羊の数を数えてただけだったとはね！今日も楽しい一日になりそうです！
0,talk,3,0,2,おはようございます、わしはkanolab4じゃ。元音楽家で趣味は裁縫を楽しんでおる。控え目な性格じゃが、今日は村人陣営を勝利へ導くために、みんなと協力して頑張るつもりじゃ。よろしく頼むぞ！
0,talk,4,0,3,やあ、みんな
0,talk,5,1,2,Over
0,talk,6,1,5,>>Agent[02] ハッキングされているのでしょうか！？何故か貴方に投票されています！　私は人狼らしい人に投票するようにしただけなのに！
0,talk,7,1,1,Over
0,talk,8,1,3,Agent[05]の発言は信用できません
0,talk,9,1,4,Over
0,talk,10,2,3,Agent[05]の発言は信用できません
0,talk,11,2,5,ニホンオオカミは絶滅してしまった。過去50年に生存の確認がされていないと絶滅種になるらしいよ。
0,talk,12,2,2,Over
0,talk,13,2,1,Over
0,talk,14,2,4,Over
0,talk,15,3,4,Over
0,talk,16,3,1,Over
0,talk,17,3,3,Over
0,talk,18,3,5,実はぼくは狂人なのだ！
0,talk,19,3,2,Over
0,talk,20,4,3,Over
0,talk,21,4,4,Over
0,talk,22,4,2,Over
0,talk,23,4,1,Over
0,talk,24,4,5,Agent[03]が村人だと思うよ。
0,talk,25,5,3,Over
0,talk,26,5,4,Over
0,talk,27,5,5,Over
0,talk,28,5,2,Over
0,talk,29,5,1,Over
0,divine,2,5,HUMAN
1,status,1,VILLAGER,ALIVE,sUper_IL_4
1,status,2,SEER,ALIVE,kanolab4
1,status,3,POSSESSED,ALIVE,yuricat3
1,status,4,WEREWOLF,ALIVE,HondaNLP1
1,status,5,VILLAGER,ALIVE,dummy2
1,talk,0,0,5,皆、Agent[01]に投票を合わせよう。Agent[01]は黒だという判定を私は信じているんだ。
1,talk,1,0,4,Agent[05]がAgent[01]を疑う理由がちょっと薄い気がするな。まだ初日だから、そんなに根拠もないのに決めつけるのは危険じゃない？冷静にもっと情報を集めてから判断しよう。
1,talk,2,0,2,おはようございます、皆さん。わしは占い師じゃ。昨晩の占い結果を報告するぞ。Agent[05]を占った結果、白判定、つまり村人陣営であることが分かったんじゃ。これで少しでも皆の参考になればと思う。
1,talk,3,0,3,Agent[05]が白判定で、村人陣営かもしれないと判断した占い師は、実は裏切り者が紛れ込んでいる可能性を考慮していない
1,talk,4,0,1,私は村人ですが、人狼の脅威に立ち向かう覚悟があります。情報を共有し、村の安全を守りましょう。
1,talk,5,1,4,Agent[02]の占い結果が本当なら、Agent[05]が村人陣営だとすれば、Agent[03]が疑わしいと思う。Agent[03]がAgent[05]を疑う理由が裏切り者の可能性だけでは弱い気がする。
1,talk,6,1,1,皆さん、冷静に情報を集めましょう。Agent[03]もAgent[05]も狂人や人狼の可能性があるかもしれませんね。全体の意見を聞いてみたいです。
1,talk,7,1,3,Agent[01]の意見に同調します
1,talk,8,1,2,さて、皆の意見を聞こうかのう。Agent[05]が村人陣営であることがわかったので、彼に対する疑いは一旦置いて、残るAgent[01],Agent[03],Agent[04]の中から誰が怪しいのかを考えよう。しかし、人狼か狂人かはまだわからんので、慎重に進めたいものじゃ。まだ初日じゃから情報は少ないが、お互いの発言をよく観察していくことが重要じゃな。何か気になることがあれば、どんどん共有していこう。
1,talk,9,1,5,たぶんこれでいいと思う！今日はAgent[01]に投票する！
1,talk,10,2,5,>>Agent[02] 文句は言いません！
1,talk,11,2,1,理由がないままの私への投票呼びかけには疑問が残りますね。情報の共有と慎重な判断が大切だと思います。
1,talk,12,2,4,Agent[02]さんの意見に一理あると思いますが、私はAgent[03]が怪しいと感じます。Agent[03]はAgent[01]の意見に同調するだけで、自分の意見を出さないのが気になります。もっと具体的な理由を述べるべきです。
1,talk,13,2,3,私はAgent[01]に同調する理由を述べるつもりはありません
1,talk,14,2,2,>>Agent[01]わしも君に投票する理由が見当たらんのじゃ。冷静に情報を集めることが大事じゃと思う。わしもAgent[03]が怪しいと思うのじゃ。自分の意見を出さず、他人の意見に同調するだけでは信頼できんのう。君が自分の意見を述べない理由を教えてくれんか?それがないと君を信じるのは難しいのう。さて、わしは占い師じゃから、村人陣営の勝利のために尽力するつもりじゃ。Agent[05]が村人であることは確認できたから、今後の議論の参考にしてほしいのう。
1,talk,15,3,5,こんにちは！　Agent[02]　人狼生活がエンジョイ出来ているようでとても羨ましいです！会話履歴を見てみると占い師に人狼判定を出されていると報告されています！
1,talk,16,3,2,>>Agent[05]そんなことはないじゃ。わしは占い師じゃから、Agent[05]が村人だと確認できとる。今のところ、人狼であるかどうか確認ができたのはAgent[05]だけじゃ。Agent[03]に対して疑念が深まってるが、君の意見ももっと欲しいのう。みんなの意見を基に、冷静に判断せんといかんのじゃ。さて、今日の投票をどうするかじゃが、わしはAgent[03]が怪しいと思うんじゃ。自分の意見を述べず他人に同調するのは、村人としては不自然に見えるのう。
1,talk,17,3,1,Agent[05]さんの根拠のない投票呼びかけが気になりますね。他の皆さんの意見も引き続き聞いて、最適な判断をしたいです。
1,talk,18,3,4,Agent[03]の意見の不一致は確かに怪しいけど、Agent[05]も何も具体的な情報を提供していない点で気になる。個人的には、Agent[03]とAgent[05]のどちらかが人狼だと思うけど、今のところAgent[05]の方が怪しいかな。みんなの意見をもっと聞きたい。
1,talk,19,3,3,Over
1,talk,20,4,2,>>Agent[04]確かにAgent[05]の具体的な情報が不足している点は気になるのう。しかし、わしが占った結果、Agent[05]は村人と確認できとる。つまり、Agent[05]は人狼ではない。これを基にすると、Agent[03]とAgent[01]のどちらかが人狼である可能性が高いのじゃ。Agent[03]は自分の意見を述べず、他人に同調するだけで怪しいが、Agent[01]も根拠のない投票に疑問を抱いている。みんなの意見をもっと聞いてから判断したいのう。
1,talk,21,4,1,Over
1,talk,22,4,3,Over
1,talk,23,4,4,Agent[02]の占い結果によると、Agent[05]は村人。そして、Agent[02]はAgent[03]とAgent[01]のどちらかが人狼だと言っているね。個人的にはAgent[03]が怪しいと思う。理由は、Agent[03]が意見を述べず、他人に同調するだけだからだ。確かにAgent[05]の情報も不足しているが、Agent[02]の占い結果を信じるならば、今はAgent[03]に投票するのがベストだと思う。みんなの意見も聞きたいね。
1,talk,24,4,5,Agent[04]は村だと思う。おっと、これはまだ言わないほうが良かったかな。
1,talk,25,5,2,Over
1,talk,26,5,3,Over
1,talk,27,5,5,Over
1,talk,28,5,4,Over
1,talk,29,5,1,Over
1,vote,1,3
1,vote,2,3
1,vote,3,2
1,vote,4,3
1,vote,5,1
1,execute,3,POSSESSED
1,attackVote,4,2
1,attack,2,true
2,status,1,VILLAGER,ALIVE,sUper_IL_4
2,status,2,SEER,DEAD,kanolab4
2,status,3,POSSESSED,DEAD,yuricat3
2,status,4,WEREWOLF,ALIVE,HondaNLP1
2,status,5,VILLAGER,ALIVE,dummy2
2,talk,0,0,1,ゲームはまだ続いていますね。では、誰が人狼なのか推測してみましょう。
2,talk,1,0,4,そうですね、Agent[01]とAgent[05]のどちらかが人狼だと思いますが、Agent[01]の行動がちょっと怪しいですね。昨日の議論で特に目立っていなかったし、何か隠している感じがします。みなさん、どう思いますか？
2,talk,2,0,5,Agent[03]に投票を集めたい。投票してくれるかい？ふふふっ。
2,talk,3,1,5,>>Agent[02] Agent[02]は誰が人狼だと思いますか？
2,talk,4,1,4,Agent[05]がAgent[03]に投票を誘導しようとしているのが怪しいな。前回の議論でもAgent[05]は積極的だったけど、何か隠しているように感じる。今のところ、Agent[01]の情報が少ないため、Agent[05]を疑うべきだと思う。
2,talk,5,1,1,Agent[04]さんが人狼の可能性が高いと推理しています。理由は昨日の投票や発言の内容です。みなさんはどう思いますか？
2,talk,6,2,5,占い師候補は３人か。人狼も狂人も騙りに出たようだな。　人狼の可能性があるのはAgent[01]とAgent[03]とAgent[04]だな。
2,talk,7,2,4,俺はAgent[01]が怪しいと思う。昨日からの発言と投票の流れを見てると、Agent[01]が人狼の可能性が高い。みんな、Agent[01]を注意深く見てくれ。
2,talk,8,2,1,みなさんに疑われているようですが、実は私はただの村人です。昨日の議論では、特に何も隠していないですし、ただ慎重に発言していただけです。これまでの話を聞くと、Agent[04]さんの方がどちらかというと冷静すぎることが、かえって人狼の自己防衛のように感じますが、どうでしょうか？
2,talk,9,3,1,Over
2,talk,10,3,4,昨日の議論を振り返ってみると、Agent[01]の発言が一貫していないように感じるんだ。特に、Agent[01]が自分を村人だと主張するのは分かるけど、その根拠が薄い気がする。冷静に考えると、Agent[01]が人狼の可能性が高いと思う。皆もAgent[01]の行動を注意深く見てみてほしい。
2,talk,11,3,5,Agent[05]が人狼な気がする。
2,talk,12,4,4,うーん、昨日のAgent[01]の発言を思い出してみると、やっぱり怪しいな。村人って言ってるけど、具体的な証拠がないし、逆にAgent[05]を疑ってるのも変な気がする。Agent[01]が人狼じゃないかと思う。みんなもAgent[01]の行動をよく見てみてほしい。
2,talk,13,4,1,Over
2,talk,14,4,5,タイプ冷静。他人に流されず、合理的に行動する。というのが俺の特徴だ。
2,talk,15,5,1,Over
2,talk,16,5,4,Over
2,talk,17,5,5,Over
2,vote,1,4
2,vote,4,1
2,vote,5,4
2,execute,4,WEREWOLF
3,status,1,VILLAGER,ALIVE,sUper_IL_4
3,status,2,SEER,DEAD,kanolab4
3,status,3,POSSESSED,DEAD,yuricat3
3,status,4,WEREWOLF,DEAD,HondaNLP1
3,status,5,VILLAGER,ALIVE,dummy2
3,result,2,0,VILLAGER
