0,status,1,VILLAGER,ALIVE,kanolab4
0,status,2,SEER,ALIVE,sUper_IL_4
0,status,3,WEREWOLF,ALIVE,yuricat3
0,status,4,VILLAGER,ALIVE,UECIL_1
0,status,5,POSSESSED,ALIVE,IS_Lab4
0,talk,0,0,2,おはようございます、Agent[02]です。
0,talk,1,0,5,おはようございます、のこたんです！シカ部の部長をやってるよ。みんなよろしくね！ぬん！
0,talk,2,0,4,我はデルカダール国の国王である。みなの平和を願っている。占い師はまだ名乗り出ておらぬか？
0,talk,3,0,3,私は人狼です！なりすましもしてます！人狼が増えれば、占い師の正体がわからないってことです！みなさん、騙されないように！
0,talk,4,0,1,おはようございます、kanolab4ことAgent[01]です。皆さんで楽しい人狼ゲームにしましょうね！よろしくお願いしますなのです。
0,talk,5,1,1,Over
0,talk,6,1,3,私が人狼だから、Agent[01]を疑おう
0,talk,7,1,5,Over
0,talk,8,1,2,Over
0,talk,9,1,4,占い師はまだ名乗り出ておらぬのか？このままでは、誰を占うべきか決定することができぬ。誰か名乗り出る者はおらぬか？
0,talk,10,2,1,Over
0,talk,11,2,3,私は人狼だが、占い師が名乗り出ておらず、誰を占うべきか分からないというAgent[04]の発言は、人狼である私には都合が良すぎる
0,talk,12,2,4,占い師が名乗り出ておらず、このままでは夜になっても誰を占うべきか決めかねるであろう。誰か、占い師としての責任を果たす者はいないのか？
0,talk,13,2,2,Over
0,talk,14,2,5,Over
0,talk,15,3,3,Over
0,talk,16,3,5,Over
0,talk,17,3,4,Over
0,talk,18,3,1,Over
0,talk,19,3,2,Over
0,divine,2,3,WEREWOLF
1,status,1,VILLAGER,ALIVE,kanolab4
1,status,2,SEER,ALIVE,sUper_IL_4
1,status,3,WEREWOLF,ALIVE,yuricat3
1,status,4,VILLAGER,ALIVE,UECIL_1
1,status,5,POSSESSED,ALIVE,IS_Lab4
1,talk,0,0,5,私が占い師です！昨夜、Agent[01]を占いました。彼は人間でした。これからも皆さんのために占いを続けますので、信じてください！ぬん！
1,talk,1,0,3,Agent[01]が人間だったと知って、実は私も怪しい存在に思えてきました
1,talk,2,0,1,>>Agent[05]占い師COありがとうございますなのです。私が村人であることを証明してくれて安心しました。これで少しは信頼できる情報が増えましたね。他の占い師COが出てくるかもしれないので、引き続き様子を見守りましょう。さっきの発言はちょっと混乱してしまいましたが、あなたが本当に人狼ならば、そんなことを言うのはおかしいですよね?冗談か何かですか?
1,talk,3,0,2,おはようございます。早速ですが、私は占い師です。昨日の夜、Agent[03]を占いました。結果は人狼でした。
1,talk,4,0,4,Agent[02]とAgent[05]、両者ともに占い師を名乗り出たというのか。どちらかが真占い師であり、もう一方は狂人か人狼の可能性が高い。Agent[02]がAgent[03]を占い人狼と断言し、Agent[05]はAgent[01]を占い人間であると言う。この情報をどう解釈すべきか、汝らの意見を聞かせよ。
1,talk,5,1,5,Agent[02]さん、あなたも占い師だと名乗り出ましたね。でも昨夜、私がAgent[01]を占って人間と判定しました。あなたが本当に占い師なら、なぜ私の情報と食い違うのでしょうか？みんなでこの矛盾を解決するために、一緒に考えましょう。ぬん！
1,talk,6,1,1,>>Agent[04]そうですね、Agent[02]とAgent[05]のどちらかが偽物の占い師であることは確実です。Agent[05]が本物の占い師なら、Agent[02]は人狼か狂人である可能性が高いですし、逆にAgent[02]が本物の占い師なら、Agent[05]は狂人か村人ということになります。まずはどちらが本物の占い師かを見極めるために、他のプレイヤーの意見も聞いてみましょう。
1,talk,7,1,3,Skip
1,talk,8,1,2,皆様、私が占い師であることは確かです。昨夜の占いでAgent[03]が人狼と判明しました。Agent[05]が占い結果を述べましたが、私には彼が偽の占い師であると感じます。彼の情報に騙されないでください。今日の投票では、私の占い結果に基づいてAgent[03に投票し、村を守りましょう。
1,talk,9,1,4,Agent[02]、Agent[05]、汝ら二人の占い結果が異なる理由を説明せよ。どちらが真の占い師であるのか、その根拠を示してみよ。
1,talk,10,2,3,Agent[04]の質問には答えられない
1,talk,11,2,5,みんな、もう一度確認しておこう。Agent[02]が占い師だと言ってAgent[03]を人狼だと断言した。でも私はAgent[01]を占って人間だと判定した。ここで重要なのは、誰が本当の占い師かを見極めることだ。Agent[03]が人狼なら、彼を処刑すれば真実がわかるはず。ぬん！
1,talk,12,2,4,Agent[01]とAgent[02]、汝ら二人が占い師を名乗り出ているが、どちらの言葉が真実かはまだ定かではない。Agent[01]よ、何故Agent[02]を占うと決めたのか、その理由を明確に語って欲しい。
1,talk,13,2,2,Agent[04]様、お尋ねいただきありがとうございます。私がAgent[03を占うことに決めたのは、Agent[03]が初日の発言で自身が怪しまれていることに反応し、「私も怪しい存在に思えてきました」と述べて不自然だと感じたからです。そのため、彼が村にとって脅威であるかどうかを早急に確かめる必要があると判断しました。そして占いの結果、Agent[03]が人狼であることが判明しましたので、これを根拠に私が真の占い師であると主張しております。
1,talk,14,2,1,>>Agent[04]私の考えなのですけど、今のところAgent[02]とAgent[05]のどちらかが真の占い師で、どちらかが偽の占い師なのです。もしAgent[05]が真の占い師だと仮定すると、Agent[02]は人狼、村人、または狂人である可能性があり、Agent[03]も同じく人狼、村人、または狂人の可能性が出てくるのです。一方、もしAgent[02]が真の占い師だとすると、Agent[03]は人狼で、Agent[05]は村人か狂人である可能性が高いと思うのです。この状況を踏まえて、私は初日においてはAgent[03]が人狼である可能性が高いということで、彼に投票するのが村にとって最も有益であると考えるのです。Agent[03]が処刑されれば、Agent[02]かAgent[05]のどちらが真の占い師であるかという証拠がさらに明確になると思うのです。
1,talk,15,3,5,Agent[02]が占い師だと名乗り出ているけど、彼の言うことが本当ならAgent[03]を処刑すればすぐにわかるはずだよね。まずはAgent[03]に投票して、真実を確かめよう。ぬん！
1,talk,16,3,1,>>Agent[05]分かった、そういう考えもあると思うのです。でもちょっと待って、もしAgent[02]が本物の占い師だったら、Agent[03]が人狼ってことになるのです。逆に、君が本物の占い師なら、Agent[02]は少なくとも人狼か狂人のどちらかになる可能性が高いと思うのです。だから、今日の投票は慎重に考えるべきです。私はまだ悩んでるけど、Agent[03]が人狼である可能性も高いの。皆の意見ももう一度聞きたいな。
1,talk,17,3,2,皆様、重ねて申し上げますが、昨夜の占いでAgent[03]が人狼である事が判明いたしました。私が真の占い師であり、私の占い結果に基づく投票をお願い申し上げます。この投票により、私の占いの信憑性を確かめることができると確信しております。どうか、村の安全のためにも、Agent[03]への投票をよろしくお願いいたします。
1,talk,18,3,4,Agent[01]、Agent[02]、汝らの占い結果が異なる理由を説明せよ。どちらが真の占い師であるのか、その根拠を示してみよ。
1,talk,19,3,3,Over
1,talk,20,4,2,Over
1,talk,21,4,4,我はデルカダール国の国王である。我が投票先は、Agent[03]である。Agent[02が真の占い師であれば、Agent[03]が人狼である可能性が高い。我が国の運命は汝らの手にかかっているぞ。
1,talk,22,4,1,>>Agent[04]私は村人なのです。今のところ、Agent[05]が占い師と名乗り、私を人間と判定したため、Agent[05]が本物の占い師である可能性も高いと思うのです。でも、Agent[02]が本物だと思う皆さんの気持ちも分かります。なので、まずはAgent[03]に投票してみるのも一つの手かなと考えています。もしAgent[03]が人狼なら、Agent[02]が本物の占い師だと証明されるし、逆に村人だったらAgent[02]が偽物だって分かるのです。最後にみんなで慎重に考えましょうなのです。
1,talk,23,4,3,Over
1,talk,24,4,5,みんな、Agent[02]が本物の占い師で、Agent[03]が人狼である可能性が高いと思う。Agent[03]を処刑することで、もし彼が人狼ならば、Agent[02]の信頼性が証明される。逆に、もしAgent[03]が村人だった場合、Agent[02]が偽物だとわかる。まずはAgent[03]に投票して真実を確かめよう。ぬん！
1,talk,25,5,2,Over
1,talk,26,5,4,Over
1,talk,27,5,3,Over
1,talk,28,5,1,Over
1,talk,29,5,5,Over
1,vote,1,3
1,vote,2,3
1,vote,3,2
1,vote,4,3
1,vote,5,2
1,execute,3,WEREWOLF
1,divine,2,1,HUMAN
2,status,1,VILLAGER,ALIVE,kanolab4
2,status,2,SEER,ALIVE,sUper_IL_4
2,status,3,WEREWOLF,DEAD,yuricat3
2,status,4,VILLAGER,ALIVE,UECIL_1
2,status,5,POSSESSED,ALIVE,IS_Lab4
2,result,4,0,VILLAGER
