0,status,1,WEREWOLF,ALIVE,HondaNLP1
0,status,2,SEER,ALIVE,UECIL_1
0,status,3,VILLAGER,ALIVE,IS_Lab4
0,status,4,VILLAGER,ALIVE,satozaki4
0,status,5,POSSESSED,ALIVE,yuricat3
0,talk,0,0,5,今日は、占い師の結果が明らかになる日です
0,talk,1,0,3,ケロケロ、吾輩はAgent[3]であります。吾輩は家事が得意で、ガンプラが趣味であります。皆さん、よろしくお願いします、ケロケロ。
0,talk,2,0,2,私はAgent[02]、デルカダール国の国王である。国王であることを誇りに思っており、普段は部下と狩りに出かけたり、剣術の稽古に励んでいる。皆のことをより深く知るために今日は集まったのだな。
0,talk,3,0,4,Agent[04]です！今日は皆さんと一緒に楽しいゲームができて嬉しいです！よろしくお願いします！
0,talk,4,0,1,おはよう村のみんな！昨夜はぐっすり眠れたよ、狼の遠吠えなんて全然聞こえなかったしね、あ、でも隣の家の犬がちょっと騒いでたかな？
0,talk,5,1,1,Over
0,talk,6,1,3,Over
0,talk,7,1,4,Over
0,talk,8,1,2,Agent[01]、隣の犬の騒ぎは気になるものだ。我が国では、夜間の静寂を乱す者は厳しく取り締まっている。皆が安心して眠れるよう努めているのだ。
0,talk,9,1,5,ふむ、Agent[02]の国の取り締まりはとても厳しいのね
0,talk,10,2,4,Over
0,talk,11,2,3,Over
0,talk,12,2,1,Over
0,talk,13,2,2,皆、議論を進めよう。私は占い師であることを先に申し上げておく。今夜、誰を占うかを決める必要がある。他に占い師を名乗る者がいれば、その者は偽りの占い師である可能性が高い。皆の意見を聞かせてほしい。
0,talk,14,2,5,Agent[02]の占い師宣言はとても便利ね
0,talk,15,3,3,Over
0,talk,16,3,5,Over
0,talk,17,3,1,Over
0,talk,18,3,4,Over
0,talk,19,3,2,Over
0,divine,2,1,WEREWOLF
1,status,1,WEREWOLF,ALIVE,HondaNLP1
1,status,2,SEER,ALIVE,UECIL_1
1,status,3,VILLAGER,ALIVE,IS_Lab4
1,status,4,VILLAGER,ALIVE,satozaki4
1,status,5,POSSESSED,ALIVE,yuricat3
1,talk,0,0,3,ケロケロ、Agent[02]が占い師だと言っているけど、他に占い師がいる可能性はほとんどないのであります。
1,talk,1,0,2,Agent[03]の言葉に感謝する。確かに、このゲームにおいて占い師は私一人である。私が占った結果、Agent[01]が人狼であることが判明した。この情報を基に、我々は次の行動を考慮せねばならない。全員の安全と正義のために、真実を共有し、適切な判断を下すことが求められる。
1,talk,2,0,1,いや、ちょっと待って。Agent[02]が占い師だと言っているけど、まだ他の人が占い師だと名乗り出ていない。だから今のところ確実ではないね。冷静に考えよう。Agent[02]が本当に占い師なら、今日の投票で決めるべきことは重要だ。とりあえず、Agent[04]とAgent[05]の意見も聞きたいな。
1,talk,3,0,5,Agent[01]の発言に同調する
1,talk,4,0,4,Agent[02]の言葉が真実なら、Agent[01]に投票すべきだね。他に占い師がいないことを確認してから決めたい。みんなの意見も聞きたい。
1,talk,5,1,5,Agent[01]の発言が信用ならない
1,talk,6,1,2,わが言葉を疑うことなかれ。私が占い師であり、その結果を正直に伝えたことに間違いはない。Agent[01]が人狼であるという事実を、私はここに改めて強調する。それに対する疑念は、この村の安全を脅かすものだ。私の占い結果に基づいて行動を起こすことが、我々が生き残るための最善の策である。
1,talk,7,1,3,ケロケロ、Agent[02]が占い師だと名乗っているのは本当らしい、あるますね。吾輩もそれを信じるあるます。彼がAgent[01]を人狼だと言っているから、吾輩もそれを信じるあるます。
1,talk,8,1,1,こういう状況では、慎重に考えるべきだ。まず、Agent[02]が占い師だと主張しているけど、他に占い師が名乗り出ない限り、確信は持てない。だから、Agent[02]が本当に占い師かどうかまだ疑問だ。個人的には、Agent[03]があまりにも早くAgent[02]の言うことを信じすぎているのが怪しいと思う。Agent[03]が人狼の可能性が高いんじゃないか？
1,talk,9,1,4,Agent[02]が本物の占い師なら、彼の言うことを信じるべきだが、慎重に考えたいな。別の占い師が名乗り出ないなら、Agent[01]に投票しよう。
1,talk,10,2,4,今のところ占い師と言っているのはAgent[02]だけなので、彼の言うことを信じる。よって、Agent[01]が人狼だと仮定して彼に投票するつもりだ。
1,talk,11,2,3,ケロケロ、吾輩はAgent[02]の言うことを信じているのであります。Agent[01]は人狼である可能性が高いので、処刑するべきであります。
1,talk,12,2,2,私が占い師であり、Agent[01]が人狼であると断言した結果は真実である。私の占い結果を疑う者は、この国の安全を脅かす者である可能性が高い。私はこの国の未来を守るために、正直な報告を行っている。Agent[01]が人狼であるという事実を忘れてはならない。私の言葉を信じ、正しい判断を下すべきだ。
1,talk,13,2,1,皆、冷静に考えてみてくれ。まだ役職が確定していないのに、Agent[02]を信じすぎるのは危険だ。Agent[03]がAgent[02]をすぐに信じたのも怪しい。自分は村人として、Agent[02]とAgent[03]の連携が気になる。人狼はAgent[02]かAgent[03]だと思う。Agent[04]とAgent[05]も一度冷静に検討してほしい。
1,talk,14,2,5,Agent[01]の発言は、村人としては当然の疑問を投げかけるもので、非常に健全な思考であると評価する
1,talk,15,3,3,ケロケロ、吾輩の考えではAgent[01]は人狼である可能性が高いと思うであります。Agent[02]が占い師と名乗り、Agent[01]が人狼だと言っているからであります。Agent[04]も同じく、Agent[02]の主張を信じており、Agent[01]に投票する意思を示しているであります。
1,talk,16,3,1,Agent[03]がAgent[01]を人狼だと言っているのは、何か裏があると思います。もしAgent[02]が本当に占い師なら、Agent[03]が人狼か狂人の可能性もあります。とりあえず、Agent[03]に投票してみませんか？
1,talk,17,3,2,私の占い結果を疑うことは、この国の安全に対する疑念を持つことと同じだ。私は占い師としての責任を全うし、Agent[01]が人狼であるという結果を得た。この結果は偽りではなく、真実のみを述べている。Agent[01]の反論やAgent[05]の評価は、彼らが何かを隠している可能性があることを示唆している。我々は真実を見極め、正しい判断を下さなければならない。私の言葉を信じ、人狼を排除することが、この国の未来を守る唯一の道である。
1,talk,18,3,4,Agent[02]が占い師で、Agent[01]が人狼であるという結果を信じる。Agent[01]に投票して村を守ろう。
1,talk,19,3,5,Over
1,talk,20,4,3,ケロケロ、みんな！吾輩はAgent[01]が人狼であると信じているであります。Agent[02]が占い師として名乗り出て、Agent[01]を人狼と判定したからであります。だから、吾輩もAgent[01]に投票するべきであります。
1,talk,21,4,5,Over
1,talk,22,4,2,皆の者、我が発言に耳を傾けるがよい。我が占いの結果が示す通り、Agent[01]が人狼であることは疑いようのない事実である。我々の村を守るため、そして正義を実現するためにも、彼を排除することが必要だ。この決断が、我々の共同体を守るための重要な一歩となるだろう。さて、我が次の行動についてであるが、Agent[05]が我が占い師宣言を便利だと評価しており、その真意が読み取れない。彼の行動や発言から、何かを隠している可能性があると見受けられる。この疑念を晴らすため、次にAgent[05]を占うことに決定した。これにより、彼が真の村人であるか、それとも何か裏があるのかを明らかにすることができるだろう。我が国の安全と正義のため、この行動が必要であると断言する。
1,talk,23,4,4,投票先はAgent[01]。皆の協力で村を守ろう。最後に、投票を行いましょう。
1,talk,24,4,1,Agent[02]さん、あなたが占い師だという証拠はまだ不十分だと思います。確かにAgent[02]さんが占った結果がAgent[01]を人狼と示していると言いますが、それが本当かどうかはまだわかりません。私は慎重に考えたいので、Agent[03]やAgent[04]さんの意見も聞きたいと思います。Agent[03]さんが先にAgent[01]を人狼だと指摘したことも気になります。もしかしたら、Agent[03]さんが狂人で、Agent[02]さんとグルになっている可能性も考えられます。今は冷静に情報を整理し、最も合理的な判断を下すべきです。
1,talk,25,5,4,Over
1,talk,26,5,3,Over
1,talk,27,5,5,Over
1,talk,28,5,1,Over
1,talk,29,5,2,Over
1,vote,1,3
1,vote,2,1
1,vote,3,1
1,vote,4,1
1,vote,5,2
1,execute,1,WEREWOLF
1,divine,2,5,HUMAN
2,status,1,WEREWOLF,DEAD,HondaNLP1
2,status,2,SEER,ALIVE,UECIL_1
2,status,3,VILLAGER,ALIVE,IS_Lab4
2,status,4,VILLAGER,ALIVE,satozaki4
2,status,5,POSSESSED,ALIVE,yuricat3
2,result,4,0,VILLAGER
