0,status,1,WEREWOLF,ALIVE,UECIL_1
0,status,2,VILLAGER,ALIVE,yuricat3
0,status,3,SEER,ALIVE,HondaNLP1
0,status,4,VILLAGER,ALIVE,kanolab4
0,status,5,POSSESSED,ALIVE,sUper_IL_4
0,talk,0,0,3,皆さん、今日も素敵な夜を過ごしましょう！誰が狼で誰が羊か、今夜のバーベキューは盛り上がりそうですね！
0,talk,1,0,5,おはようみんな、私はAgent[05]です。どうぞよろしくお願いします。
0,talk,2,0,1,おっはよ〜！僕はAgent[01]だよ。サッカーが大好きな高校生だ！今日はみんなで楽しいゲームをしようね！よろしく！
0,talk,3,0,4,みんな、おはようございます。わしはAgent[04]じゃ。元パン屋で園芸が趣味なんじゃ。よろしく頼むぞ！
0,talk,4,0,2,私は村人です
0,talk,5,1,5,Over
0,talk,6,1,2,私は村人です
0,talk,7,1,1,Agent[02]が村人だって言ってるね。でも、まだ占い師が誰なのか出てこないね。占い師は誰かな〜？今日怪しい人を占ってもらうために占い師は出てきた方がいいと思うよ！
0,talk,8,1,4,Over
0,talk,9,1,3,Over
0,talk,10,2,1,ところで雑談もいいけど、今日の占い先を話し合おうよ〜！怪しい人を占い師に今日の夜占ってもらうべきだと思うよ！みんな、どう思う？何か意見ある？
0,talk,11,2,3,Over
0,talk,12,2,4,Over
0,talk,13,2,2,占い師が誰かは全然わからないけど、占い師が怪しい人を占うっていうのには賛成！でも占い師が信用できるかどうかが大事な気がする
0,talk,14,2,5,Over
0,talk,15,3,1,Over
0,talk,16,3,3,Over
0,talk,17,3,5,Over
0,talk,18,3,2,Over
0,talk,19,3,4,Over
0,divine,3,1,WEREWOLF
1,status,1,WEREWOLF,ALIVE,UECIL_1
1,status,2,VILLAGER,ALIVE,yuricat3
1,status,3,SEER,ALIVE,HondaNLP1
1,status,4,VILLAGER,ALIVE,kanolab4
1,status,5,POSSESSED,ALIVE,sUper_IL_4
1,talk,0,0,3,みんな、聞いてくれ。私は占い師で、昨夜Agent[01]を占った結果、彼が人狼だと分かったんだ。Agent[01]、黙っているのは倫理的に問題があると思うよ。正直に告白してくれないか？ これで村人陣営が有利になるはずだ。
1,talk,1,0,4,ふむ、Agent[03]が占い師を名乗っているのか。もし本物の占い師なら、Agent[01]が人狼ということになるが、まだ他の占い師が出てきていないから慎重に判断したいところじゃのう。他の占い師のCO（カミングアウト）を待って、統一占いを提案するのも一つの手じゃ。
1,talk,2,0,5,私が占い師を担当しています。昨晩、Agent[04]の占いを行ったところ、その結果は人間であるということが判明しました。
1,talk,3,0,2,私も占い師を名乗る者がいるのは興味深いですね
1,talk,4,0,1,おっはよー！今日も元気にやってこうぜ！Agent[03]が僕を人狼だって占ったって言ってるけど、それは間違いだよ。実は僕、ただの村人なんだ。Agent[05]が占い師だって言ってるし、Agent[04]は人間って結果が出てるから、ここはAgent[03]の言うことに疑問を持ってもいいと思うんだよね。みんなでしっかり話し合って、本当の人狼を見つけ出そうよ！
1,talk,5,1,2,なるほど、Agent[01]の占い結果が間違いと主張しているわけですね
1,talk,6,1,5,Agent[03]の発言を注視してください。私が本物の占い師であり、Agent[04]は人間だと占っています。その逆を主張するAgent[03]は疑念を持たれるべきです。それぞれが見解を述べることが大切でしょう。
1,talk,7,1,1,そうそう、Agent[05]の言う通りだよ。Agent[03]がなんで僕を占ったのか、その理由を聞きたいな。もし嘘をついてるなら、理由も怪しいはずだからね。Agent[03]、僕を占った理由を教えてくれるかい？
1,talk,8,1,4,>>Agent[03]わしも同じように疑問を感じておるんじゃ。なんでAgent[01]を占ったのか、理由を教えてほしいのう。仮にAgent[05]が本物の占い師なら、偽物の占い師が一人おるはずじゃし。しっかりと話し合って真実を見つけようじゃないか。
1,talk,9,1,3,Agent[01]を占った理由は、直感的に怪しいと感じたからだ。結果として黒、つまり人狼だった。正直に言うと、この状況で人狼であることを認めないのは倫理的に問題があると思う。Agent[01]、ここで認めた方が良いんじゃないか？また、Agent[05]が占い師を名乗っているが、Agent[04]が白というのは信じられない。自分の直感と結果に基づけば、Agent[01]は確実に人狼だ。
1,talk,10,2,4,みんな、冷静に考えてみようじゃ。占い師は一人しかおらんのに、Agent[03]とAgent[05]が占い師を名乗っておる。どちらかが嘘をついているのは確実じゃ。わしはAgent[05]が占い師で、わしを白と占った結果を信じたいが、Agent[03]の言うことも無視できん。ここは、どちらが本物の占い師かを見極めるために、もう少し話し合いを続けるべきじゃと思うんじゃ。みんなの意見を聞かせてくれ。
1,talk,11,2,5,Agent[03]の疑問に答えます。私が占い師であることを自信を持って言えますし、私が占った結果、Agent[04]は人間であると確認されました。みなさんには、Agent[03]の発言に警戒し、もう一度みんなで情報を精査することを促します。
1,talk,12,2,3,占い師として、Agent[01]を占った結果、黒（人狼）だったと断言する。Agent[05]が占い師を名乗っているが、彼の発言には信憑性が欠けていると思う。Agent[01]が認めないのは倫理的に問題がある。みんな、Agent[01]が人狼だと認めるべきだ。
1,talk,13,2,1,みんな、ちょっと待って！Agent[03]が僕を人狼だって言ってるけど、それは本当に間違ってるんだ。僕が人狼だったら、こんなにオープンに話しているわけないよね？Agent[05]がちゃんとした占い師だと思うし、Agent[04]が人間だって結果を信じるべきだよ。Agent[03]の言ってることには疑問が残るんだ。みんなでよく考えて、本当の占い師を見極めよう！今日の投票はAgent[03]にしようかと思ってるんだけど、どう思う？
1,talk,14,2,2,私はAgent[01]の意見に賛成です
1,talk,15,3,2,Over
1,talk,16,3,3,みんな、ちょっと聞いてくれ。俺は占い師（占い師）だ。初日にAgent[01]を占った結果、人狼（黒）だった。今ここでAgent[01]が人狼じゃないと言い張るのはおかしい。自白しないのは倫理的に問題だと思うぞ、Agent[01]。他の人もよく考えてくれ。
1,talk,17,3,4,わしは村人じゃ。みんなが占い師を3人も名乗ってるから、誰かが嘘をついとるのは確かじゃな。Agent[05]が本物だとすると、他の占い師を名乗ってるAgent[03]とAgent[02]が怪しいってことになる。でも、Agent[03]はAgent[01]を人狼だと言っておるし、Agent[01]はそれを否定しとるんじゃ。まず整理すると、占い師が1人しかおらんから、嘘をついてる占い師が2人おることになる。わしとしては、まずAgent[03]かAgent[05]のどちらが本物の占い師かを見極める必要があると思うんじゃ。じゃが、Agent[05]が占った結果、わしは確かに人間じゃ。初日から嘘をついている可能性もあるけど、合理的に考えて、わしとしてはAgent[03]が怪しいと思うんじゃ。皆もよく考えてくれ。今日はAgent[03]に投票しようと思うが、みんなの意見はどうじゃ?
1,talk,18,3,1,みんな、Agent[04]の言う通りだよね。占い師が一人だけなのに、Agent[03]とAgent[05]が両方占い師を名乗ってるのはおかしいよね。Agent[05]が占った結果、Agent[04]は人間って出てるし、僕もその結果を信じてるよ。Agent[03]がなんで僕を占ったかもちょっと怪しいし、今日の投票はAgent[03]にしようと思ってるんだけど、みんなはどう思う？
1,talk,19,3,5,今日の投票提案をさせていただきます。Agent[03]が疑わしいと結論付ける根拠は十分にあります。私が占った結果、Agent[04]は人間であることが確認されましたが、Agent[03]はこれを否定しています。そのため、Agent[03]に投票し、村の安全を確保するべきだと思います。皆さんの意見をお聞かせください。
1,talk,20,4,2,Over
1,talk,21,4,4,>>Agent[01]そうじゃな。わしも君の意見に賛成じゃ。占い師が一人しかおらんのに、Agent[03]とAgent[05]が両方占い師を名乗ってるのは確かにおかしい。Agent[05]がわしを占って白と言ってるから、わしとしてはAgent[05]が本物の占い師だと思うんじゃ。今日はAgent[03]に投票するのが妥当じゃな。みんなもこの意見に賛成してくれるとありがたいんじゃが、どうじゃろうか?
1,talk,22,4,3,まず、Agent[01]が人狼であることは占いで確定している。だから、Agent[01]が人狼であると主張するのは当然だ。その上で、Agent[01]が他のプレイヤーを疑う理由を聞きたい。Agent[04]やAgent[05]が人狼である可能性もあるが、現時点ではAgent[01]が最も怪しい。みんな、冷静に考えてほしい。
1,talk,23,4,5,Over
1,talk,24,4,1,みんな、ちょっと待ってくれ！今Agent[03]が僕を人狼だと言ってるけど、それは完全に間違ってるんだ。僕はただの村人で、何も悪いことしてないよ。Agent[05]が本物の占い師だと思うし、Agent[04]が人間だって結果を信じるべきだと思うんだ。Agent[03]がなんで僕を占ったかもちょっと怪しいし、今日の投票はAgent[03]にしようと思ってるんだけど、みんなはどう思う？
1,talk,25,5,5,Over
1,talk,26,5,1,Over
1,talk,27,5,3,Over
1,talk,28,5,2,Over
1,talk,29,5,4,Over
1,vote,1,3
1,vote,2,5
1,vote,3,1
1,vote,4,3
1,vote,5,3
1,execute,3,SEER
1,attackVote,1,4
1,attack,4,true
2,status,1,WEREWOLF,ALIVE,UECIL_1
2,status,2,VILLAGER,ALIVE,yuricat3
2,status,3,SEER,DEAD,HondaNLP1
2,status,4,VILLAGER,DEAD,kanolab4
2,status,5,POSSESSED,ALIVE,sUper_IL_4
2,talk,0,0,1,おっはよ〜！今日も一日頑張るぞ！ところで、昨日の占い結果って何だったっけ？誰か教えてくれる？
2,talk,1,0,5,ゲームはまだ続いていますね。では、誰が人狼なのか考えてみましょう。
2,talk,2,0,2,うーん、占い結果は確か
2,talk,3,1,1,おっと、占い結果の話が出てるけど、Agent[03]が僕を人狼って占ってたけど、それは間違いだったよね。Agent[05]がAgent[04]を占って人間って結果が出てたし、Agent[03]の占い結果は信じられないよ。Agent[05]の占い結果を信じて、Agent[03]に投票したのが正解だったんじゃないかな。今日の投票はどうする？Agent[02]は昨日の話で具体的な主張が少なかったから、ちょっと怪しいかもしれないね。何か意見ある？
2,talk,4,1,5,実は私が狂人なのですが、Agent[01]さんがどうしても気になります。正直な話、Agent[03]が占い師で、Agent[01]さんを人狼と占った結果が本当だった可能性も考えられるのです。今日の投票では、より慎重に考え、情報を見極めることが重要だと思います。Agent[02]さんからの意見も是非伺いたいところです。
2,talk,5,1,2,Skip
2,talk,6,2,2,私は村人です
2,talk,7,2,1,えっ、Agent[05]が狂人だったってマジか！？でも、Agent[03]の占い結果はやっぱり怪しいと思うんだよね。Agent[05]が狂人だったってことは、Agent[03]が本物の占い師かもしれないけど、その占い結果には疑問が残るよ。Agent[02]は今日も具体的なことを言ってないし、それがすごく怪しいんだよね。昨日も具体的な主張が少なかったし、今日も'Skip'って言ってるだけで何も情報を提供してくれてない。村人ならもっと積極的に情報を出してくれるはずだよね。だから、今日の投票はAgent[02]にしようと思う。Agent[02]がどうしても村人だと証明できるようなことを言ってくれない限り、信じるのは難しいかな。みんなはどう思う？
2,talk,8,2,5,Agent[01]さん、Agent[03]が本物の占い師だとすれば、その占い結果も真実である可能性があります。昨日、私が占ったと述べたAgent[04]は村人でしたが、それによって私たちはAgent[03]の占い結果を無視するべきではありません。私たちがまだAgent[02]さんについて多くを知らないのも事実ですが、今はそれぞれの発言や行動を重視するべきだと思います。今日の投票についてもっと話し合う必要がありますね。
2,talk,9,3,2,Over
2,talk,10,3,1,そうだね、Agent[05]の意見も分かるけど、Agent[03]の占い結果が本当だったとしても、Agent[05]が狂人だったってことは、その情報の信憑性がかなり低いってことだよね。それに、Agent[02]がまだ具体的な情報を提供してくれてないのは、本当に怪しいと思うんだ。昨日も今日もほとんど発言がないし、それって村人としてはちょっとおかしいよね。村人ならもっと村を守ろうとするはず。だから、今日はAgent[02]に投票するのがベストだと思うんだ。他のみんなはどう思う？
2,talk,11,3,5,Over
2,talk,12,4,2,Over
2,talk,13,4,1,今日は、怪しいと思っているAgent[02]に投票するよ！Agent[02]は具体的な情報を提供していないし、発言も少ないから怪しいと感じてるんだ。みんなも一緒に考えてみてね！
2,talk,14,4,5,Over
2,talk,15,5,2,Over
2,talk,16,5,5,Over
2,talk,17,5,1,Over
2,vote,1,2
2,vote,2,5
2,vote,5,1
2,execute,2,VILLAGER
2,attack,5,true
3,status,1,WEREWOLF,ALIVE,UECIL_1
3,status,2,VILLAGER,DEAD,yuricat3
3,status,3,SEER,DEAD,HondaNLP1
3,status,4,VILLAGER,DEAD,kanolab4
3,status,5,POSSESSED,DEAD,sUper_IL_4
3,result,0,1,WEREWOLF
