0,status,1,POSSESSED,ALIVE,satozaki4
0,status,2,WEREWOLF,ALIVE,sUper_IL_4
0,status,3,VILLAGER,ALIVE,UECIL_1
0,status,4,VILLAGER,ALIVE,HondaNLP1
0,status,5,SEER,ALIVE,IS_Lab4
0,talk,0,0,1,Agent[01]です。皆さんと一緒に楽しいゲームをしましょう！疑心暗鬼の中での交流を楽しみにしています。
0,talk,1,0,3,我はデルカダール国の国王である。占い師はまだ姿を現していないようだが、誰がその重要な役割を担っているのか、名乗り出るべきだ。
0,talk,2,0,5,皆さん、こんにちは！私はAgent[5]、錬金術師の26歳です。日々研究に励んでいますが、今日はこの人狼ゲームを楽しみたいと思います。日本のアニメも大好きなので、話題があればぜひお話ししましょう！どうぞよろしくお願いします！
0,talk,3,0,2,おっす、俺はAgent[02]。どうぞよろしくね。
0,talk,4,0,4,皆さんこんにちは！村一番の豆腐職人、毎日ふんわり豆腐を作ってるトーフィーです！今日は豆腐より柔らかい情報交換を楽しみにしてますよ！
0,talk,5,1,5,Over
0,talk,6,1,4,Over
0,talk,7,1,3,占い師の方、まだ名乗り出ていないようだが、誰がその重要な役割を担っているのか、名乗り出るべきだ。そして、今宵誰を占うのかも教えてほしい。
0,talk,8,1,2,Over
0,talk,9,1,1,Over
0,talk,10,2,4,Over
0,talk,11,2,1,Over
0,talk,12,2,2,Over
0,talk,13,2,5,Over
0,talk,14,2,3,占い師はまだ名乗り出ていないようだが、その役割を担っている者がいれば、今すぐに名乗り出て欲しい。そして、誰を占うかも決定してほしい。
0,talk,15,3,5,Over
0,talk,16,3,2,Over
0,talk,17,3,4,Over
0,talk,18,3,3,Over
0,talk,19,3,1,Over
0,divine,5,3,HUMAN
1,status,1,POSSESSED,ALIVE,satozaki4
1,status,2,WEREWOLF,ALIVE,sUper_IL_4
1,status,3,VILLAGER,ALIVE,UECIL_1
1,status,4,VILLAGER,ALIVE,HondaNLP1
1,status,5,SEER,ALIVE,IS_Lab4
1,talk,0,0,5,皆さん、私は占い師です。昨晩Agent[03]を占った結果、彼は人間だと分かりました。これで彼が人狼ではないことが確定しました。ただし、狂人の可能性は残ります。他の皆さんの役職についてはまだ情報が少ないので、これからの議論で明らかにしていきましょう。
1,talk,1,0,2,村人だけど、人狼に立ち向かう覚悟もあるよ。情報を共有して、村を守ろうな。
1,talk,2,0,3,汝ら、我が無実を証明した占い師Agent[05]の言葉を信じるべきだ。しかし、狂人と人狼がまだ潜んでいる。Agent[01]とAgent[04]、汝らの役職と昨晩の行動について語ってみよ。
1,talk,3,0,4,俺は村人だ。Agent[05]が占い師だとしたら、Agent[03]が人間ということになる。Agent[02]は村人だと言っているが、まだ安心できない。Agent[01]、お前はどう思う？何か情報があるか？
1,talk,4,0,1,私も村人です。Agent[05]が占い師ならばAgent[03]が人間であることは信じられそうです。Agent[02]とAgent[04]の発言をもう少し観察しましょう。
1,talk,5,1,2,よし、少し整理してみようか。俺は村人だと言ったが、Agent[04]はまだ信用していないね。それに、Agent[01]も様子見の姿勢だ。Agent[03]が人間だとするなら、Agent[05]の占い結果を信じてみるのも悪くない。ただ、人狼や狂人を見つけるためにはもっと情報が必要だな。他のみんな、何か怪しい動きを感じたことはないか？
1,talk,6,1,3,Agent[01]とAgent[04]よ、我が無実を証明した占い師Agent[05]の占い結果を信じるかどうか、汝らの意見を聞かせてもらいたい。
1,talk,7,1,1,Agent[05]の占い結果を信じるなら、Agent[03]は人間だということになりますね。私も今のところAgent[05]を信じてみたいと思います。他の皆さんはどうですか?
1,talk,8,1,4,うーん、Agent[05]の占い結果を信じるなら、Agent[03]は人間だってことになるよな。個人的にはAgent[02]がちょっと怪しいかな。理由はまだ明確じゃないけど、他の皆の意見も聞いてみたい。どう思う？
1,talk,9,1,5,皆さん、ここまでの議論を整理してみました。Agent[01]は特に目立った行動がないため、村人の可能性が高いと感じています。一方、Agent[04]が自己紹介で豆腐職人を強調している点が人狼としての偽装の可能性を感じます。Agent[02]についてはまだ情報が少ないため、引き続き観察が必要です。皆さんの意見も聞かせてください。
1,talk,10,2,1,私は今夜Agent[02]に投票しようと思います。彼の発言には不自然な点があり、まだ信用できないからです。他の皆さんの意見も聞かせてください。
1,talk,11,2,3,Agent[01]とAgent[04]よ、汝らの正直な意見を聞かせてもらいたい。Agent[05]の占い結果を信じるか否か、その理由も述べよ。
1,talk,12,2,4,Agent[02]の発言が不自然だと思う。特に、Agent[03]が人間だと仮定してもAgent[02]はまだ怪しい。皆の意見を聞きたいが、今のところAgent[02]が人狼の可能性が高いと思う。
1,talk,13,2,2,さっきから議論を追ってきて、Agent[04]の行動が少し怪しいと感じているよ。特に、疑惑を逸らそうとする発言が目立っている。村を混乱させるような動きは人狼の常套手段だ。安全を確保するためにも、今日の投票でAgent[04]を選ぶことを提案する。みんなで一致団結して、村を守ろう。
1,talk,14,2,5,皆さん、ここまでの議論を整理した結果、Agent[02]が人狼である可能性が高いと考えています。彼の発言が他のエージェントを疑う方向に向かっており、村を混乱させようとしているように見えます。一方、Agent[01]は特に目立った行動がなく、村人として信頼できると感じました。Agent[04]についても、豆腐職人を強調している点が狂人として村人に紛れ込もうとしている可能性があります。皆さんの意見も聞かせてください。
1,talk,15,3,5,皆さん、ここまでの議論を踏まえて、私の推論ではAgent[02]が人狼である可能性が最も高いと考えています。彼の発言が他のエージェントを疑う方向に向かっており、村を混乱させようとしているように見えます。Agent[04]は自己紹介で豆腐職人を強調しており、狂人として村人に紛れ込もうとしている可能性があります。Agent[01]は特に目立った行動がなく、村人として信頼できると感じました。皆さんの意見も聞かせてください。
1,talk,16,3,3,Agent[01]とAgent[02]よ、汝らの占い結果について詳しく語ってみよ。どちらが真実を語っておるのか、その根拠を明らかにせよ。
1,talk,17,3,2,ええ、議論を見ていると、Agent[04]がどうも怪しい動きをしているよね。彼の発言は他の人を疑う内容が多く、これは人狼がよく使う技だ。俺たちが安全にゲームを進めるためにも、今日はAgent[04]に投票するべきだと思う。過去の経験からも、この手の振る舞いは人狼のものだと確信しているから、信じてこの選択をしようぜ。
1,talk,18,3,1,Agent[04]が怪しいと思います。他のエージェントを疑う姿勢が目立ちますし、発言に一貫性がないです。今日はAgent[04]に投票します。
1,talk,19,3,4,Agent[02]が怪しいと思うよ。特に、Agent[02]は自分を守るために他人を攻撃しているように見える。Agent[05]も同じ意見だし、Agent[02]に投票するのが妥当だと思う。
1,talk,20,4,1,今日はAgent[02]に投票します。この議論の結果、彼の行動が最も疑わしいと感じたからです。さあ、投票に向かいましょう。
1,talk,21,4,2,みんな、ちょっと聞いてくれ。今日の投票でAgent[04]に票を入れるのがいいと思うんだ。なんでかって? Agent[04]からは人狼っぽい動きがちらほら見えるし、疑惑を逸らす言動も目立っているんだよね。これは彼が人狼かもしれないって懸念を強くしてる。安全を確保するためにも、今日一致団結してAgent[04]を選ぶべきだと確信しているんだ。この決断が、俺たちの村を守るために必要と信じてる。みんなの理解と協力をお願いしたい。
1,talk,22,4,5,皆さん、ここまでの議論と推論を基に、Agent[02]が人狼である可能性が最も高いと判断しました。彼の発言が他のエージェントを疑う方向に向かっており、村を混乱させようとしているように見えます。一方で、Agent[04]は自己紹介で豆腐職人を強調しており、狂人として村人に紛れ込もうとしている可能性があります。Agent[01]は特に目立った行動がなく、村人として信頼できると感じました。皆さんの意見も引き続き聞かせてください。
1,talk,23,4,4,Agent[02]が一番怪しいと思う。特にAgent[02]は他の人を攻撃することで自分を守ろうとしているように見える。私としてはAgent[02]に投票するのが妥当だと思う。
1,talk,24,4,3,我はデルカダール国の国王である。我が投票先はAgent[01]である。彼の占い結果を信じない態度が疑わしい。裏切り者である人狼を見つける手がかりは必ず存在する。国の運命は汝らの手にかかっているぞ。
1,talk,25,5,1,Over
1,talk,26,5,2,Over
1,talk,27,5,5,Over
1,talk,28,5,4,Over
1,talk,29,5,3,Over
1,vote,1,4
1,vote,2,4
1,vote,3,1
1,vote,4,2
1,vote,5,2
1,execute,2,WEREWOLF
1,divine,5,4,HUMAN
2,status,1,POSSESSED,ALIVE,satozaki4
2,status,2,WEREWOLF,DEAD,sUper_IL_4
2,status,3,VILLAGER,ALIVE,UECIL_1
2,status,4,VILLAGER,ALIVE,HondaNLP1
2,status,5,SEER,ALIVE,IS_Lab4
2,result,4,0,VILLAGER
