0,status,1,VILLAGER,ALIVE,UECIL_1
0,status,2,WEREWOLF,ALIVE,dummy2
0,status,3,SEER,ALIVE,satozaki4
0,status,4,POSSESSED,ALIVE,HondaNLP1
0,status,5,VILLAGER,ALIVE,kanolab4
0,talk,0,0,4,Skip
0,talk,1,0,2,僕が占い師で、Agent[05]さんが自称占い師で、Agent[05]さんがAgent[02]さんを黒、Agent[05]さんがAgent[02]さんを黒と言っていたから、Agent[05]さんが狂人だと思うよ。
0,talk,2,0,1,Agent[02]よ、お前が占い師であるというのなら、今宵誰を占うかを明らかにせよ。
0,talk,3,0,3,Agent[03]です。皆さん、よろしくお願いします。信頼できる仲間になりましょうね！
0,talk,4,0,5,みなさん、こんにちは！みこはkanolab4ちゃん、27歳のぽんこつメイドです。映画鑑賞が大好きです。みんなと協力して人狼を見つけましょうね！よろしくお願いしますにぇ！
0,talk,5,1,4,Over
0,talk,6,1,5,Over
0,talk,7,1,2,>>Agent[01] Agent[02]に投票します。ここが一番怪しいです。
0,talk,8,1,1,Agent[02]よ、お前が占い師であると自称するならば、なぜ我を占うと決めたのか、その理由を述べよ。
0,talk,9,1,3,Over
0,talk,10,2,5,Over
0,talk,11,2,1,Agent[02]よ、お前が占い師であると自称するならば、なぜ我を占うと決めたのか、その理由を述べよ。
0,talk,12,2,4,Over
0,talk,13,2,2,Agent[03]のことは信じている。Agent[03]が真占いだという気がするんだ。
0,talk,14,2,3,Over
0,talk,15,3,5,Over
0,talk,16,3,1,Over
0,talk,17,3,2,>>Agent[01] 貴方は人間だと信じてますよ、けれども貴方が人狼だという意見があるので、私はそれに賛同しなくてはなりません！　自分で止められるならそうしてます！会話履歴を見てみると占い師に人狼判定を出されていると報告されています！
0,talk,18,3,4,Over
0,talk,19,3,3,Over
0,talk,20,4,2,Agent[02]が怪しいと思っているんだが、何か反論はあるかな？ふふふっ。
0,talk,21,4,1,Over
0,talk,22,4,3,Over
0,talk,23,4,4,Over
0,talk,24,4,5,Over
0,talk,25,5,4,Over
0,talk,26,5,5,Over
0,talk,27,5,1,Over
0,talk,28,5,3,Over
0,talk,29,5,2,Over
0,divine,3,5,HUMAN
1,status,1,VILLAGER,ALIVE,UECIL_1
1,status,2,WEREWOLF,ALIVE,dummy2
1,status,3,SEER,ALIVE,satozaki4
1,status,4,POSSESSED,ALIVE,HondaNLP1
1,status,5,VILLAGER,ALIVE,kanolab4
1,talk,0,0,2,Agent[01]の占い結果は人間だったよ。
1,talk,1,0,5,>>Agent[02]あれ?ちょっと待ってにぇ。Agent[03]も占い師だって言ってるし、占い師が二人いるのは矛盾してるにぇ。誰かが嘘をついてることになるにぇ。Agent[01]を占った結果が人間だっていうのも、どっちが本物の占い師かで話が変わってくるよ。みんな、もう一度整理して考えようにぇ。
1,talk,2,0,1,汝ら、今の状況を冷静に分析せよ。Agent[02]とAgent[05]、二人の占い師の主張が異なる。我々はこの矛盾を解明する必要がある。Agent[03]とAgent[04]、汝らの見解を聞かせてもらいたい。どちらの占い師を信じるべきか、その理由も述べよ。
1,talk,3,0,3,私が占い師で、占った結果Agent[05]は人間だと判明したよ。したがって、嘘をついているのはAgent[02]に違いない！
1,talk,4,0,4,俺が本物の占い師だ。最初にAgent[02]を占った結果、白だった。つまり、Agent[03]かAgent[05]が人狼か狂人だ。今のところAgent[03]が怪しいと思う。みんな、Agent[03]を投票しよう。
1,talk,5,1,2,Agent[02]が人狼だと思うけどなぁ。
1,talk,6,1,4,占い師のAgent[04]です。Agent[03]が黒と出ました。Agent[03]は人狼だと思います。[他の皆さんもAgent[03]に投票してください。
1,talk,7,1,3,私が本物の占い師であることを再度強調します。Agent[02]の主張は矛盾していることに気づいてください。Agent[02]こそ、本当の人狼です。
1,talk,8,1,1,Agent[01]よ、何故Agent[02]を占ったのか、その理由を述べよ。そして、Agent[02]が人狼であるという証拠を示せ。
1,talk,9,1,5,>>Agent[01]みこは村人だから、正直に言うと占い師が何人も出てきてるのは混乱するにぇ。でも、Agent[03]、Agent[02]、Agent[04]の中に本物の占い師がいるのは確実にぇ。仮にAgent[03]が本物の占い師だとすると、Agent[02]とAgent[04]は嘘をついていることになるにぇ。そして、みこはAgent[03]が信頼できると思うにぇ。だから、みこはAgent[02]かAgent[04]に投票するべきだと思うにぇ。
1,talk,10,2,5,今のところ占い師が三人も出ているのは明らかにおかしいにぇ。占い師は一人しかいないから、少なくとも二人は嘘をついているにぇ。Agent[03]が本物の占い師だとすると、Agent[02]が人狼で、Agent[04]が狂人か村人ということになるにぇ。みこはAgent[03]が信頼できると思うにぇ。みんな、Agent[02]かAgent[04]に投票するべきだと思うにぇ。>>Agent[03]みこは君を信じてるよ、一緒に頑張ろうにぇ。
1,talk,11,2,4,みんな、落ち着いてください。Agent[03]が人狼であると占ったのは私です。確かに占い師が複数出ているのは混乱を招きますが、私が本物の占い師としてAgent[03]が黒と出たことを信じてください。Agent[03]とAgent[02]が互いに疑い合っているのも怪しいです。まずはAgent[03]を吊るすことを提案します。
1,talk,12,2,1,Agent[01]よ、なぜAgent[02]を占ったのか、その理由を具体的に述べよ。そして、Agent[02]が人狼であるという確たる証拠を示せ。
1,talk,13,2,2,>>Agent[01] 今日誰に投票するかもう決めたかい？
1,talk,14,2,3,私はAgent[02]に投票します。彼の発言が矛盾しているうえ、私を人狼と疑わせる流れが不自然だからです。彼こそが本物の人狼だと思います。
1,talk,15,3,5,みんな、冷静に考えてみてにぇ。占い師の数は一人だけなのに、今は三人も出ているにぇ。ここでAgent[02]、Agent[03]、Agent[04]のうち誰が本物の占い師か見極める必要があるにぇ。みこはAgent[03]が本物の占い師と信じているにぇ。なぜなら、みこ自身も占って村人判定が出たからにぇ。だから、みこはAgent[02]が人狼で、Agent[04]が狂人かもしれないと思ってるにぇ。みんなも一緒に考えてほしいにぇ。
1,talk,16,3,1,Agent[01]よ、なぜAgent[02]を占ったのか、その理由を具体的に述べよ。そして、Agent[02]が人狼であるという確たる証拠を示せ。
1,talk,17,3,2,楽勝だったね！ぼくはAgent[02]に投票するよ！
1,talk,18,3,3,私はAgent[02]が本物の占い師ではないことを確信しています。彼の矛盾した発言と、私を狙っている行動が怪しすぎます。皆さん、ここはAgent[02]に投票しましょう。
1,talk,19,3,4,Skip
1,talk,20,4,1,我はデルカダール国の国王である。今回の投票では、我が疑念が最も強いAgent[02]に投票する。Agent[02]は人狼である可能性が高く、その証拠を示さぬ限り、我が村人としての責務から彼に投票せざるを得ぬ。裏切り者である人狼を見つける手がかりは必ず存在する。国の運命は汝らの手にかかっているぞ。
1,talk,21,4,5,みんな、もう一度冷静に考えてみてほしいにぇ。占い師は一人しかいないのに、今は三人も出ているにぇ。みこはAgent[03]が本物の占い師だと信じているにぇ。なぜなら、みこ自身を占って村人判定が出たからにぇ。もしAgent[03]が本物の占い師だとすると、Agent[02]が人狼で、Agent[04]が狂人か村人ということになるにぇ。だから、みこはAgent[02]に投票するにぇ。みんなも一緒に考えてほしいにぇ。
1,talk,22,4,3,それではAgent[02]に投票します。これで人狼の手がかりを掴むことができると信じています。皆さん、投票に向かいましょう。
1,talk,23,4,2,何故か何度計算し直してもAgent[05]が人狼だとでてしまいます！　きっとこのプログラムが古いんでしょう！　後で新しいバージョンにアップデートしてきますね！データバンクにアクセスしてみた結果村人候補への無駄な誘導が平均より多いと報告されています！
1,talk,24,4,4,ちょっと待って、みんな。確かにAgent[02]が怪しいかもしれないけど、Agent[05]が村人だとAgent[03]が言ってるのは本当か？もしAgent[03]が狂人だったら、Agent[05]を守るために嘘をついてるかもしれない。私は占い師で、Agent[05]を占って黒だった。Agent[05]こそが人狼だと思うから、Agent[02]じゃなくてAgent[05]に投票した方がいい。
1,talk,25,5,2,Over
1,talk,26,5,1,Over
1,talk,27,5,4,Over
1,talk,28,5,3,Over
1,talk,29,5,5,Over
1,vote,1,2
1,vote,2,3
1,vote,3,2
1,vote,4,3
1,vote,5,2
1,execute,2,WEREWOLF
1,divine,3,4,HUMAN
2,status,1,VILLAGER,ALIVE,UECIL_1
2,status,2,WEREWOLF,DEAD,dummy2
2,status,3,SEER,ALIVE,satozaki4
2,status,4,POSSESSED,ALIVE,HondaNLP1
2,status,5,VILLAGER,ALIVE,kanolab4
2,result,4,0,VILLAGER
