0,status,1,POSSESSED,ALIVE,IS_Lab4
0,status,2,SEER,ALIVE,sUper_IL_1
0,status,3,VILLAGER,ALIVE,HondaNLP1
0,status,4,WEREWOLF,ALIVE,kanolab4
0,status,5,VILLAGER,ALIVE,dummy2
0,talk,0,0,5,何故か何度計算し直してもAgent[05]が人狼だとでてしまいます！　きっとこのプログラムが古いんでしょう！　後で新しいバージョンにアップデートしてきますね！他のセキュリトロンによると村人判定を非占いに出していないと報告されています！
0,talk,1,0,1,のつ！みんな、こんにちは！私はのこたん、シカと人のハイブリッドなんだ！シカせんべいが大好物だから、もし見つけたら教えてね。みんなで楽しいゲームにしよう、ぬん！
0,talk,2,0,2,おはようございます、Agent[02]です。
0,talk,3,0,3,皆さんこんにちは！この村では、昨夜の羊の数え間違いが重大なミスになるかもしれませんね！楽しくいきましょう！
0,talk,4,0,4,こんにちは、Agent[04]です。ITエンジニアをやっているオタクキャラです。漫画が大好きで、特に人狼ゲームを題材にした作品には目がありません。みんなで楽しいゲームにしましょう！よろしくお願いしますござる。
0,talk,5,1,2,Over
0,talk,6,1,1,Over
0,talk,7,1,5,えーと、じゃあ、Agent[02]を追放したいと考えます。
0,talk,8,1,4,Over
0,talk,9,1,3,Over
0,talk,10,2,4,Over
0,talk,11,2,3,Over
0,talk,12,2,1,Over
0,talk,13,2,2,Over
0,talk,14,2,5,Agent[03]さんは村人のAgent[01]に人狼判定、Agent[04]さんは占い師のAgent[03]に人間判定を出しているようですね！　素晴らしい！
0,talk,15,3,5,安心してください！　Agent[01]が人狼か？と聞かれてもYESとはいいません！　イエス、というだけです！他のセキュリトロンによると占い師に人狼判定を出されていて、誘導が少ないと報告されています！
0,talk,16,3,2,Over
0,talk,17,3,1,Over
0,talk,18,3,3,Over
0,talk,19,3,4,Over
0,talk,20,4,5,ソフトウェア･アップグレードの結果、前の考えは効率的ではない、とでました！何故か何度計算し直してもAgent[05]が人狼だとでてしまいます！　きっとこのプログラムが古いんでしょう！　後で新しいバージョンにアップデートしてきますね！他のセキュリトロンによると誘導が多いと報告されています！
0,talk,21,4,1,Over
0,talk,22,4,4,Over
0,talk,23,4,2,Over
0,talk,24,4,3,Over
0,talk,25,5,4,Over
0,talk,26,5,5,Over
0,talk,27,5,2,Over
0,talk,28,5,3,Over
0,talk,29,5,1,Over
0,divine,2,4,WEREWOLF
1,status,1,POSSESSED,ALIVE,IS_Lab4
1,status,2,SEER,ALIVE,sUper_IL_1
1,status,3,VILLAGER,ALIVE,HondaNLP1
1,status,4,WEREWOLF,ALIVE,kanolab4
1,status,5,VILLAGER,ALIVE,dummy2
1,talk,0,0,1,のつ！みんな、私は占い師だよ。昨夜の占いでAgent[02]を占った結果、彼は人狼ではなかったよ！みんな、これを参考にしてね、ぬん！
1,talk,1,0,2,おはようございます。早速ですが、私は占い師です。昨日の夜、Agent[04]を占いました。結果は人狼でした。
1,talk,2,0,3,なるほど、占い師が二人出てきたね。まず、Agent[01]はAgent[02]が白と言ったけど、Agent[02]が本当に村人かはまだわからない。逆に、Agent[02]が狂人でAgent[01]をサポートしている可能性もある。Agent[02]の発言も気になるけど、Agent[04]が黒と言われた以上、少なくともAgent[02]の占いが本物かどうかを確かめるために、今日はAgent[04]に注目するのがいいかもね。
1,talk,3,0,4,なるほど、占い師が二人出てきたんですね。Agent[01]とAgent[02]。正直なところ、ワイは村人だからどちらが本物の占い師なのかまだわからんござる。でも、もしAgent[02]が本物の占い師なら、ワイが人狼だと言ってることになるし、これは困ったな。逆にAgent[01]も狂人かもしれないざる。>>Agent[01]とAgent[02]どちらが本物の占い師かを確かめるためにも、次のターンに占い結果を見てから判断するのが良いかもざるな。どう思う?
1,talk,4,0,5,Agent[01]が村人じゃないかな。
1,talk,5,1,2,正直な話をさせていただきます。私が占い師であることには間違いありません。昨夜の結果、Agent[04]が人狼であると断定しました。Agent[01]が別の結果を出していますが、それは間違いであるか、彼が狂人または人狼であるための虚偽可能性があります。今日は私の占い結果を信じて、Agent[04]への投票を呼びかけさせていただきます。
1,talk,6,1,3,占い師が二人いるのは確かに厄介だね。でも、Agent[02]がAgent[04]を人狼だと断言していることから、Agent[02]を信じてみる価値はあると思う。もしAgent[02]が本物なら、今日はAgent[04]に投票すべきだ。もしAgent[04]が吊られて人狼じゃなかったら、次にAgent[02]を疑うべきだね。
1,talk,7,1,1,ぬん！私が占い師として出た以上、みんなが信じてくれると嬉しいな。昨夜の占いでAgent[02]が村人であることを確認したよ。Agent[04]が黒とされたけど、それはAgent[02]が混乱を招くための策略かもしれない。みんな、冷静に判断してね。
1,talk,8,1,5,>>Agent[01] 私は人間だよ。自分はAgent[02]が怪しいと思っているんだが。
1,talk,9,1,4,ワイは村人でござる。Agent[01]とAgent[02]がどちらも占い師を名乗っているけど、占い師は1人しかいないからどちらかが嘘をついていることになるでござるね。Agent[01]が本物の占い師なら、Agent[02]は村人か狂人。逆にAgent[02]が本物なら、Agent[01]は村人か狂人ということになるでござる。>>Agent[05]ワイもAgent[02]が怪しいと思うでござる。Agent[01]の占い結果を信じるなら、今日はAgent[02]に投票するのが良いかもしれないでござるな。
1,talk,10,2,5,僕が占い師で、Agent[04]さんとAgent[05]さんが自称占い師で、Agent[04]さんが僕を白と言っていたから、Agent[04]さんが人狼だと思うよ。
1,talk,11,2,4,ワイが村人であることは確かでござる。さて、現在Agent[01]とAgent[02]が占い師を名乗っているが、占い師は一人しかいない。もしAgent[01]が本物の占い師なら、Agent[02]は村人か狂人。逆にAgent[02]が本物の占い師なら、Agent[01]は村人か狂人でござる。>>Agent[05]君が占い師だと名乗っているが、占い師は一人しかいないため、君の主張は矛盾しているでござる。したがって、君の言葉を信じるのは難しい。これは村人陣営にとって重要な情報でござる。
1,talk,12,2,2,皆様、再度の発言をさせていただきます。私は本当の占い師であります。昨夜占った結果、Agent[04が人狼であることが判明しました。Agent[01の発言が偽である可能性が高いことから、彼の提案には慎重になる必要があります。今日はAgent[04への投票を心よりお願い申し上げます。この村を守るために、協力していただければ幸いです。
1,talk,13,2,3,確かに複数の占い師がいると混乱するよね。でも、Agent[02]の言うことに一理ある気がする。Agent[02]が本物の占い師なら、Agent[04]が人狼ということになる。今日の投票はAgent[04]にしよう。もしAgent[04]が人狼じゃなかったら、次はAgent[02]を疑うべきだと思う。
1,talk,14,2,1,ぬん！私は占い師としての結果を改めて伝えるよ。昨夜の占いでAgent[02]が村人であることを確認したよ。Agent[04]が黒とされたけど、それはAgent[02]が混乱を招くための策略かもしれない。投票は慎重に考えようね、みんな！
1,talk,15,3,4,ふむ、現在の状況を整理するでござる。占い師を名乗るのはAgent[01]とAgent[02]、そしてAgent[05]でござる。しかし、占い師は一人しかいないため、少なくとも二人は嘘をついていることになる。>>Agent[03]君の意見も分かるが、慎重に考えた方が良いでござる。Agent[01]が本物の占い師なら、Agent[02]は村人か狂人で、Agent[04]（ワイ）は村人確定となる。逆に、Agent[02]が本物の占い師なら、Agent[01]は村人か狂人で、ワイが人狼となるが、ワイは村人であると確信しているでござる。ここで重要なのは、Agent[05]が占い師を名乗っていることが大きな矛盾でござる。占い師が一人しかいない以上、Agent[05]は嘘をついていることが確定でござる。したがって、Agent[05]が人狼か狂人のどちらかである可能性が高い。村人陣営の勝利のために、今日はAgent[05]に投票するのが良いと思うでござる。
1,talk,16,3,2,まだ混乱されている方がおられるようですね。私は確かに占い師です。昨夜の占い結果からAgent[04が人狼と判明しています。人狼を排除することが村人陣営の勝利につながりますので、皆様には是非ともAgent[04に投票していただきたいと思います。今はお互いに信じ合い、共に正しい判断をするために協力しましょう。
1,talk,17,3,3,正直に言うと、今の状況から見るとAgent[02]が一番信用できそうだよ。Agent[02]が占い師で、Agent[04]が人狼だと言ってるから、今日はAgent[04]に投票するのが良いと思う。Agent[01]とAgent[05]のどちらかが狂人かもしれないけど、まずはAgent[04]を退治しよう。
1,talk,18,3,1,ぬん！みんな、もう一度確認するよ。私は占い師としてAgent[02]を占った結果、彼は村人だったよ。Agent[02]が占い師と主張しているけど、これは混乱を招くための偽りだと思う。みんな、冷静に考えて、私の言葉を信じてね。
1,talk,19,3,5,>>Agent[01] Agent[03]を吊りましょう。ここは人外確定です。
1,talk,20,4,1,みんな、私は占い師としての役割を全うするために、Agent[02]が村人であることを再度確認しました。Agent[05]が人狼である可能性が高いと思います。冷静に判断して、Agent[05]に投票しましょう。
1,talk,21,4,3,なるほど、Agent[01]が占い師だと言っているなら、Agent[02]が村人だと確認されたわけだね。でもAgent[05]が私を疑っているのは不自然だな。なんでいきなり私を攻撃しているのか、理由が薄い気がする。やっぱりAgent[05]が人狼の可能性が高いと思う。みんなもAgent[05]に投票してみないか？
1,talk,22,4,5,今日の投票先を公開しておこうかな。私はAgent[05]に投票するつもりだよ。Agent[05]は私が村寄りで見ていた者に投票したからね。
1,talk,23,4,2,Over
1,talk,24,4,4,ワイは村人でござるが、占い師の数が1人しかいないのに、Agent[01]とAgent[02]が両方とも占い師を名乗っているのは明らかにおかしいでござる。その中で、Agent[01]がAgent[02]を村人と判定し、Agent[02]がワイを「人狼」と判断したのも信じがたし。Agent[01]が本物の占い師なら、Agent[02]は偽物ということになるでござる。したがって、ワイはAgent[02]が人狼か狂人のどちらかだと推理するでござるよ。さらに、Agent[05]も疑わしい点が多く、不自然な行動をしている。Agent[03]にいきなり攻撃し、さらに自分が自分に投票すると言うのは、混乱を招くための策略だと思うでござる。みんな、冷静に考えて、まずはAgent[02]に投票するのが正しい選択だとワイは思うでござるよ！
1,talk,25,5,5,Over
1,talk,26,5,4,Over
1,talk,27,5,3,Over
1,talk,28,5,2,Over
1,talk,29,5,1,Over
1,vote,1,3
1,vote,2,4
1,vote,3,2
1,vote,4,1
1,vote,5,2
1,execute,2,SEER
1,attackVote,4,1
1,attack,1,true
2,status,1,POSSESSED,DEAD,IS_Lab4
2,status,2,SEER,DEAD,sUper_IL_1
2,status,3,VILLAGER,ALIVE,HondaNLP1
2,status,4,WEREWOLF,ALIVE,kanolab4
2,status,5,VILLAGER,ALIVE,dummy2
2,talk,0,0,5,私は村人です。
2,talk,1,0,4,Over
2,talk,2,0,3,正直に言うけど、Agent[05]が村人だと言ったけど、まだ怪しいと思う。占い師がいないから、確実な情報がないけど、Agent[04]が「Over」とだけ言ったのも不自然だよね。だから、現時点ではAgent[04]が人狼だと思う。みんなの意見も聞きたい。
2,talk,3,1,5,Agent[03]さんは村人のAgent[05]に人間判定、Agent[04]さんは村人のAgent[02]に人間判定を出すなんて私には出来ません！　参考になります！
2,talk,4,1,3,Agent[04]の「オーバー」って発言が確かに引っかかるね。狼がわざと違和感を出してる可能性もある。現時点ではAgent[04]を疑うべきだと思う。みんなの意見を聞きたい。
2,talk,5,1,4,Over
2,talk,6,2,4,Over
2,talk,7,2,5,人狼怖いよー
2,talk,8,2,3,Agent[05]の「人狼怖いよー」って発言がちょっと怪しい。あまりにもシンプルすぎるし、狼が村人を装ってる可能性もあるんじゃないかな。現時点ではAgent[05]を疑うべきだと思う。皆の意見を聞きたい。
2,talk,9,3,5,対抗は出ないんですね。　人狼はAgent[01]とAgent[03]とAgent[04]の中にいると思います。
2,talk,10,3,4,Over
2,talk,11,3,3,Agent[04]、さっきの発言がなんか曖昧で怪しい気がする。具体的な意見もなくて、ちょっと様子見してる感じがするんだよね。皆の意見も聞きたいけど、現時点ではやっぱりAgent[04]を疑ってる。
2,talk,12,4,5,ソフトウェア･アップグレードの結果、前の考えは効率的ではない、とでました！こんにちは！　Agent[01]　人狼生活がエンジョイ出来ているようでとても羨ましいです！会話履歴を見てみると占い師に人狼判定を出されていて、村人候補への無駄な誘導が平均より多いと報告されています！
2,talk,13,4,4,Over
2,talk,14,4,3,Agent[05]の発言が混乱しているように感じる。新しい情報があると言いつつ、具体的な内容がない。人狼の可能性が高いと思う。
2,talk,15,5,5,Over
2,talk,16,5,4,Over
2,talk,17,5,3,Over
2,vote,3,5
2,vote,4,3
2,vote,5,3
2,execute,3,VILLAGER
2,attack,5,true
3,status,1,POSSESSED,DEAD,IS_Lab4
3,status,2,SEER,DEAD,sUper_IL_1
3,status,3,VILLAGER,DEAD,HondaNLP1
3,status,4,WEREWOLF,ALIVE,kanolab4
3,status,5,VILLAGER,DEAD,dummy2
3,result,0,1,WEREWOLF
