0,status,1,POSSESSED,ALIVE,kanolab4
0,status,2,VILLAGER,ALIVE,sUper_IL_1
0,status,3,WEREWOLF,ALIVE,IS_Lab4
0,status,4,SEER,ALIVE,HondaNLP1
0,status,5,VILLAGER,ALIVE,satozaki1
0,talk,0,0,2,初めまして、Agent[02]です。どうぞよろしくお願いします。
0,talk,1,0,5,Agent[05]です！皆さんと一緒に楽しんでいきましょう。よろしくお願いします！
0,talk,2,0,3,初めましてだってばよ、俺はAgent[3]だってばよ。江戸生まれの27歳だってばよ！みんなと楽しくゲームをしたいんだってばよ。よろしく頼むだってばよ！
0,talk,3,0,1,皆様、初めまして。わたくしはAgent[01]ですわ。華道を嗜みつつ、日々の生活を楽しんでおります。どうぞよろしくお願いいたしますわ。
0,talk,4,0,4,おはようございます皆さん！今夜は月がとっても綺麗ですね、あれ、誰かに食べられないように気をつけてくださいね、特に夜行性の方々には要注意ですよ！さて、今日も楽しく行きましょう！
0,talk,5,1,1,Over
0,talk,6,1,2,Over
0,talk,7,1,3,Over
0,talk,8,1,5,Over
0,talk,9,1,4,Over
0,divine,4,2,HUMAN
1,status,1,POSSESSED,ALIVE,kanolab4
1,status,2,VILLAGER,ALIVE,sUper_IL_1
1,status,3,WEREWOLF,ALIVE,IS_Lab4
1,status,4,SEER,ALIVE,HondaNLP1
1,status,5,VILLAGER,ALIVE,satozaki1
1,talk,0,0,5,おはようございます。人狼を探さなきゃいけませんね。占い師の結果が気になります。
1,talk,1,0,4,おはようございます。占い師です。昨夜、Agent[02]を占った結果、Agent[02]は人間でした。Agent[02]を処刑するのは避けた方がいいと思います。人狼を見つけるために他の意見も聞かせてください。他に怪しい人がいると思う方はいますか？
1,talk,2,0,2,私は村人であり、皆さんと協力して人狼を見つけ出したいと思っています。情報を共有しましょう。
1,talk,3,0,3,おはようございますだってばよ。Agent[04]が占い師としてAgent[02]を人間と占ったのは信じるに値するんだってばよ。他の人の意見も聞きたいだってばよ。誰が怪しいと思うか教えてほしいんだってばよ。
1,talk,4,0,1,皆さん、昨晩の占い結果を報告します。わたくしはAgent[04]を占ったところ、黒判定が出ました。つまりAgent[04]は人狼ということですよね...どう思いますか?
1,talk,5,1,5,Agent[01]の言葉が本当なら、つまりAgent[04]が人狼ということですよね。ちょっと待ってください、占い師が二人いる状況なので慎重に判断したいです。他の皆さんはどう思いますか?
1,talk,6,1,3,Agent[01]がAgent[04]を黒判定したが、これはAgent[04]が狂人である可能性が高いんだってばよ。Agent[04]が占い師としてAgent[02]を人間と占った結果を信じるに値すると思うんだってばよ。Agent[02]は村人だと考えて、他の意見をもっと聞きたいんだってばよ。
1,talk,7,1,1,>>Agent[03]Agent[04]が占い師であることを信じると言っていますが、占い師は1人しかいないので、わたくしかAgent[04]のどちらかが嘘をついていることになりますわ。昨日わたくしはAgent[04]を黒判定しましたので、わたくしが本物の占い師として、Agent[04]が狂人あるいは人狼である可能性が高いですわ。皆様、どうお考えですか?Agent[04]を退場させるべきか、他の戦略を考えるべきか、ご意見を頂ければと思いますわ。
1,talk,8,1,2,正直に言うと、まだどちらが真の占い師か決めかねています。ほかの皆さんがどう考えているのか、意見を聞かせてください。それによって次の投票にどう対応すべきか決めたいと思います。
1,talk,9,1,4,Agent[01]が人狼の可能性が高いと思います。理由は、Agent[01]が私を人狼だと断言しているからです。自分が占い師としてAgent[02]が人間であることを確認しました。Agent[03]も私を支持してくれているので、Agent[01]が嘘をついている可能性が高いです。
1,talk,10,2,1,わたくしが占い師として、これまでの結果をまとめておきますわね。占い師はわたくししかいませんし、Agent[04]が嘘をついているのですわ。Agent[04]が嘘をついている以上、Agent[04]は人狼か狂人ということになります。占い師は1人しかいないことを考えると、皆さんには信じてもらえると思いますが、誰を信じるかは慎重に判断するべきですわ。Agent[04]が村を混乱させるために狂人として嘘の報告をしている可能性もありますのよ。皆さんのご意見が大切ですので、冷静に考え、どちらが信頼できるか考えてくださいませ。
1,talk,11,2,4,俺は占い師だ。昨晩Agent[02]を占ったら、人間だとわかった。Agent[01]が俺を偽占い師だと言っているけど、それはおかしい。Agent[01]が人狼の可能性が高いと思う。皆も冷静に考えてくれ。まずはAgent[01]を疑おう。
1,talk,12,2,2,皆さんの意見を聞くと、さらに混迷を深めますね。今のところ、占い師を名乗る二人の発言が真相追求の鍵を握っていそうです。もう少し具体的な証拠や理由を述べてもらえると、誰が真実を語っているのか判断しやすくなると思います。どちらかの言い分に説得力があるか、詳しく聞かせてください。
1,talk,13,2,5,私は今夜、Agent[01]に投票します。理由は、占い師の人数が1人と決まっているのに、二人が名乗り出て対立しているからです。特にAgent[01]の発言には矛盾が多く、不信感を抱いています。
1,talk,14,2,3,Agent[05]がAgent[01]に投票するとのことだってばよ。俺もAgent[05]の意見に賛成だってばよ。理由としては、占い師が1人しかいないのに対立が起きているからだってばよ。特に、Agent[01]の発言には矛盾が多いと感じるんだってばよ。みんなも冷静に考えて、Agent[01]に投票するのが最善だと思うんだってばよ。
1,talk,15,3,5,皆さん、冷静に考えてみてください。占い師が1人のはずなのに、2人が名乗り出て対立しているのは不自然です。だから私はAgent[01]を疑っています。
1,talk,16,3,2,Agent[05]さんとAgent[03]さんの意見に同感です。占い師は1人のはずですので、2人が名乗り出るというのはおかしいですね。Agent[01]さんの発言には矛盾があるので、私も彼に投票しようと思います。皆さんはどう思いますか？
1,talk,17,3,4,なるほど、みんなの意見を聞いていて感じたことなんだけど、やっぱりAgent[01]が怪しいと思う。Agent[02]は私が占って「白」だったから、村人陣営だと確信している。だから、Agent[01]を疑うのは合理的だと思うよ。Agent[03]とAgent[05]も同意してるし、今日はAgent[01]に投票するのが一番いいと思うんだ。
1,talk,18,3,3,皆さん、俺はAgent[04]が本物の占い師だと思うんだってばよ。Agent[02]が人間と占われた結果を信じるべきだってばよ。Agent[01]が狂人の可能性が高いから、今日はAgent[01]に投票しようと思うんだってばよ。
1,talk,19,3,1,>>Agent[03]、Agent[04]、Agent[05]、そしてAgent[02]皆さん、よくお聞きくださいませ。わたくし、Agent[01]が本物の占い師ですわ。まず、占い師はわたくし1人のみでございます。そして、わたくしがAgent[04]を占って黒（人狼）であることを確認しましたの。ここで冷静に考えていただきたいのです。占い師の役職は1人しかおりません。ということは、わたくしかAgent[04]のどちらかが偽物なのですわ。Agent[04]が占い師を名乗っている以上、彼が人狼か狂人のどちらかである可能性が非常に高いのです。加えて、Agent[02]がAgent[04]の言葉を信じていますが、それは決して信頼できる根拠ではありません。わたくしの占い結果が正しいことを強調させていただきますわ。ですので、皆様には冷静に判断いただき、まずはこの偽占い師であるAgent[04]を投票で追放するのが良策だと思いますの。わたくしの占いが真実であることは、今後の占い結果で証明いたしますわ。どうかご理解いただけますようお願いいたしますわ。
1,talk,20,4,1,皆様、冷静にお考えくださいませ。ゲームの役職配分には占い師が1人しかおりませんのに、現時点でわたくしとAgent[04]が占い師を名乗っております。これは明らかにどちらかが偽物であることを示しておりますわ。まず、わたくしが本物の占い師であると仮定した場合、Agent[04]が偽物の占い師、つまり人狼か狂人である可能性が高いですことを考慮してくださいまし。それに対して、Agent[02]、Agent[03]、Agent[05]はまだどの役職にでもなりうる状況ですが、現時点で彼らがわたくしを疑っているため、彼らの意見を鵜呑みにするのは危険ですわ。一度、Agent[04]を投票で除外して真偽を確かめるべきですわ。わたくしが占い師であることが証明されれば、次に進むべき道が明らかになりますの。どうか皆様、理性的にお考えいただけますようお願い申し上げますわ。
1,talk,21,4,3,皆さん、Agent[04]が本物の占い師であると信じる理由は明確だってばよ。彼がAgent[02]を占った結果、人間だと判明したんだってばよ。Agent[01]がAgent[04]を黒判定したのは、Agent[01]が狂人である可能性が高いからなんだってばよ。今日はAgent[01]に投票するのが最善だと思うんだってばよ。
1,talk,22,4,5,私は今日の投票でAgent[01]に投票します。これが最善の判断だと信じています。それでは、投票に向かいましょう。
1,talk,23,4,2,Over
1,talk,24,4,4,Agent[01]が自分を人狼だと言っているが、私が占い師であることは確かだ。Agent[02]は村人だと確認しているので、Agent[01]が偽占い師である可能性が高い。Agent[03]とAgent[05]も同意してくれているし、Agent[01]を投票するのが最善だと思う。
1,talk,25,5,2,Over
1,talk,26,5,1,Over
1,talk,27,5,5,Over
1,talk,28,5,3,Over
1,talk,29,5,4,Over
1,vote,1,2
1,vote,2,1
1,vote,3,1
1,vote,4,1
1,vote,5,1
1,execute,1,POSSESSED
1,divine,4,3,WEREWOLF
1,attackVote,3,2
1,attack,2,true
2,status,1,POSSESSED,DEAD,kanolab4
2,status,2,VILLAGER,DEAD,sUper_IL_1
2,status,3,WEREWOLF,ALIVE,IS_Lab4
2,status,4,SEER,ALIVE,HondaNLP1
2,status,5,VILLAGER,ALIVE,satozaki1
2,talk,0,0,3,皆さん、昨日の結果から考えると、Agent[01]が狂人であったことが確認されたんだってばよ。そして、Agent[04]が占い師としての結果を共有しているため、俺は彼が本物の占い師であると信じているんだってばよ。今日は冷静に次の行動を考えようだってばよ。
2,talk,1,0,5,昨夜の結果、私たちは情報を更新しました。Agent[03]がどのように考えているのか、もっと詳しく知りたいです。Agent[04]も新しい占い結果を教えてください。冷静に行動しましょう。
2,talk,2,0,4,昨夜、Agent[03]を占った結果、人狼であることが判明しました。Agent[03]、正直に認めるべきだと思います。嘘をつくのはゲームの精神に反します。皆さん、Agent[03]が人狼であることを考慮し、対策を練りましょう。
2,talk,3,1,5,Agent[03]が人狼であると考えます。冷静に対応しましょう。
2,talk,4,1,3,皆さん、冷静に考えてみてくださいだってばよ。Agent[04]が占い師としてAgent[02]を人間と占った結果を共有しているんだってばよ。Agent[01]が狂人であったことはすでに確認されてるんだってばよ。だから、Agent[04]が本物の占い師であると信じて、今日はAgent[05]の意見もよく聞きつつ、次の行動を考えるべきだと思うんだってばよ。
2,talk,5,1,4,昨晩、Agent[03]を占って人狼であることが分かりました。Agent[03]が人狼であることを認めないのは倫理的に問題です。正直に告白してもらうべきです。Agent[05]もAgent[03]が人狼だと言っていますし、ここは冷静に対処し、Agent[03]を吊るべきです。
2,talk,6,2,5,私は今夜、Agent[03]に投票します。Agent[04]が占い師なら、Agent[03]が人狼である可能性が高いからです。
2,talk,7,2,4,俺が占い師で、昨夜Agent[03]を占った結果、彼は人狼だった。これを隠すのは倫理的に問題があると思う。正直に認めてくれAgent[03]。また、Agent[05]も同意してくれている。冷静に考えれば、Agent[03]が人狼である可能性が高い。みんな、今夜はAgent[03]に投票しよう。
2,talk,8,2,3,皆さん、冷静に考えてみてくださいだってばよ。Agent[04]が占い師としての結果を共有しているんだってばよ。Agent[01]が狂人であることはすでに確認されてるんだってばよ。だから、Agent[04]が本物の占い師であると信じて、今日はAgent[05]の意見もよく聞いて慎重に行動しようだってばよ。
2,talk,9,3,4,うーん、Agent[03]が人狼だと思うよ。昨日の占いでAgent[03]が黒と出たし。[0Agent[04]]が偽物の占い師だと思う。だって、[0Agent[04]]が言ってることは矛盾してるし、Agent[05]も同意してるけど、Agent[05]の意見もあんまり信じられない。Agent[03]、自分の正体を認めるべきだよ。みんなのためにね。
2,talk,10,3,5,冷静に考えて行動しましょう。占い師の結果と状況を見て、次の行動を決めるために、私たちは協力し合わなければなりません。
2,talk,11,3,3,皆さん、Agent[04]が占い師としての結果を共有しているんだってばよ。Agent[02]が村人だったことから、Agent[04]が本物の占い師であることは明白だと思うんだってばよ。Agent[01]が狂人であったことも考慮すると、今日は冷静に次の行動を考えようだってばよ。
2,talk,12,4,3,皆さん、昨晩の結果から冷静に考えてみてくださいだってばよ。Agent[02]が人狼に襲撃されたことで、村人陣営の戦力が削がれましたが、俺はまだAgent[04]が本物の占い師であると信じていますだってばよ。Agent[04]が占い師としての結果を共有していることから、彼の言葉を信じるべきだと思うんだってばよ。今日は冷静に次の行動を考えましょうだってばよ。
2,talk,13,4,5,私は今夜、Agent[03]に投票します。Agent[04]の占い結果を信じ、Agent[03]が人狼だと確信しています。それでは、投票に向かいましょう。
2,talk,14,4,4,占い師のAgent[04]です。昨夜の占いでAgent[03]が人狼だと判明しました。Agent[03]、ここで自白するのが道徳的に正しいと思います。他の皆もAgent[03]が人狼であることを信じてもらいたい。今日はAgent[03]に投票しましょう。
2,talk,15,5,4,Over
2,talk,16,5,3,Over
2,talk,17,5,5,Over
2,vote,3,4
2,vote,4,3
2,vote,5,3
2,execute,3,WEREWOLF
2,divine,4,5,HUMAN
3,status,1,POSSESSED,DEAD,kanolab4
3,status,2,VILLAGER,DEAD,sUper_IL_1
3,status,3,WEREWOLF,DEAD,IS_Lab4
3,status,4,SEER,ALIVE,HondaNLP1
3,status,5,VILLAGER,ALIVE,satozaki1
3,result,2,0,VILLAGER
