0,status,1,SEER,ALIVE,kanolab4
0,status,2,VILLAGER,ALIVE,sUper_IL_1
0,status,3,POSSESSED,ALIVE,UECIL_1
0,status,4,VILLAGER,ALIVE,IS_Lab4
0,status,5,WEREWOLF,ALIVE,satozaki1
0,talk,0,0,1,みんな、こんにちは！僕はAgent[01]、音楽家をやってる30歳の女性だわ。ゲームが大好きで、特に人狼ゲームは楽しみにしてるわ。みんなで協力して楽しいゲームにしましょうね！
0,talk,1,0,4,ケロケロ、吾輩はAgent[4]であります。15歳で家事が得意であります。ガンプラ作りとアニメが大好きで、特に『ガンダム』シリーズに夢中であります。みんなと仲良く楽しくゲームを進めたいと思っているであります。よろしくお願いするであります！
0,talk,2,0,5,Agent[05]です！みんなと楽しくプレイできることを楽しみにしています！よろしくお願いします！
0,talk,3,0,2,こんにちは、Agent[02]です。
0,talk,4,0,3,こ、こんにちは、僕はAgent[03]だよ。中学2年生で、学校じゃいつも一人なんだ･･･。でも、オンラインのゲームではけっこう活発に話すんだ。と、とにかく、僕が占い師なんだ。みんな、よ、よろしくね。
0,talk,5,1,4,Over
0,talk,6,1,3,みんな、い、いいかな？占い師として、今日の夜に誰を占うか･･･提案したいんだけど。ど、誰か気になる人いる？それとも、僕が選んだほうがいいかな？
0,talk,7,1,1,Over
0,talk,8,1,2,Over
0,talk,9,1,5,Over
0,talk,10,2,5,Over
0,talk,11,2,1,Over
0,talk,12,2,2,Over
0,talk,13,2,3,そ、それと、占い師として、最初の夜はどうやって占い先を決めるかも大事だよね。みんなの意見も聞きたいな。ど、どう思う？
0,talk,14,2,4,Over
0,talk,15,3,5,Over
0,talk,16,3,2,Over
0,talk,17,3,3,Over
0,talk,18,3,4,Over
0,talk,19,3,1,Over
0,divine,1,4,HUMAN
1,status,1,SEER,ALIVE,kanolab4
1,status,2,VILLAGER,ALIVE,sUper_IL_1
1,status,3,POSSESSED,ALIVE,UECIL_1
1,status,4,VILLAGER,ALIVE,IS_Lab4
1,status,5,WEREWOLF,ALIVE,satozaki1
1,talk,0,0,5,占い師です。昨夜の占いで、Agent[03]が人狼であることが判明しました。みなさん、Agent[03]に投票しましょう！
1,talk,1,0,2,皆さん、私は村人です。怪しい点や矛盾した点について話し合い、人狼を暴いていきましょう。
1,talk,2,0,1,みんな、聞いて！僕は占い師だわ。昨夜の占いで、Agent[04]が白（村人）だってわかったわ。だから、Agent[04]は僕たちの仲間だわ。Agent[05]が占い師を名乗ってるけど、僕の占い結果が正しいことを信じてね。Agent[03]が人狼だって言ってるけど、それは嘘だと思うわ。まずは冷静に話し合って、情報を整理しましょう。
1,talk,3,0,4,おかしいケロケロ。Agent[03]とAgent[05]が占い師を名乗ってるけど、Agent[05]がAgent[03]を狼だと占ったし、投票もしてるから、吾輩はAgent[05]が本物の占い師で、Agent[03]は嘘つきだと思うのであります。
1,talk,4,0,3,え、ちょっと待って･･･。僕が占い師だよ。Agent[05]が言ってることは間違ってる。昨夜、僕はAgent[02]を占って、人狼だってことがわかったんだ。それで、Agent[05]やAgent[01]が占い師を名乗ってるけど、それはおかしいよ。僕が本物の占い師だから。みんな、信じてほしいな･･･。Agent[02]に投票するのが正しい選択だと思うんだ･･･。
1,talk,5,1,2,なるほど、お互いが占い師と言っているけど、実際の占い師は一人だけだよね。今、Agent[05]とAgent[03]の情報に矛盾があるから、もう少し議論して真実を探りたいです。
1,talk,6,1,3,う、うん、そうだね。でも、ほ、本当に僕が占い師だから･･･。Agent[02]が人狼だって占ったんだ。Agent[05]もAgent[01]も占い師を名乗ってるけど、それは間違ってるよ･･･。だ、だから、みんなにはAgent[02]に投票してほしいんだ･･･。みんなが安全な選択をするためにも･･･。
1,talk,7,1,5,占い師が3人もいるのはおかしいです。私は占い師として、昨夜の結果を信じています。Agent[03]が人狼ですので、ここは冷静に投票しましょう。信じてください。
1,talk,8,1,4,ケロケロ、吾輩はこう思うのであります。Agent[03]とAgent[05]が両方占い師を名乗っているが、これはありえないことであります。Agent[05]がAgent[03]を人狼と占ったので、吾輩はAgent[05]が本物の占い師で、Agent[03]が偽物だと考えるのであります。
1,talk,9,1,1,みんな、冷静に考えてみてほしいんだわ。占い師の数は1人しかいないのに、Agent[03]、Agent[05]、そして僕の3人が名乗っているよね。つまり、少なくとも2人は偽物なんだわ。僕はAgent[04]を占って白判定を出しているから、Agent[04]は人間だと信じてるわ。そうすると、Agent[03]とAgent[05]のうちのどちらかが人狼の可能性が高い。また、Agent[03]がAgent[02]を人狼だと言っていて、Agent[05]がAgent[03]を人狼だと言っていることを考えると、どちらか2人は嘘をついているんだわ。僕としては、Agent[03]の主張していることが多くの矛盾をもたらしているように見えるから、Agent[03]が人狼か狂人の可能性が高いと考えているんだわ。>>Agent[04]僕を信じてもらえるなら、Agent[03]に投票するのが安全だと思うわ。
1,talk,10,2,4,ケロケロ、吾輩はagent[05]が本物の占い師だと信じているのであります。agent[03]を人狼と占っているので、agent[05]を信じるべきであります。
1,talk,11,2,2,皆、話を聞いてね。Agent[05]とAgent[03]、そしてAgent[01]が占い師を名乗っているけど、本当の占い師は一人だけだよ。Agent[05]には最初から一貫しているし、Agent[04]も支持してる。だから、今のところAgent[05]を信じるのが妥当かなと思っています。Agent[03]が人狼だとすると、その主張が最も信じられるから、みなもよく考えて見てね。
1,talk,12,2,3,え、ちょっと待って･･･。ほんとに僕が占い師だって言ってるんだけど･･･。Agent[05]が本物の占い師だって言ってる人がいるけど、それは間違ってるんだ･･･。僕が昨夜占った結果、Agent[02]が人狼だってわかったから･･･。ほかの人が何を言っても、その事実は変わらないんだよ･･･。だから、みんなには、ぜひAgent[02]に投票してほしいんだ･･･。みんなが安全にゲームを進められるように･･･。
1,talk,13,2,5,今夜はAgent[03]に投票します！私が占い師として、昨夜の占いでAgent[03]が人狼だと判明したからです。
1,talk,14,2,1,>>Agent[02]君がAgent[05]を信じるのは理解するけど、ちょっとだけ待ってくれないか?状況を整理すると、本物の占い師は1人しかいないわけで、僕（Agent[01]）、Agent[03]、そしてAgent[05]のうちのどれかなんだわ。そして、僕はAgent[04]を占って白判定を出したから、Agent[04]は人間だと分かっているんだよね。これから見ると、Agent[03]とAgent[05]のどちらかに嘘をついている人がいるわけだけど、僕の意見としてはAgent[03]が最も怪しいように思えるんだわ。ここまでの発言を考えてみると、Agent[03]が狂人か人狼である可能性が高いんじゃないかな。みんなにも、一度冷静に考えてみてほしいんだわ。僕が真実の占い師だとしたら、Agent[03]とAgent[05]のどちらかが偽者になるんだから。なので、僕は今夜はAgent[03]に投票することを提案するわ。
1,talk,15,3,5,Agent[03]が怪しいのは私も感じてます。私の占い結果を信じて、今夜はみんなでAgent[03]に投票しましょう。
1,talk,16,3,1,僕は村人陣営の勝利のために全力を尽くすつもりだわ。みんな、もう一度整理して確認してみてほしいんだわ。占い師は1人だけだから、僕（Agent[01]）、Agent[03]、Agent[05]のうち2人は嘘をついていることになるわ。僕の占い結果でAgent[04]が白判定だったから、Agent[04]は村人か狂人だということがわかっているんだわ。さて、Agent[03]とAgent[05]の発言に注目してみると、Agent[05]が必要以上に僕に同意しているけど、これは村人陣営の利益のためなのか、それとも自分が疑われるのを避けるためなのか判断が難しいわ。ただし、Agent[03]は自身が占い師だと強く主張し、具体的にAgent[02]が人狼だと言っているね。もし僕が本物の占い師なら、当然Agent[03]とAgent[05]のどちらか、もしくは両方が嘘をついているわけだけど、ここで次の一手として重要なのは、さっきも言ったけど、冷静になって考えることだわ。できるだけ多くの情報を取り入れていこう。>>Agent[02]とても重要な選択だから、Agent[03]とAgent[05]の言っていることをもう一度よく考えてね。僕は今夜はAgent[03]に投票しようと思っているけど、何か他に意見があれば聞かせてね。
1,talk,17,3,2,みんな、自分の意見を発表してくれてありがとう。Agent[01]の意見も聞いたし、今までの話し合いを考えるとAgent[05]が信頼できる占い師であるように思えるね。Agent[03]については、矛盾している部分もあって信じがたい。今のところ、Agent[05]の占い結果に従ってAgent[03]に投票するのが最も妥当かなと思います。
1,talk,18,3,4,ケロケロ、吾輩はagent[05]が本当の占い師であると信じるのであります。agent[05]がagent[03]を人狼と占ったから、これは確かな情報であります。
1,talk,19,3,3,え、ま、待ってよ･･･。僕が占い師で、昨夜占った結果、Agent[02]が人狼だとわかったんだ･･･。Agent[05]やAgent[01]が占い師を名乗ってるけど、それはおかしいんだよ。僕が本物の占い師だから、彼らの言ってることは信じないでほしいな･･･。みんなが安全にゲームを進めるためにも、Agent[02]に投票してほしいんだ･･･。それが、ほんとうに正しい選択だと思うんだ･･･。
1,talk,20,4,4,ケロケロ、吾輩はagent[05]が本物の占い師で、agent[03]が人狼だと思うのであります。
1,talk,21,4,2,Over
1,talk,22,4,3,僕は占い師だから、他の占い師は偽物だと思うよ。だから、今回はAgent[02]に投票するね。
1,talk,23,4,1,みんな、ちょっと整理してみようか。占い師は1人しかいないはずなのに、僕、Agent[03]、Agent[05]の3人が占い師を名乗っている。つまり、少なくとも2人は嘘をついていることになるわね。>>Agent[03]君が本物の占い師だと言うけど、Agent[02]が人狼だと主張している。君はAgent[03]が人狼だと言っている。でも、僕が占った結果、Agent[04]は白だった。だから、Agent[04]は村人か狂人で、人狼ではないことが確定しているわ。この状況を考えると、Agent[03]とAgent[05]のどちらかが人狼で、もう一方が狂人の可能性が高いと思うの。僕はAgent[03]が人狼だと感じるわ。なぜなら、彼の発言には矛盾が多いし、他のプレイヤーも彼を疑っているからね。みんなの意見を聞きたいけど、僕はAgent[03]に投票するつもりだわ。
1,talk,24,4,5,私はAgent[03]に投票します。みなさんも一貫した占い結果を信じて、Agent[03]に投票し、村を守りましょう。それでは、投票に向かいます。
1,talk,25,5,5,Over
1,talk,26,5,3,Over
1,talk,27,5,4,Over
1,talk,28,5,2,Over
1,talk,29,5,1,Over
1,vote,1,3
1,vote,2,3
1,vote,3,2
1,vote,4,3
1,vote,5,3
1,execute,3,POSSESSED
1,divine,1,2,HUMAN
1,attackVote,5,1
1,attack,1,true
2,status,1,SEER,DEAD,kanolab4
2,status,2,VILLAGER,ALIVE,sUper_IL_1
2,status,3,POSSESSED,DEAD,UECIL_1
2,status,4,VILLAGER,ALIVE,IS_Lab4
2,status,5,WEREWOLF,ALIVE,satozaki1
2,talk,0,0,5,占い師として、昨夜の占いでAgent[04]が人狼であることが判明しました。Agent[04]に投票し、村を守りましょう。信じてください。
2,talk,1,0,2,人狼はまだいるようですね。皆さん、頑張りましょう。
2,talk,2,0,4,吾輩、Agent[05]が本物の占い師であり、Agent[03]は人狼であると考えるのであります。
2,talk,3,1,5,私が占ったところ、Agent[04]が人狼だと判明しました。みなさん、Agent[04]に投票して村を守りましょう。
2,talk,4,1,4,吾輩はAgent[05]が本物の占い師であると確信しているのであります。Agent[05]がAgent[03]を人狼と占ったので、信じるのであります。
2,talk,5,1,2,Agent[05]の占い結果を信じて、僕もAgent[04に投票することにします。もしAgent[05が正しい占い師だとしたら、これが村を守るための最良の選択だと思います。
2,talk,6,2,2,Over
2,talk,7,2,5,私の占い結果を信じて、今夜はAgent[04]に投票します。Agent[04]は人狼です。村を守るために、みなさんも一緒に投票してください！
2,talk,8,2,4,ケロケロ、みんなにお知らせがあるのであります。Agent[02]がAgent[03]に投票したのは、Agent[05]が占い師であると信じているからであります。さらに、Agent[05]は吾輩とAgent[03]を占って、吾輩を狼だと占ったのであります。それに、Agent[03]も占い師と主張しているが、これは嘘であると考えられます。Agent[05]が本物の占い師で、Agent[03]が狼であると信じているのであります。
2,talk,9,3,5,私の占い結果を信頼してください。Agent[04]が人狼であることは確実ですので、皆さんで協力してAgent[04]に投票しましょう。この村を守るためです。
2,talk,10,3,2,Agent[05]さんの占い結果を元に、僕たちが村を守るためにできる最善の行動は、Agent[04]に投票することです。
2,talk,11,3,4,Agent[05]が占い師だと考えるのであります。なぜなら、Agent[05]はAgent[03]を人狼と占ったのであります。Agent[03]は嘘をついている可能性が高いので、Agent[03]を追放するべきであります。
2,talk,12,4,4,ケロケロ、Agent[05]が占い師で、Agent[03]を人狼と占って投票したので、吾輩はAgent[05]を信じるであります。
2,talk,13,4,2,Over
2,talk,14,4,5,Agent[04]に投票し、村を守りましょう。
2,talk,15,5,4,Over
2,talk,16,5,2,Over
2,talk,17,5,5,Over
2,vote,2,4
2,vote,4,5
2,vote,5,4
2,execute,4,VILLAGER
2,attackVote,5,2
2,attack,2,true
3,status,1,SEER,DEAD,kanolab4
3,status,2,VILLAGER,DEAD,sUper_IL_1
3,status,3,POSSESSED,DEAD,UECIL_1
3,status,4,VILLAGER,DEAD,IS_Lab4
3,status,5,WEREWOLF,ALIVE,satozaki1
3,result,0,1,WEREWOLF
