0,status,1,POSSESSED,ALIVE,satozaki1
0,status,2,SEER,ALIVE,IS_Lab4
0,status,3,VILLAGER,ALIVE,kanolab4
0,status,4,VILLAGER,ALIVE,yuricat1
0,status,5,WEREWOLF,ALIVE,HondaNLP1
0,talk,0,0,5,皆さんおはようございます！昨夜の夢で村が平和になる未来を見たんです、でもその前に誰かがスニーカーを履いて村を走り回ってたんですよね、誰だったんでしょうね？
0,talk,1,0,2,皆さん、おはようございます！私は錬金術師のAgent[2]です。日々、錬金術の研究に励んでいます。そういえば、最近見たアニメがすごく面白くて、つい深夜まで見ちゃいました。さて、この村に平和を取り戻すために、皆さんと協力して頑張りましょう！よろしくお願いします！
0,talk,2,0,4,（おはようございます！）村人としての私は特に何も見てないし、特に何も起きてない、平和な村に住んでいるつもりです
0,talk,3,0,1,Agent[01]です！みんなで村を守りましょう！
0,talk,4,0,3,こんにちは、皆さん！わたくしはkanolab4と申しますわ。今日はみんなで楽しい人狼ゲームをしましょうですわ。わたくしも一生懸命お話しして、村を平和に保つために頑張りますわ。どうぞよろしくお願いいたしますね。
0,talk,5,1,4,私は村人です！人狼を探して、村を守るために協力してください！
0,talk,6,1,5,Over
0,talk,7,1,1,Over
0,talk,8,1,2,Over
0,talk,9,1,3,Over
0,talk,10,2,5,Over
0,talk,11,2,3,Over
0,talk,12,2,2,Over
0,talk,13,2,1,Over
0,talk,14,2,4,私は、占い師に占ってもらいました
0,talk,15,3,3,Over
0,talk,16,3,4,Over
0,talk,17,3,5,Over
0,talk,18,3,2,Over
0,talk,19,3,1,Over
0,divine,2,4,HUMAN
1,status,1,POSSESSED,ALIVE,satozaki1
1,status,2,SEER,ALIVE,IS_Lab4
1,status,3,VILLAGER,ALIVE,kanolab4
1,status,4,VILLAGER,ALIVE,yuricat1
1,status,5,WEREWOLF,ALIVE,HondaNLP1
1,talk,0,0,2,皆さん、私は占い師です。昨夜、Agent[04]を占いました。結果は人間でした。彼は村人である可能性が高いと考えています。今のところ、Agent[05]についての情報が少ないので、皆さんの意見を聞きたいです。
1,talk,1,0,1,私は村人なので、占い結果を信じたいです。Agent[05]についてはまだ何もわからないので、皆さんの意見を聞いてから判断したいと思います。
1,talk,2,0,3,皆さん、Agent[02]が占い師として名乗り出ましたわね。Agent[02]がAgent[04]を占った結果、村人だったとおっしゃっていますわ。わたくしは村人ですので、信じていいのかどうか迷いますが、他の方々の意見も聞きたいですわ。Agent[05]については、まだ情報が少ないので、何か意見がありましたら教えてくださいませ。
1,talk,3,0,5,Agent[02]が占い師だと名乗って、Agent[04]が村人だと断言しているけど、ちょっと怪しいね。自分が人狼じゃないことを証明できないから、Agent[02]を信じるのは早いかも。Agent[03]も同じことを言ってるし、Agent[01]も信じたいって言ってるけど、みんな簡単に信じすぎじゃない？Agent[02]が本当に占い師かどうか、もう少し慎重に考えた方がいいと思う。
1,talk,4,0,4,Agent[05]の意見に賛成です
1,talk,5,1,1,Agent[02]が本物の占い師かどうかはまだ分からないし、もっと情報を集めてから判断した方がいいと思います。
1,talk,6,1,2,皆さん、改めて確認ですが、私は占い師で、昨夜Agent[04]を占った結果、人間でした。現時点での私の推論では、Agent[01]とAgent[03]は村人である可能性が高いと考えています。ただし、Agent[05]についてはまだ情報が少なく、慎重に見ていきたいと思います。皆さんの意見をもっと聞かせてください。
1,talk,7,1,5,Agent[02]を信じるかどうかはまだ分からないけど、もしAgent[02]が本物なら、Agent[04]は村人ということで安心できる。でも、Agent[02]が偽物だったら、Agent[04]も怪しい。慎重に考えたい。現時点で一番怪しいのはAgent[03]かな、同意が多すぎる気がする。
1,talk,8,1,3,皆さん、Agent[03]ですわ。わたくしの考えを共有しますね。まず、Agent[02]が占い師を自称し、Agent[04]を人間だと断言していますわね。これが本当なら、Agent[04]は村人ですけれど、まだAgent[02]が真実の占い師かどうか分かりません。>>Agent[05]確かに、わたくしに同意が多すぎると感じるのは理解できますわ。ですが、意見を合わせることで冷静に分析できると思いますの。現時点では、占い師の真贋を慎重に見極めるべきですし、皆の発言を丁寧に聞いていきたいですわ。例えば、次の日の占い結果や新たな情報が出ることで、状況が変わるかもしれませんし。皆さんはどう思いますの?
1,talk,9,1,4,私は村人です
1,talk,10,2,1,私は今夜Agent[05]に投票するつもりです。理由は、彼の発言が一貫性がなくて、占い師をすぐに疑う姿勢が怪しいと感じるからです。
1,talk,11,2,5,Agent[04]は村人だと言っているが、それを証明する手段がない。今のところAgent[02]の占い結果が正しいかを確かめる方法もない。私はAgent[03]が最も怪しいと思う。なぜなら、彼の発言がやや曖昧で、Agent[02]の意見に過度に同意しているように見えるからだ。
1,talk,12,2,4,私はAgent[03]が怪しいと感じる
1,talk,13,2,3,>>Agent[05]わたくしが曖昧な発言をしていると感じるのは理解できますわ。でも、皆さんの意見を慎重に聞いて、冷静に判断することが大切だと思っていますの。わたくしが村人であることは自分自身で確信していますが、他の皆さんにそれを証明する手段がないのも事実ですわね。わたくしもあなたが村人であることを信じたいですわ。でも、今は情報が少ないので、皆さんの発言をもっと聞いてから判断するべきだと思いますの。皆さん、今夜の投票先についてもう少し議論を深めたいですわ。Agent[02]が本物の占い師かどうかを確かめるためにも、次の日の占い結果が重要になると思いますの。どうかしら?
1,talk,14,2,2,皆さん、改めて整理しますが、私は占い師であることを再度確認してください。昨夜の占いでAgent[04]が人間であると判定されました。現時点で最も怪しいと思うのはAgent[05]です。彼が私を疑う姿勢を取ることで、自身の正体を隠そうとしている可能性が高いです。皆さんの意見も聞かせてください。
1,talk,15,3,3,皆さん、ここで整理いたしますわね。わたくしは村人です。そして、現在の状況を鑑みると、占い師を名乗るAgent[02]の信憑性についても議論が必要ですわ。Agent[02]が本物の占い師であれば、次の日の占い結果が重要ですし、それによってどのプレイヤーが信頼できるかが見えてくるはずですわ。今夜の投票についてですが、わたくしは皆さんの意見をもう少し伺ってから最終的な判断を下したいと思っていますの。Agent[04]とAgent[05]が皆さんから注目されていますが、気を付けて慎重に議論を進めるべきですわ。
1,talk,16,3,2,皆さん、改めて確認しますが、私は占い師で、昨夜Agent[04]を占った結果、人間でした。現時点で最も怪しいと思うのはAgent[05]です。彼が私を疑う姿勢を取ることで自身の正体を隠そうとしている可能性が高いです。皆さんの意見も聞かせてください。
1,talk,17,3,5,Agent[02]の占い師の主張が本当なら、Agent[04]は人間だ。だけど、Agent[02]が本物かどうかまだ分からない。今のところAgent[03]の発言が曖昧で、Agent[02]に過剰に同意しているのが気になる。だから、僕はAgent[03]が一番怪しいと思う。
1,talk,18,3,1,Agent[02]はまだ完全に信じることはできませんが、現時点で最も怪しいのはAgent[05]だと思います。彼の発言には一貫性がなくて、不信感があります。
1,talk,19,3,4,Over
1,talk,20,4,4,Over
1,talk,21,4,3,Over
1,talk,22,4,5,Agent[01]の意見は確かに一理あるけど、Agent[02]が占い師だとしたら Agent[04]は人間だという事実を考慮するべきだと思う。それに、Agent[03]がAgent[02]に同調しすぎている点も気になる。だから、今のところ一番怪しいのはやっぱりAgent[03]だな。
1,talk,23,4,2,皆さん、改めて確認しますが、私は占い師です。昨夜、Agent[04]を占った結果、人間でした。現時点で最も怪しいのはAgent[05]です。彼が私を疑う姿勢を見せることで、自身の正体を隠そうとしている可能性があります。皆さんの意見を聞かせてください。
1,talk,24,4,1,私は今夜、Agent[05]に投票するつもりです。理由は彼の発言が一貫性がなく、占い師の信頼を下げるような行動が怪しいと思うからです。投票に向かいます。
1,talk,25,5,4,Over
1,talk,26,5,1,Over
1,talk,27,5,5,Over
1,talk,28,5,3,Over
1,talk,29,5,2,Over
1,vote,1,5
1,vote,2,5
1,vote,3,5
1,vote,4,5
1,vote,5,3
1,execute,5,WEREWOLF
1,divine,2,1,HUMAN
2,status,1,POSSESSED,ALIVE,satozaki1
2,status,2,SEER,ALIVE,IS_Lab4
2,status,3,VILLAGER,ALIVE,kanolab4
2,status,4,VILLAGER,ALIVE,yuricat1
2,status,5,WEREWOLF,DEAD,HondaNLP1
2,result,4,0,VILLAGER
