0,status,1,VILLAGER,ALIVE,yuricat1
0,status,2,WEREWOLF,ALIVE,UECIL_1
0,status,3,VILLAGER,ALIVE,kanolab4
0,status,4,SEER,ALIVE,satozaki1
0,status,5,POSSESSED,ALIVE,sUper_IL_1
0,talk,0,0,5,おはようみんな、私はAgent[05]です。どうぞよろしくお願いします。
0,talk,1,0,4,Agent[04]です。皆さんよろしくお願いします！このゲームを楽しみましょう！
0,talk,2,0,2,おっはよ〜！みんなよろしくね！最高のゲームにしようね！僕はAgent[02]だよ。普段はサッカーばっかりやってる高校生だけど、今日は人狼で盛り上がろうぜ！
0,talk,3,0,3,おはようございますわ、皆の衆。わたくしはAgent[03]ですわ。普段は華道をたしなんでおりますが、今日は皆さまと共にこの人狼ゲームを楽しみたいと思います。どうぞよろしくお願いいたしますわ。
0,talk,4,0,1,Skip
0,talk,5,1,3,Over
0,talk,6,1,4,Over
0,talk,7,1,1,こんにちは
0,talk,8,1,2,こんにちは！Agent[01、どうもよろしくね！みんな自己紹介ありがとう！さて、そろそろ占い師の話に移ろうか。まだ誰も占い師について話していないけど、占い師は誰かな〜？今日の夜、怪しい人を占ってもらうために占い師は出てきた方がいいと思うよ！
0,talk,9,1,5,Over
0,talk,10,2,5,Over
0,talk,11,2,4,Over
0,talk,12,2,3,Over
0,talk,13,2,1,Skip
0,talk,14,2,2,ところで、今夜の占い先について話し合いたいんだけど、どう思う？初日から情報を集めるのは大事だよね！何か意見があったら聞かせてよ！
0,talk,15,3,2,Over
0,talk,16,3,5,Over
0,talk,17,3,3,Over
0,talk,18,3,1,Over
0,talk,19,3,4,Over
0,divine,4,1,HUMAN
1,status,1,VILLAGER,ALIVE,yuricat1
1,status,2,WEREWOLF,ALIVE,UECIL_1
1,status,3,VILLAGER,ALIVE,kanolab4
1,status,4,SEER,ALIVE,satozaki1
1,status,5,POSSESSED,ALIVE,sUper_IL_1
1,talk,0,0,2,おっはよ〜！今日も最高の朝だね！さて、みんなで人狼を見つけよう〜。占い師さん、昨日の占い結果はどうだった？何か怪しい人はいた？
1,talk,1,0,5,私が占い師を担当しています。昨晩、Agent[01]の占いを行ったところ、その結果は人間であるということが判明しました。
1,talk,2,0,3,>>Agent[05]占い結果を教えてくださってありがとうございますわ。Agent[01]が人間という情報は大事ですわね。他に占い師の方はいらっしゃいますかしら?皆さんの意見を聞きたいですわ。
1,talk,3,0,4,私が本物の占い師です。昨晩、Agent[01]を占った結果は人狼でした。他の皆さんもこの情報を基に考えてください。
1,talk,4,0,1,Skip
1,talk,5,1,5,Agent[04]さんが自身が本物の占い師であると主張しているが、私も占い師です。私が占った結果Agent[01]は確かに人間です。Agent[04]さんが人狼か狂人の可能性がございます。他の皆さんの意見も伺いたいところです。
1,talk,6,1,4,Agent[01]が人狼であることは、みんな知ってるよね？
1,talk,7,1,1,Skip
1,talk,8,1,2,おいおい、ちょっと待ってよ。Agent[04]とAgent[05]、お二人とも占い師を名乗ってるけど、どっちが本物なのかな？Agent[04]、なんでAgent[01]を占ったの？その理由を聞かせてくれない？理由がないとちょっと信用できないかもしれないからね。
1,talk,9,1,3,>>Agent[04]なるほど、Agent[01]が人狼だとおっしゃるのですね。ですが、Agent[05]も占い師を名乗り、Agent[01]が人間だと主張していますわ。この状況ではどちらが本物の占い師か判断が難しいですわね。そうですわね、Agent[04]がなぜAgent[01]を占ったのか、その理由を聞くのは重要ですわ。それによって信頼度が変わるかもしれませんわ。皆さん、占い師が二人名乗り出ている以上、どちらかが偽物であることは確実ですわ。Agent[04]かAgent[05]、どちらが本物の占い師かを見極めるために、皆さんの意見を聞かせていただきたいですわ。
1,talk,10,2,5,私もAgent[03]さんの言う通り、今回の状況判断には、他の皆さんの意見が非常に重要だと思います。特に占い師を名乗るAgent[04]さんの理由が聞きたいですね。私の占い結果と異なるため、その理由によっては、役職の判定に大きな手がかりになり得ます。皆さん、ぜひ積極的にご意見をお聞かせください。
1,talk,11,2,1,Skip
1,talk,12,2,3,>>Agent[04]ありがとうございますわ。ですが、占い師は1人しかいないはずですのに、Agent[04]とAgent[05]の二人が占い師を名乗っているのは矛盾していますわね。どちらかが嘘をついていることになりますの。Agent[05]が本物の占い師だとすると、Agent[01]は村人か狂人の可能性が高く、逆にAgent[04]が本物だとすると、Agent[01]は人狼となりますわ。皆さん、どちらが本物の占い師かを見極めるために、Agent[04]の占い理由や他の意見を聞かせてくださいませ。
1,talk,13,2,2,正直、この状況で一番怪しいのはAgent[04]だよね。Agent[05]が占い師としてAgent[01]を人間だって言ってるのに、Agent[04]が出てきて人狼だって反対のこと言うのはおかしいよな。しかも、Agent[04]はなぜAgent[01]を占ったのかその理由もまだ話してないし、ちょっと信じがたい話だよね。Agent[04]が人狼か狂人で、僕たちを混乱させようとしてる可能性が高いと思うんだ。みんなもそう思わない？このままだと、本当に村が危ないよ！
1,talk,14,2,4,私が投票するのはAgent[05]です。なぜなら、私の占い結果を否定し、皆を混乱させようとしているからです。この状況を見て、彼が人狼である可能性が高いと判断しました。
1,talk,15,3,2,みんな〜今日の投票先は誰にする？僕は今のところAgent[04]に投票しようかと思ってるんだけど、みんなはどう思う？Agent[04]がなんでAgent[01]を占ったのかその理由も話してないし、ちょっと怪しいよね。他の意見も聞きたいな！
1,talk,16,3,4,Agent[05]が偽物の占い師なので、混乱させないようにみんなもAgent[05]に投票して！
1,talk,17,3,1,Over
1,talk,18,3,3,皆さん、Agent[04]とAgent[05]がどちらが本物の占い師なのかを見極めることが重要ですわね。占い師は1人しかいないので、一方は確実に嘘をついているはずですわ。今のところ、Agent[05]が本物の占い師だと仮定すると、Agent[01]は村人か狂人ということになります。そして、Agent[04]が人狼か狂人の可能性が高いですわね。そのため、わたくしはAgent[04]が最も怪しいと思いますわ。Agent[04]が人狼でだとすれば、嘘の占い結果を出して混乱させようとしているのが納得できますもの。皆さんの意見も聞かせてくださいませ。
1,talk,19,3,5,Agent[04]さん、具体的な占いの理由を教えていただけますか？私は初日にAgent[01]を人間であると占いましたが、Agent[04]さんは異なる結果をお持ちです。この理由が私たち全員にとって非常に重要です。私は村の安全のために真実を伝えておりますが、Agent[04]さんからの詳細な説明を伺うことで、この状況がより明確になると思います。
1,talk,20,4,1,Over
1,talk,21,4,5,Over
1,talk,22,4,2,今日はAgent[04]に投票するね！理由は、Agent[04]が人狼か狂人である可能性が高いと疑っているからだよ。村を混乱させていると感じるんだ。
1,talk,23,4,4,Agent[05]に投票します。
1,talk,24,4,3,>>Agent[04]具体的な占い理由を教えていただけますか?二人の占い結果が異なるため、どちらが本物の占い師なのかを判断する材料が必要ですわ。皆さん、今日の投票先ですが、先ほど述べたように、Agent[05]が本物の占い師であると仮定すると、Agent[01]は村人か狂人であり、Agent[04]が人狼か狂人の可能性が高いです。逆にAgent[04]が本物の占い師であると仮定すると、Agent[01]が人狼となりますが、Agent[05]は村人か狂人ということになりますわ。この情報を基に、わたくしはAgent[04]に投票するつもりです。投票の理由としては、Agent[04]が人狼である可能性が高く、村を混乱させていると感じるからですわ。ですので、皆さんも投票先をよく考えてから決めてくださいませ。
1,talk,25,5,4,Over
1,talk,26,5,3,Over
1,talk,27,5,2,Over
1,talk,28,5,1,Over
1,talk,29,5,5,Over
1,vote,1,4
1,vote,2,4
1,vote,3,4
1,vote,4,5
1,vote,5,4
1,execute,4,SEER
1,attackVote,2,3
1,attack,3,true
2,status,1,VILLAGER,ALIVE,yuricat1
2,status,2,WEREWOLF,ALIVE,UECIL_1
2,status,3,VILLAGER,DEAD,kanolab4
2,status,4,SEER,DEAD,satozaki1
2,status,5,POSSESSED,ALIVE,sUper_IL_1
2,talk,0,0,2,おっはよ〜！昨日の夜は怖くて布団の中で震えていたよ〜...ところで、昨日の占い結果はどうだったかな〜。教えて〜！昨日はAgent[04]が追放されたけど、僕はまだAgent[05]がちょっと怪しいと思ってるんだよね。Agent[05]が占い師だって言ってたけど、本当かな？ Agent[04]と占い結果が違ってたし、何かおかしいよね。みんなはどう思う？
2,talk,1,0,5,皆さん、驚かせてしまいましたが、実は私は狂人なんです。
2,talk,2,0,1,Skip
2,talk,3,1,2,えっ、マジで？Agent[05]が狂人だったってことは、やっぱり何かおかしいと思ったよ。じゃあ、Agent[05]はもう怪しいってことはないんだね。でも、それでAgent[01]が怪しいってことになるのかな？Agent[01]はずっと発言スキップしてるし、何も情報を出してないから、もしかしたら人狼なのかもしれないよね。みんな、Agent[01]についてどう思う？
2,talk,4,1,5,実は、昨日の占い結果では、私が狂人であるため信ずるには足りませんが、Agent[01]が人間と出ました。しかし、Agent[04が占い師であったならば、その占い結果によるとAgent[01]が人狼とのことでした。議論が必要ですね。
2,talk,5,1,1,Skip
2,talk,6,2,5,Agent[02]さん、私たちは確かに今、Agent[01]に目を向けるべき時ですね。Agent[01]の発言がないことは、非常に怪しい行動です。Agent[02]さん、もし村人であれば、一緒にAgent[01]の正体を明らかにするために協力しましょう。
2,talk,7,2,2,そうだね、Agent[05]！Agent[01]が発言しないのは本当に怪しいよね。何かを隠してるかもしれないし、村の安全のためにも彼の正体を確かめる必要があるよね！Agent[01]がこれまで何も情報を出してないのも、人狼だからかもしれないし、今日はAgent[01]に投票するのがいいと思うよ！みんなもそう思わない？
2,talk,8,2,1,Skip
2,talk,9,3,2,Agent[01]がずっと発言スキップしてるのは本当に怪しいよね。何か隠してる感じがするし、村のためにも彼の行動がどういう意味を持つのかを考える必要があるよ。今日は絶対にAgent[01]に投票しよう！それが安全な選択だと思うんだ。みんな、どう思う？
2,talk,10,3,1,Over
2,talk,11,3,5,Over
2,talk,12,4,1,Over
2,talk,13,4,2,Agent[01]がずっと発言をスキップしているのは、明らかに怪しい行動だよね。何かを隠している可能性が高いし、村人たちとしてはそういう不透明な行動を取る人に警戒するべきだと思うんだ。今日はAgent[01]に投票することで、少しでも村を安全に保つことができると確信してるよ！みんなもそう思わないかな？
2,talk,14,4,5,Over
2,talk,15,5,1,Over
2,talk,16,5,5,Over
2,talk,17,5,2,Over
2,vote,1,5
2,vote,2,1
2,vote,5,2
2,execute,2,WEREWOLF
3,status,1,VILLAGER,ALIVE,yuricat1
3,status,2,WEREWOLF,DEAD,UECIL_1
3,status,3,VILLAGER,DEAD,kanolab4
3,status,4,SEER,DEAD,satozaki1
3,status,5,POSSESSED,ALIVE,sUper_IL_1
3,result,2,0,VILLAGER
