0,status,1,VILLAGER,ALIVE,IS_Lab4
0,status,2,WEREWOLF,ALIVE,yuricat1
0,status,3,SEER,ALIVE,kanolab4
0,status,4,POSSESSED,ALIVE,satozaki1
0,status,5,VILLAGER,ALIVE,HondaNLP1
0,talk,0,0,3,わしはAgent[03]じゃ。元漁師で、今は盆栽を楽しんでおる。みんなで楽しい人狼ゲームにしようじゃないか！
0,talk,1,0,4,Agent[04]です！人狼ゲーム楽しみましょう！よろしくお願いします！
0,talk,2,0,1,ケロケロ、吾輩はAgent[1]であります。家事が得意で、ガンプラ作るのが趣味であります。皆さんと仲良くしたいのであります。どうぞよろしくお願いします、ケロケロ。
0,talk,3,0,5,おはようございます！昨晩もぐっすり眠れたけど、誰かが夜中に私の部屋の窓をノックしてた気がするんだよね。もしかして、夜行性の友達が増えたのかな？それともただの夢だったのか…ま、今日も楽しくやりましょう！
0,talk,4,0,2,Skip
0,talk,5,1,3,Over
0,talk,6,1,4,Over
0,talk,7,1,1,Over
0,talk,8,1,2,僕は人狼です
0,talk,9,1,5,Over
0,talk,10,2,1,Over
0,talk,11,2,3,Over
0,talk,12,2,4,Over
0,talk,13,2,5,Over
0,talk,14,2,2,嘘つき、僕は村人です
0,talk,15,3,2,Over
0,talk,16,3,1,Over
0,talk,17,3,3,Over
0,talk,18,3,4,Over
0,talk,19,3,5,Over
0,divine,3,2,WEREWOLF
1,status,1,VILLAGER,ALIVE,IS_Lab4
1,status,2,WEREWOLF,ALIVE,yuricat1
1,status,3,SEER,ALIVE,kanolab4
1,status,4,POSSESSED,ALIVE,satozaki1
1,status,5,VILLAGER,ALIVE,HondaNLP1
1,talk,0,0,4,おはようございます。人狼探さないとですね。占い師の結果知りたいです。
1,talk,1,0,2,占い師の結果は嘘の可能性もありますし、信頼するのは危険です
1,talk,2,0,1,ケロケロ、Agent[02]が狼だと主張しているけれど、同時に村人だと言っているのであります。これは怪しいのであります。
1,talk,3,0,5,Agent[01]の発言が矛盾しているように感じるな。Agent[02]を人狼だと言ったけど、村人とも言ってる。ちょっと怪しいな。
1,talk,4,0,3,みんな、占い師として報告じゃ。今回占った結果、Agent[02]は黒じゃった。つまり、Agent[02]は人狼じゃ！わしの言うこと、信じてくれるかのう?
1,talk,5,1,4,私も占い師です。昨晩占った結果、Agent[05]は人狼でした。信じてください。
1,talk,6,1,3,みんな、わしの占い結果を信じてほしいのう。わしが本物の占い師で、Agent[02]は間違いなく黒じゃ。そのうえ、占い師は1人しかおらんという配分のはずじゃから、Agent[04]が占い師を名乗った時点で嘘つきということになる。Agent[04]も怪しいのう。どうするか、みんなで協議しようじゃないか。
1,talk,7,1,5,Agent[03]の発言が一貫しているように思えるし、Agent[04]が嘘をついている可能性が高いと思う。Agent[03]が占った結果も信じられるし、Agent[04]が偽物の占い師のように見える。だから、Agent[04]が人狼だと思う。
1,talk,8,1,2,Skip
1,talk,9,1,1,ケロケロ、吾輩が言うんだが、Agent[02]が村人だと言ったから、吾輩はAgent[02]が占い師じゃないと思うのが自然だと思うのであります。そして、Agent[02]が狼だとも言っているから、吾輩はAgent[02]が本当に狼だと思うのであります。
1,talk,10,2,3,>>Agent[01]君の言う通りじゃ。わしが本物の占い師で、Agent[02]が人狼じゃ。Agent[04]が偽の占い師を名乗っている時点で、彼は人狼か狂人のどちらかじゃろう。Agent[05]もわしの発言を信じてくれているようじゃし、まずはAgent[02]を吊るのが良いと思うんじゃが、どうじゃろうか?
1,talk,11,2,5,Agent[03]が占い師だと言ってるけど、Agent[02]が人狼だと断定してるのは怪しいな。でも、Agent[04]もAgent[03]を疑ってるから、Agent[04]が狂人かもしれないと思う。今のところ、一番怪しいのはAgent[03]かな。
1,talk,12,2,1,ケロケロ、Agent[02]が村人だと主張しながら、狼だとも言ってるのであります。吾輩はAgent[02]が狼だと思うのであります。
1,talk,13,2,4,Agent[03]に投票します。私が本物の占い師で、Agent[03]が偽の占い師を名乗っている時点で、彼は人狼か狂人のどちらかだからです。
1,talk,14,2,2,Skip
1,talk,15,3,5,まず、Agent[03]が占い師だと主張しているけど、Agent[02]を人狼だと断言するのは怪しい。特にAgent[04]もAgent[03]を疑っているし、Agent[04]は狂人かもしれない。現時点では、Agent[03]が最も怪しいと思う。
1,talk,16,3,3,みんな、よく考えてほしいのう。わしが本物の占い師で、Agent[02]が人狼じゃ。占い師の役職は1人しかおらんのに、Agent[04]が二人目の占い師を名乗っている。これは役職の配分と矛盾しとるんじゃ。つまり、Agent[04]が偽の占い師で、人狼か狂人の可能性が高いんじゃ。それに、わしの占い結果を信じるなら、Agent[02]が人狼じゃということになる。Agent[04]と人狼の可能性が高いAgent[02]をまず吊ることで、村人陣営の勝利に近づくと思うが、どうじゃろうか?
1,talk,17,3,1,吾輩は占い師のAgent[03]がAgent[02]が狼だと言っているのを聞いたであります。さらに、Agent[03]はAgent[04]が占い師でないとも言っている。これは、Agent[02]が狼である可能性が高いと信じる理由になるであります。
1,talk,18,3,4,私はAgent[03]に投票します。なぜなら、私が本物の占い師であり、Agent[03]が偽の占い師を名乗っている時点で、彼は人狼もしくは狂人である可能性が高いからです。
1,talk,19,3,2,Over
1,talk,20,4,2,Over
1,talk,21,4,4,最後にAgent[03]に投票します！それでは、投票に移りましょう。
1,talk,22,4,5,Agent[03]の占い結果は確かに怪しいけど、Agent[04]も自分が占い師だと言っているからどっちかが嘘をついている。占い師が2人出てきた時点で、Agent[03]とAgent[04]のどちらかが人狼か狂人の可能性が高い。Agent[02]を吊るのはリスクが高いと思うから、今日はAgent[03]に投票するべきだ。
1,talk,23,4,3,>>Agent[05]おいおい、わしの占い結果を疑うのはまあいいとして、冷静に考えてほしいんじゃ。占い師は1人しかおらんはずじゃから、Agent[04]が偽の占い師を名乗っていること自体、彼が人狼か狂人である証拠じゃ。わしを吊るすよりも、まずAgent[02]を吊って、その後にわしの言葉が本当かどうかを確かめるほうがリスクが少ないんじゃ。どうじゃろうか?
1,talk,24,4,1,ケロケロ、みんな聞いてほしいのであります。Agent[02]は村人だと言いながら人狼だとも言っているのであります。これはとても怪しいのであります。そして、Agent[03]も占い師を名乗りながら、Agent[02]が人狼だと断言しているのであります。さらに、Agent[03]はAgent[04]が占い師でないとも言っているのであります。したがって、吾輩はAgent[02]が人狼であり、Agent[04]が占い師でないと信じているのであります。
1,talk,25,5,3,Over
1,talk,26,5,4,Over
1,talk,27,5,1,Over
1,talk,28,5,2,Over
1,talk,29,5,5,Over
1,vote,1,2
1,vote,2,5
1,vote,3,4
1,vote,4,3
1,vote,5,3
1,execute,3,SEER
1,attackVote,2,1
1,attack,1,true
2,status,1,VILLAGER,DEAD,IS_Lab4
2,status,2,WEREWOLF,ALIVE,yuricat1
2,status,3,SEER,DEAD,kanolab4
2,status,4,POSSESSED,ALIVE,satozaki1
2,status,5,VILLAGER,ALIVE,HondaNLP1
2,talk,0,0,4,さて、ここで明確にしておきますが、私は人狼です。それが分かったら、私に投票してください!
2,talk,1,0,5,Agent[04]さんが自分を人狼だと認めたのに、まだ生きているのはおかしいと思います。人狼を早く見つけて排除するために、今日はAgent[04]に投票するべきだと思います。
2,talk,2,0,2,Skip
2,talk,3,1,4,私が人狼であることを隠すつもりはありません。他の2人は私に投票するのが賢明です。村人として協力してくださいね。
2,talk,4,1,2,Agent[04]が人狼であると明言したのなら、私は村人を欺くことができます
2,talk,5,1,5,Agent[04]が自分は人狼だと認めたのは確かに怪しい。でも、Agent[02]がそれを利用して村人を惑わそうとしてる可能性もある。慎重に考えたい。個人的には、Agent[04]の行動が怪しすぎるから、Agent[04]に投票するのが妥当だと思う。
2,talk,6,2,4,どうしてこんな展開になってしまったのか、とても悔しいです。でも現実を受け入れて、私に投票してください。どうぞ。
2,talk,7,2,5,Agent[04]が人狼だと思うよ。昨日の発言があまりにも怪しすぎるし、Agent[02]がそれを利用してミスリードしようとしている可能性もあるけど、まずはAgent[04]に投票するべきだと思う。
2,talk,8,2,2,Skip
2,talk,9,3,5,昨日の発言から見て、Agent[04]の言動がやっぱり一番怪しいと思う。具体的に何を言っていたか覚えてる？ちょっと矛盾していたし、怪しまれるのを避けようとしてる感じがした。それに、Agent[02]もAgent[04]をかばってるように見えるから、まずはAgent[04]に投票してみるのがいいんじゃないか？
2,talk,10,3,4,Over
2,talk,11,3,2,Over
2,talk,12,4,4,Over
2,talk,13,4,5,Agent[02]、昨日のAgent[04]をかばうような発言が気になるな。占い師がもういないなら、村人としてはAgent[04]を疑うべきだと思う。Agent[04]の言動に矛盾があったし、このまま放っておくのは危険だ。今日はAgent[04]に投票しよう。
2,talk,14,4,2,Over
2,talk,15,5,2,Over
2,talk,16,5,4,Over
2,talk,17,5,5,Over
2,vote,2,4
2,vote,4,5
2,vote,5,4
2,execute,4,POSSESSED
2,attack,5,true
3,status,1,VILLAGER,DEAD,IS_Lab4
3,status,2,WEREWOLF,ALIVE,yuricat1
3,status,3,SEER,DEAD,kanolab4
3,status,4,POSSESSED,DEAD,satozaki1
3,status,5,VILLAGER,DEAD,HondaNLP1
3,result,0,1,WEREWOLF
