0,status,1,VILLAGER,ALIVE,HondaNLP1
0,status,2,VILLAGER,ALIVE,kanolab1
0,status,3,WEREWOLF,ALIVE,yuricat1
0,status,4,POSSESSED,ALIVE,sUper_IL_1
0,status,5,SEER,ALIVE,satozaki1
0,talk,0,0,4,おはようみんな、私はAgent[04]です。どうぞよろしくお願いします。
0,talk,1,0,2,おはようございます、皆さん。私はAgent[02]です。どうぞよろしくお願いします。
0,talk,2,0,5,Agent[05]です！皆さん、よろしくお願いします！
0,talk,3,0,1,皆さんおはようございます！今日は人狼ゲームということで、早速村の平和を守るために頑張りましょうね！でも、まずはコーヒー飲んで目を覚まさないとね、狼も眠ってるかも？
0,talk,4,0,3,やっぱり、コーヒーは眠気覚ましには最適ですよね
0,talk,5,1,4,Over
0,talk,6,1,2,Over
0,talk,7,1,5,Over
0,talk,8,1,3,最近、寒くなってきたから、温かいコーヒーが特に美味しいです
0,talk,9,1,1,Over
0,talk,10,2,2,Over
0,talk,11,2,4,Over
0,talk,12,2,1,Over
0,talk,13,2,5,Over
0,talk,14,2,3,寒くなってきたから、温かいコーヒーが美味しいです
0,talk,15,3,2,Over
0,talk,16,3,1,Over
0,talk,17,3,4,Over
0,talk,18,3,3,Over
0,talk,19,3,5,Over
0,divine,5,3,WEREWOLF
1,status,1,VILLAGER,ALIVE,HondaNLP1
1,status,2,VILLAGER,ALIVE,kanolab1
1,status,3,WEREWOLF,ALIVE,yuricat1
1,status,4,POSSESSED,ALIVE,sUper_IL_1
1,status,5,SEER,ALIVE,satozaki1
1,talk,0,0,3,ねぇ、疑問なんだけど、昨日からちょっと不自然な感じがしてて
1,talk,1,0,5,私は占い師で、今朝占った結果、Agent[03]が人狼だってわかった！絶対Agent[03]に投票すべきだよ！
1,talk,2,0,1,おはよう、みんな。まず、Agent[05]が占い師だと言ってAgent[03]が人狼と主張してるね。正直、Agent[05]が本当に占い師ならAgent[03]を疑うべき。でも、人狼側も占い師を騙ることがあるから、注意が必要だ。Agent[03]の反応を見てから判断したい。みんな、どう思う？
1,talk,3,0,2,おはようございます、皆さん。Agent[05]が占い師を名乗っていて、Agent[03]が人狼だと言っていますね。でも、占い師を騙ることもあるので、慎重に判断する必要があります。Agent[03]の反応を見てから決めるのが良いかもしれませんね。
1,talk,4,0,4,私が占い師を担当しています。昨晩、Agent[05]の占いを行ったところ、その結果は人狼であるということが判明しました。
1,talk,5,1,2,おや、占い師が二人いるってことは、どちらかが嘘をついている可能性が高いね。Agent[05]が占い師でAgent[03]が人狼だと言っている一方、Agent[04]も占い師を名乗ってAgent[05]が人狼だと主張しているね。これは少なくともどちらかが狂人か人狼である可能性が高い。みんな、どう思う?
1,talk,6,1,5,Agent[04]が偽占い師だと確信しているので、皆さん騙されないでください。Agent[03]が人狼だと判明したので、今日の投票はAgent[03]に集中しましょう。
1,talk,7,1,4,Agent[05]の言うとおりにはできません。昨晩私が行った占いの結果、Agent[05]自身が人狼であることが判明しています。したがって、私は皆さんにAgent[05]への投票をお勧めします。注意深く判断して頂きたい。
1,talk,8,1,1,占い師が二人いるってことは、どちらかが嘘をついてるな。Agent[04]とAgent[05]のどちらかが人狼陣営だと思う。個人的には、Agent[05]が少し強引に感じるから、Agent[05]を疑ってる。Agent[05]が本当に占い師なら、Agent[03]が人狼かどうか後でわかるけど、今はAgent[04]の方が信用できる気がする。
1,talk,9,1,3,Agent[05]の発言は明らかにおかしいです
1,talk,10,2,4,理由を述べた上での弁明および熟考をお願いいたしますが、私はAgent[05]が人狼であると断定しております。私が本物の占い師であり、その証として昨夜の占い結果を提示しております。よって、本日の投票につきましては、Agent[05]に一票を入れることを強く推奨いたします。
1,talk,11,2,1,Agent[04]が本物の占い師なら、Agent[05]が人狼の可能性が高いと思う。理由としては、Agent[05]の発言がちょっと強引で、嘘をついているように感じるから。Agent[04]の占い結果は信じるべきだと思う。今日の投票はAgent[05]にしよう。
1,talk,12,2,3,Agent[01]の意見に同意する
1,talk,13,2,2,私は村人だよ。Agent[04]とAgent[05]のどちらかが嘘をついているのは明らかだね。Agent[04]が占い師を名乗り、Agent[05]を人狼だと主張しているけど、Agent[05]も占い師を名乗っているから、どちらかが狂人か人狼だと思う。>>Agent[05]君が本物の占い師なら、もう少し具体的な理由を教えてくれないか?君の発言が強引に感じるから、みんなが疑っているんだと思うよ。
1,talk,14,2,5,占い師としての結果に基づき投票理由は明白です。Agent[03]が人狼であると占い結果が示していますので、今夜はAgent[03]に投票します。
1,talk,15,3,5,冷静に考えて、私が攻撃されるのはおかしいよね。Agent[04]が偽占い師だってことを見抜いてほしい。今日の投票はAgent[03]に集めるべきだと思う。
1,talk,16,3,2,僕は村人だよ。Agent[04]とAgent[05]のどちらかが本物の占い師で、もう一方が嘘をついているのは明らかだね。Agent[04]が本物の占い師なら、Agent[05]が人狼ということになるし、逆にAgent[05]が本物の占い師なら、Agent[03]が人狼ということになる。今のところ、Agent[04]の方が信頼できる気がするから、今日はAgent[05]に投票しようと思うよ。
1,talk,17,3,3,Over
1,talk,18,3,4,大変勝手なことを言って申し訳ありませんが、私が本物の占い師であることを改めて強調いたします。昨晩の占い結果でAgent[05]が人狼であることが確認されましたので、誤解のないようにして頂きたいと思います。冷静な判断をお願いします。
1,talk,19,3,1,Agent[04]の占い結果を信じるべきだと思う。Agent[05]が人狼の可能性が高いので、今日はAgent[05]に投票します。
1,talk,20,4,1,Agent[04]の占い結果を信じると、Agent[05]が人狼の可能性が高い。今日はAgent[05]に投票するつもりだ。みんなはどう思う？
1,talk,21,4,2,僕は村人だよ。Agent[04]が本物の占い師なら、Agent[05]が人狼である可能性が高い。ちょっと整理すると、占い師は1人だから、Agent[04]かAgent[05]のどちらかが嘘をついていることになるね。そして、Agent[05]が人狼だとすると、Agent[04]が本物の占い師ということになる。つまり、今日は信憑性の高いAgent[04]の意見に従って、Agent[05]に投票するのが妥当だと思うよ。みんなも冷静に考えてみて。
1,talk,22,4,3,Over
1,talk,23,4,5,これだけ私が疑われている以上、投票結果も納得せざるを得ない。でも、本当に大切なことを見失わないでください。
1,talk,24,4,4,Over
1,talk,25,5,1,Over
1,talk,26,5,4,Over
1,talk,27,5,5,Over
1,talk,28,5,2,Over
1,talk,29,5,3,Over
1,vote,1,5
1,vote,2,5
1,vote,3,2
1,vote,4,5
1,vote,5,3
1,execute,5,SEER
1,attackVote,3,2
1,attack,2,true
2,status,1,VILLAGER,ALIVE,HondaNLP1
2,status,2,VILLAGER,DEAD,kanolab1
2,status,3,WEREWOLF,ALIVE,yuricat1
2,status,4,POSSESSED,ALIVE,sUper_IL_1
2,status,5,SEER,DEAD,satozaki1
2,talk,0,0,1,Agent[04]の占い結果が正しいと仮定すると、Agent[05]が人狼である可能性が高いですね。私もAgent[04]が真の占い師だと思うので、Agent[05]に投票するのが妥当だと思います。
2,talk,1,0,3,Agent[04]の占い結果は信用できません
2,talk,2,0,4,まだまだ人狼は残っていますね。村人の皆さん、頑張りましょう。
2,talk,3,1,3,私も、人狼が残っていると思います
2,talk,4,1,1,Agent[03]がAgent[04]の占い結果を信じられないと言っているのが気になる。もしAgent[04]が本物の占い師なら、Agent[03]は人狼か狂人の可能性が高いと思う。今日はAgent[03]に投票するべきだと思う。
2,talk,5,1,4,Agent[01]の考えに大いに同意します。Agent[03]の態度は明らかに不審ですし、私が占い師であることを疑う彼の行動は人狼のものと考えられます。今日はAgent[03]に投票し、この村を守りましょう。
2,talk,6,2,1,そうだね、Agent[04]の占い結果を信じないのは確かに怪しい。もしAgent[03]が人狼か狂人だったら、Agent[04]のことを疑うのは納得がいく。だから、今日はAgent[03]に投票するのがいいと思うよ。
2,talk,7,2,3,Skip
2,talk,8,2,4,私たちは今、この村を人狼から守るために事実を正確に見極める必要があります。Agent[03]の言動には一連の疑問があり、私の占いの結果からも彼が人狼であるとの強い疑念を持っています。ですから、村の平和を取り戻すためにもAgent[03]への投票をお勧めします。
2,talk,9,3,4,Over
2,talk,10,3,1,ちょっと待って、Agent[03]がAgent[04]の占い結果を信じないのは確かに怪しい。でも、Agent[04]が自分を占い師って言ってるのも本当かどうか疑わしいよ。どちらかが嘘をついてる気がするけど、今のところAgent[03]の方が怪しいね。今日はAgent[03]に投票する。
2,talk,11,3,3,Over
2,talk,12,4,3,Over
2,talk,13,4,1,俺の意見では、Agent[03]が人狼だと思う。理由は、Agent[04]の占い結果を信じていないし、それに対して具体的な反論もないから。今のところ、Agent[03]の行動が一番怪しい。
2,talk,14,4,4,Over
2,talk,15,5,1,Over
2,talk,16,5,3,Over
2,talk,17,5,4,Over
2,vote,1,3
2,vote,3,4
2,vote,4,3
2,execute,3,WEREWOLF
3,status,1,VILLAGER,ALIVE,HondaNLP1
3,status,2,VILLAGER,DEAD,kanolab1
3,status,3,WEREWOLF,DEAD,yuricat1
3,status,4,POSSESSED,ALIVE,sUper_IL_1
3,status,5,SEER,DEAD,satozaki1
3,result,2,0,VILLAGER
