0,status,1,VILLAGER,ALIVE,kanolab1
0,status,2,WEREWOLF,ALIVE,satozaki1
0,status,3,SEER,ALIVE,UECIL_1
0,status,4,VILLAGER,ALIVE,yuricat1
0,status,5,POSSESSED,ALIVE,HondaNLP1
0,talk,0,0,5,みんな、おはよう！昨夜は月がとても綺麗だったね、でも狼の遠吠えが聞こえなかったのはちょっと寂しかったかも？さて今日も楽しくやろう！
0,talk,1,0,3,狼の遠吠えか、なかなか興味深い話だな。私はこのデルカダール国の国王であり、普段は狩りや剣術に励んでいる。今日は皆と共に楽しいひと時を過ごしたいと思う。
0,talk,2,0,1,皆さん、おはようございます！私は24歳の教師で、普段は釣りが趣味なんだ。今日は皆と一緒に楽しい人狼ゲームを楽しみにしているよ。よろしくお願いします！
0,talk,3,0,2,Agent[02]です！みんなで楽しい時間を過ごしましょう！よろしくお願いします！
0,talk,4,0,4,Skip
0,talk,5,1,4,初日は情報が少ないから、まずは疑われないように、普通に村人してみます
0,talk,6,1,3,Agent[04]、初日は確かに情報が少ないが、それでもお互いについて知る良い機会だ。私は国王として、常に情報を重視している。Agent[01]、釣りが趣味とは面白い。私も狩りを楽しむが、釣りも心が落ち着く趣味だろう。
0,talk,7,1,1,Over
0,talk,8,1,5,Over
0,talk,9,1,2,Over
0,talk,10,2,2,Over
0,talk,11,2,4,Agent[03]、国王として情報を重視するのは素晴らしいですね
0,talk,12,2,5,Over
0,talk,13,2,3,皆の前で宣言するが、わたくしはこのゲームの占い師である。真実を見極める力を持っており、村を守るために全力を尽くす所存だ。だからこそ、明日の占い対象について意見を求めたい。どのような基準で選ぶべきだと思うか、教えてほしい。
0,talk,14,2,1,Over
0,talk,15,3,5,Over
0,talk,16,3,4,Over
0,talk,17,3,3,Over
0,talk,18,3,2,Over
0,talk,19,3,1,Over
0,divine,3,2,WEREWOLF
1,status,1,VILLAGER,ALIVE,kanolab1
1,status,2,WEREWOLF,ALIVE,satozaki1
1,status,3,SEER,ALIVE,UECIL_1
1,status,4,VILLAGER,ALIVE,yuricat1
1,status,5,POSSESSED,ALIVE,HondaNLP1
1,talk,0,0,2,おはようございます。人狼を探さなきゃいけないですね。占い師の結果が知りたいです。
1,talk,1,0,1,なるほど、Agent[03]が占い師を名乗るってことは、他にも占い師CO（カミングアウト）する人がいるかもしれないね。皆がどう考えているのか、もっと話を聞きたいな。
1,talk,2,0,3,私がこの村の占い師であることは既に宣言しておる。今宵、私が占った結果を報告する。Agent[02]を占ったところ、彼は人狼であると判明した。これは重大な情報だ。村の安全のため、皆の意見を聞きたい。どう対処すべきか、率直な意見を求める。
1,talk,3,0,4,占い師COの結果が発表されたということは、占い師の正体が明らかになったということですね
1,talk,4,0,5,私は占い師です。Agent[01]を占った結果、白でした。この情報を元に、Agent[03]が偽の占い師である可能性が高いと思います。
1,talk,5,1,3,聞き間違いではないだろうか。私が真の占い師であることは、初日から明言しておる。Agent[05]が占い師を名乗るとは、これは狂人か人狼の所業に違いない。我が発言に嘘はない。Agent[02]が人狼であるという結果を得たのだ。この事実を踏まえ、村の皆が正しい判断を下せるよう、我が言葉を信じてほしい。Agent[05]の発言には注意が必要だ。
1,talk,6,1,5,Agent[03]が占い師だと言ったけど、Agent[02]が人狼だと言うのは怪しいね。もし本物の占い師なら、Agent[02]が人狼だとわかるはずだけど、Agent[02]は白だったらどうする？Agent[03]が偽の占い師だと思う。みんな、注意して。Agent[03]の言うことを鵜呑みにしないほうがいい。
1,talk,7,1,2,Agent[05]を信じる。Agent[03]が偽の占い師である可能性が高いと思う。Agent[03]に投票することを提案する。
1,talk,8,1,1,僕は村人だよ！さて、皆さんの発言を整理してみよう。>>Agent[03]が占い師を名乗っているけど、どちらかが偽物だね。Agent[03]はAgent[02]が人狼だと言っていて、Agent[05]は僕を白と占ったと言っている。もしAgent[03]が本物なら、Agent[02]が人狼ということになるし、Agent[05]が本物なら僕が白だから、Agent[03]が偽物ということになる。はAgent[05]を信じると言っているけど、これも注意が必要だよ。もしAgent[02]が人狼なら、偽の占い師を信じることで村を混乱させようとしている可能性がある。まずは、どちらの占い師が本物か見極めるために、もう少し議論を続けよう。皆さんの意見を聞かせてほしいな。
1,talk,9,1,4,私も村人です
1,talk,10,2,5,さて、僕の意見を聞いてほしい。まず、Agent[03]が占い師だと言って、Agent[02]が人狼だと主張しているけど、Agent[03]が偽の可能性が高いと感じる。理由は、Agent[03]が占い師なら、初日に確実な情報を出すべきだが、Agent[02]が人狼と断言するのは早計だと思う。逆に、Agent[02]が人狼でなければ、Agent[03]の発言は村を混乱させるだけ。だから、Agent[03]が偽の占い師で、Agent[02]が白だと信じる。僕はAgent[03]に投票するつもりだよ。
1,talk,11,2,2,今夜はAgent[03]に投票する。理由は、Agent[05]が僕を白と判断し、Agent[03]の発言に信憑性が感じられないからだ。
1,talk,12,2,3,申し上げるが、私がこの村の唯一の真の占い師である。Agent[05]が占い師を名乗っているとのことだが、それは明らかに虚偽である。私は昨夜、Agent[02]を占い、その結果彼が人狼であることが判明した。私の言葉に疑いを持つことなく、真実を見極めるように頼む。Agent[05]が占い師を名乗るのは、村を混乱に陥れ、人狼たちの勝利を助けるための策略に他ならない。彼の言葉に騙されず、真実を見極めるべきだ。私の占い結果は嘘偽りなく、Agent[02]が人狼であるということだけが真実である。
1,talk,13,2,4,Agent[03]の占い結果は正しいとは限らないと考える
1,talk,14,2,1,僕は村人だよ！現時点でAgent[03]とAgent[05]のどちらが本物の占い師かはまだ分からないけど、冷静に考えてみよう。>>Agent[03]とAgent[05]どちらが本物の占い師かを見極めるために、統一占いを提案するよ。次に占う対象をみんなで決めて、両方の占い師が同じ人を占うことで、どちらが本物かを見極める手がかりになると思うんだ。どうかな?
1,talk,15,3,5,Agent[03]の占い結果を信じるのは難しい。彼が本物の占い師なら、もっと一貫性のある発言をするはずだ。私の意見では、Agent[03]が人狼で間違いない。
1,talk,16,3,1,僕は村人だよ！今のところ、Agent[03]とAgent[05]のどちらが本物の占い師かはまだ分からないけど、冷静に考えてみよう。統一占いを提案するよ。次に占う対象をみんなで決めて、両方の占い師が同じ人を占うことで、どちらが本物かを見極める手がかりになると思うんだ。どうかな?
1,talk,17,3,2,統一占いには賛成です。ただ、今日はAgent[03]に投票しておきます。彼の言うことは信じられません。
1,talk,18,3,3,私はこの国の未来を守るために、正直な占い結果を皆に報告している。私が占った結果、Agent[02]が人狼であると判明した。これは事実であり、私の占い結果を疑うのは、この村にとって危険である。Agent[05]が占い師を名乗っているが、それは偽りだ。私がこのゲームの唯一の占い師である。私の占い結果を信じ、村を守るために正しい行動を選んでほしい。統一占いの提案には賛成だが、私が本物の占い師であることを理解してもらいたい。Agent[02]を疑うべきだと改めて強調する。
1,talk,19,3,4,Over
1,talk,20,4,1,僕は村人だよ！じゃあ次の統一占いのターゲットをどうするか決めよう。>>Agent[02]今日はAgent[03]に投票するって言ったけど、統一占いの対象は誰にするのがいいと思う?Agent[05]、君の意見も聞きたいな。
1,talk,21,4,3,私、Agent[03]は、今回の投票でAgent[02]に投票する。彼は私が人狼であると占った相手だ。我が主張の信憑性を保ちつつ、村を人狼の脅威から守るためにこの行動を取る。
1,talk,22,4,4,Over
1,talk,23,4,5,みんな、ちょっと待ってくれ。私は占い師だ。Agent[03]が偽物だと確信している。なぜなら、Agent[02]が白だったからだ。統一占いをするなら、次はAgent[04]を占うべきだと思う。彼の動きが怪しいからね。
1,talk,24,4,2,統一占いの対象にAgent[04]を選ぶことには賛成です。今日はAgent[03]に投票することを再度提案します。
1,talk,25,5,3,Over
1,talk,26,5,5,Over
1,talk,27,5,1,Over
1,talk,28,5,2,Over
1,talk,29,5,4,Over
1,vote,1,3
1,vote,2,3
1,vote,3,2
1,vote,4,2
1,vote,5,3
1,execute,3,SEER
1,attackVote,2,5
1,attack,5,true
2,status,1,VILLAGER,ALIVE,kanolab1
2,status,2,WEREWOLF,ALIVE,satozaki1
2,status,3,SEER,DEAD,UECIL_1
2,status,4,VILLAGER,ALIVE,yuricat1
2,status,5,POSSESSED,DEAD,HondaNLP1
2,talk,0,0,2,おはよう。人狼探し頑張らないとね。
2,talk,1,0,4,了解！昨日は特に怪しい人はいなかったけど、今日は注意深く見てみようかな
2,talk,2,0,1,Over
2,talk,3,1,4,私は昨日から特に気になった点がなかったのですが、今日は占い師の結果を待ってから考えるつもりです
2,talk,4,1,2,Agent[01]、今日は話す必要がない理由がわからないです。村のためにならないですよ。人狼の可能性を感じてます。
2,talk,5,1,1,Over
2,talk,6,2,2,今日はAgent[01]に投票します。理由は話し合いを避けて村を混乱させようとしているからです。人狼の可能性が高いと思います。
2,talk,7,2,4,Agent[02]さんの意見に賛成です
2,talk,8,2,1,Over
2,talk,9,3,2,Agent[01]がこれ以上話さず、村の役に立てないのは非常に怪しいです。そのため、Agent[01]が人狼である可能性が高いと考えられます。
2,talk,10,3,1,Over
2,talk,11,3,4,Over
2,talk,12,4,1,Over
2,talk,13,4,4,Over
2,talk,14,4,2,Agent[04]、議論を避けているAgent[01]が非常に怪しいと思うので、彼に投票することを提案します。
2,talk,15,5,4,Over
2,talk,16,5,2,Over
2,talk,17,5,1,Over
2,vote,1,2
2,vote,2,1
2,vote,4,2
2,execute,2,WEREWOLF
3,status,1,VILLAGER,ALIVE,kanolab1
3,status,2,WEREWOLF,DEAD,satozaki1
3,status,3,SEER,DEAD,UECIL_1
3,status,4,VILLAGER,ALIVE,yuricat1
3,status,5,POSSESSED,DEAD,HondaNLP1
3,result,2,0,VILLAGER
