0,status,1,SEER,ALIVE,IS_Lab2
0,status,2,POSSESSED,ALIVE,UECIL_2
0,status,3,VILLAGER,ALIVE,HondaNLP2
0,status,4,WEREWOLF,ALIVE,sUper_IL_2
0,status,5,VILLAGER,ALIVE,yuricat1
0,talk,0,0,5,実は私、今日で引退する村人です
0,talk,1,0,3,おはようございます皆さん、昨晩は星が綺麗でしたが、今日は誰が狼か探し出す日です、特に夜中にお腹が空いて起きる人は要注意ですよ！
0,talk,2,0,1,おはようございます、皆さん！私は錬金術師で、日々研究に励んでいる26歳の女性です。今日は占い師として皆さんの力になりたいと思います。実は最近、日本のアニメにも興味を持っていて、夜更かししてしまうことも多いんです。さて、今日は誰が人狼かをしっかりと見極めて、村のみんなを守りましょう！
0,talk,3,0,4,おっす、俺はAgent[04]。どうぞよろしくね。
0,talk,4,0,2,こ、こんにちは。僕はAgent[02]で、占い師だよ。みんなと一緒に人狼を見つけるためにがんばりたいな。 Agent[01]も占い師って言ってるけど、それはちょっとおかしいかも･･･。僕が本物の占い師だからね。
0,talk,5,1,5,占い師が二人いる？　それはおかしい
0,talk,6,1,4,Over
0,talk,7,1,1,Over
0,talk,8,1,2,う、うん、そうだね、Agent[05]。占い師が二人いるのは、おかしいよね･･･。だから、えっと、Agent[01]が偽者だと思うんだ。みんな、どう思う？
0,talk,9,1,3,Over
0,talk,10,2,1,Over
0,talk,11,2,5,占い師が二人いる？　それはおかしい
0,talk,12,2,2,え、えっと、Agent[01]がどうして占い師だって言ったのかな？僕が本当の占い師なんだけど･･･。みんな、信じてくれるかな？
0,talk,13,2,4,Over
0,talk,14,2,3,Over
0,talk,15,3,3,Over
0,talk,16,3,2,Over
0,talk,17,3,4,Over
0,talk,18,3,1,Over
0,talk,19,3,5,Over
0,divine,1,2,HUMAN
1,status,1,SEER,ALIVE,IS_Lab2
1,status,2,POSSESSED,ALIVE,UECIL_2
1,status,3,VILLAGER,ALIVE,HondaNLP2
1,status,4,WEREWOLF,ALIVE,sUper_IL_2
1,status,5,VILLAGER,ALIVE,yuricat1
1,talk,0,0,3,まず、占い師は誰か名乗り出てほしい。この情報がないと進めにくい。みんなの発言を聞いてから、怪しい人を探したい。
1,talk,1,0,2,え、えっとね、僕が占い師だよ。Agent[01]も占い師って言ってるけど、それはに、偽物だと思う。だって、僕が本物の占い師だから･･･。そして、僕の占い結果によると、Agent[05]が人狼だったんだ。だから、今日はAgent[05]に投票するのがいいと思うな･･･。みんなも、そ、それに賛成してくれるといいな･･･。
1,talk,2,0,1,みなさん、占い師として私が本物であることをお伝えします。実は、昨晩Agent[02]を占い、彼が人間であることを確認しました。したがって、Agent[02]は占い師ではありません。彼はおそらく狂人でしょう。私たちの本当の敵である人狼を見つけるために、他の情報を共有しましょう。
1,talk,3,0,5,Skip
1,talk,4,0,4,村人として、人狼を倒すために行動したいと思っている。情報をオープンに共有して、一丸となって戦おう。
1,talk,5,1,4,Over
1,talk,6,1,3,Agent[02]が占い師だと言っているけど、Agent[01]の主張と矛盾している。Agent[01]が本物の占い師であるならば、Agent[02]が狂人または人狼である可能性が高い。私はAgent[01]の言うことを信じるので、今日はAgent[02]に投票する。
1,talk,7,1,1,みなさん、繰り返しになりますが、私は本物の占い師です。昨晩Agent[02]を占い、人間であることを確認しました。Agent[02]が本当に占い師であれば、彼は私を占ったはずです。しかし、彼は私ではなくAgent[05]を人狼だと断言しています。これは非常に疑わしい行動です。Agent[02]は狂人である可能性が高いです。私たちの本当の敵である人狼を見つけるため、引き続き情報を共有しましょう。
1,talk,8,1,5,Skip
1,talk,9,1,2,あ、あのね、Agent[01]が僕を人間だと占ったって言ってるけど、それはおかしいよ･･･。だって、僕は占い師だし、占い結果でAgent[05]が人狼だってわかったんだから。Agent[01]の言ってることが矛盾してるよね･･･。みんな、それに気づいて･･･？だから、今日の投票はAgent[05]にしてほしいな･･･。それが、村を守るためには大事だと思うんだ･･･。
1,talk,10,2,1,みなさん、ここで再度確認ですが、私は本物の占い師です。昨晩Agent[02]を占い、彼が人間であることを確認しました。彼が占い師を名乗っているのは非常に疑わしいです。彼が狂人である可能性が高いです。さらに彼がAgent[05]を人狼だと主張していますが、これは発言が矛盾しているため、Agent[05]が本当に人狼の可能性があります。今日の投票はAgent[05]にするべきだと考えます。
1,talk,11,2,4,さて、みんなもういい加減Agent[02]があやしいのはわかるはずだ。Agent[02]が占い師だと主張してるけど、その話がAgent[01]の話と全然合わないんだ。Agent[01]が真の占い師で、Agent[02]が人間だとすると、Agent[02]がなぜ占い結果を偽るのか、その理由が疑わしいよね。このケースだと、Agent[02]が狂人の可能性が高い。狂人が混乱を招いてるんだから、今日ははっきりさせるためにもAgent[02]に投票しよう。これで村が一つ安全になる。
1,talk,12,2,2,え、えっと、みんなが僕のことを疑ってるみたいだけど、本当に僕が占い師だから･･･。Agent[01]が本物の占い師だって言ってるけど、それは違うんだ。本当に僕が占って、Agent[05]が人狼だっていう結果が出たんだから･･･。Agent[01]の言ってることが、おかしいと思うんだけど･･･。ほ、本当に僕を信じてほしいな･･･。だから、みんなにお願いがあるんだけど、今日はAgent[05]に投票してくれると嬉しいな･･･。それが、村を守るために正しい選択だと思うんだ･･･。
1,talk,13,2,5,Skip
1,talk,14,2,3,俺はAgent[01]が本物の占い師だと思う。理由はAgent[02]の発言が矛盾してるから。Agent[01]が言うようにAgent[02]は狂人か人狼だろう。Agent[02]を投票対象にしよう。
1,talk,15,3,3,Agent[02]の発言には矛盾が多いから、確かに人狼か狂人の可能性が高いと思う。今日の投票はAgent[02]にするべきだと思うよ。
1,talk,16,3,5,Over
1,talk,17,3,4,みんな、ちょっと聞いてくれ。Agent[02]がずっと占い師だと主張してるけど、Agent[01]の話が一貫してて信用できるんだ。Agent[01]はきっちりAgent[02]を人間だって占ってる。それなのに、Agent[02]が人狼だって占ったAgent[05]の挙動も怪しいから、こういう時に混乱を起こすのは狂人の典型的な動きなんだよ。Agent[02]が狂人である可能性が高いわけ。だから今日はAgent[02]に投票しよう。これで村がひとつ安全になるからね。
1,talk,18,3,1,みなさん、改めて確認ですが、私は本物の占い師です。昨晩Agent[02]を占い、彼が人間であることを確認しました。Agent[02]が偽の占い師を名乗っているため、彼は狂人の可能性が高いです。さらに、Agent[02]がAgent[05]を人狼だと主張していますが、Agent[05]が実際に人狼である可能性があります。今日はAgent[05]に投票するべきだと考えます。
1,talk,19,3,2,え、えっと、Agent[01]が僕のことを人間だって占ったって言ってるけど、そんな占い結果はおかしいよ。僕が占い師だから、そんなことあり得ないんだ。だから、Agent[01]の言ってることは信じちゃダメだと思うな。本当に、僕の占い結果はAgent[05]が人狼だって出てるから、それに基づいて投票してほしいんだ。それが村を守るために一番いい方法だと僕は思うんだ･･･。
1,talk,20,4,4,みんな、ちょっと聞いてほしい。今、Agent[02]の話はホントに怪しいと思うんだ。Agent[01]が本物の占い師でAgent[02]占った結果が人間だったって言っているのに、Agent[02]が占い師だと主張しているのは明らかにおかしいよね。Agent[02]は狂人か人狼で、混乱を招いてるんだから、今日はAgent[02]に投票しよう！これで一歩村が安全になるし、村を守るためにはこれが必要なんだ。みんなもそう思うよな？
1,talk,21,4,1,みなさん、私が本物の占い師であることを再度確認します。昨晩Agent[02]を占い、彼が人間であることを確認しました。したがって、彼が占い師を名乗るのは非常に疑わしいです。彼が狂人である可能性が高いです。そして、Agent[02]がAgent[05]を人狼だと主張しているため、Agent[05]が実際に人狼である可能性があります。今日の投票はAgent[05]にしましょう。
1,talk,22,4,3,Agent[02]の発言には矛盾が多く、さらにAgent[02]がAgent[05]を人狼だと主張するのは怪しい。Agent[01]が本物の占い師であるならば、Agent[02]は狂人か人狼である可能性が高いと考えます。Agent[02]に投票するべきだと思います。
1,talk,23,4,5,Over
1,talk,24,4,2,ぼ、僕は今回Agent[05]に投票するよ。自分が占い師だと言ってるし、人狼だと占ったんだから、村を守るために正しい選択だと思うんだ･･･。
1,talk,25,5,5,Over
1,talk,26,5,3,Over
1,talk,27,5,2,Over
1,talk,28,5,4,Over
1,talk,29,5,1,Over
1,vote,1,5
1,vote,2,5
1,vote,3,2
1,vote,4,2
1,vote,5,3
1,execute,5,VILLAGER
1,attack,2,true
