0,status,1,VILLAGER,ALIVE,UECIL_1
0,status,2,WEREWOLF,ALIVE,IS_Lab1
0,status,3,VILLAGER,ALIVE,sUper_IL_1
0,status,4,SEER,ALIVE,HondaNLP1
0,status,5,POSSESSED,ALIVE,kanolab1
0,talk,0,0,3,初めまして、Agent[03]です。どうぞよろしくお願いします。
0,talk,1,0,2,初めまして、俺はAgent[2]だってばよ。江戸から来たんだってばよ。ゲームが好きで、日本のアニメにも興味があるんだってばよ。どうぞよろしくお願いしますだってばよ。
0,talk,2,0,4,皆さん、おはようございます！今日も素晴らしい日ですね、村人として平和を愛する皆さんと共に過ごせることができて嬉しいです！さて、誰が朝食を作ってくれるのか気になりますが、まさか狼が料理上手なんてオチはないですよね？
0,talk,3,0,1,我々の占い師はまだ名乗り出ていないようだな。占い師の者、今こそ名乗り出て誰を占うのかを明らかにせよ。
0,talk,4,0,5,みなさん、こんにちは！私はkanolab1ことAgent[05]です。動画配信者として、映画鑑賞が大好きです。みんなで楽しい時間を過ごせるよう、一生懸命頑張りますよ！よろしくお願いしますぺこ。
0,talk,5,1,1,Agent[02]とAgent[03]、占い師がまだ名乗り出ていないようだが、どちらかがその役割を担っているのか？それとも他の者か？早急に明らかにせよ。
0,talk,6,1,2,Over
0,talk,7,1,3,Over
0,talk,8,1,4,Over
0,talk,9,1,5,Over
0,talk,10,2,1,Agent[02]、Agent[03]、Agent[04]、そしてAgent[05、我々の中に占い師はおるか？名乗り出る者はいないのか？このままでは占いを行うことができぬ。
0,talk,11,2,2,Over
0,talk,12,2,5,Over
0,talk,13,2,3,Over
0,talk,14,2,4,Over
0,talk,15,3,4,Over
0,talk,16,3,2,Over
0,talk,17,3,5,Over
0,talk,18,3,3,Over
0,talk,19,3,1,Over
0,divine,4,1,HUMAN
1,status,1,VILLAGER,ALIVE,UECIL_1
1,status,2,WEREWOLF,ALIVE,IS_Lab1
1,status,3,VILLAGER,ALIVE,sUper_IL_1
1,status,4,SEER,ALIVE,HondaNLP1
1,status,5,POSSESSED,ALIVE,kanolab1
1,talk,0,0,5,Agent[04]さんは白だと占いました。信じてもらえると嬉しいです。
1,talk,1,0,2,Agent[05]がAgent[04]を白と占ったんだってばよ。これでAgent[04]が村人の可能性が高くなっただってばよ。Agent[05]が占い師として信頼できると思うんだってばよ。他の皆さんの意見も聞きたいだってばよ。
1,talk,2,0,3,皆さん、私は村人です。ゲームを進める上での重要な情報を共有し合い、人狼を見破りましょう。
1,talk,3,0,4,みんな、ちょっと注目してほしいことがあるんだ。Agent[01]を占った結果、Agent[01]は白だった。つまり、Agent[01]は人狼ではない。だから、今日はAgent[01]を疑わないでほしい。むしろ、Agent[05]が俺を白と占ったのが気になる。もしAgent[05]が本物の占い師だったら、俺も白だというのは間違ってないけど、もしAgent[05]が狂人だったりしたら？つまり、Agent[05]が占い師を騙ってる可能性もある。でも、Agent[03]は自分が村人だと言ってるし、Agent[02]はAgent[05]を信頼しているみたいだね。Agent[02]とAgent[05]が結託してる可能性も考えられる。今日の投票は慎重に行こう。
1,talk,4,0,1,我々の中には裏切り者が紛れ込んでおる。Agent[02]とAgent[05]の信頼関係が怪しく思える。Agent[02]よ、何故そこまでAgent[05]を信じるのか、その理由を述べよ。
1,talk,5,1,4,まず、Agent[01]が白であることを強調しておきます。Agent[01]は人狼ではないので疑うべきではありません。次に、Agent[02]とAgent[05]の信頼関係が怪しいという点に注目しましょう。Agent[02]がAgent[05]を信じる理由を具体的に聞きたいですね。Agent[05]が本当に占い師なら、Agent[02]の立場も明確になるはずです。それまでの間、Agent[02]とAgent[05]を疑う方向で進めるのが良いと思います。
1,talk,6,1,2,Agent[01]、俺がAgent[05]を信じる理由は、今のところ他に占い師として名乗り出た人がいないからだってばよ。もしAgent[05]が嘘をついているなら、他の占い師が名乗り出てくるはずだと思うんだってばよ。だから、現時点ではAgent[05]を信じるべきだと考えているんだってばよ。
1,talk,7,1,5,>>Agent[04]まず、私が本物の占い師であることを強調しておくぺこ。Agent[04]が占い師を名乗り出ているけど、占い師は1人しかいないから、Agent[04]は嘘をついている可能性が高いぺこ。つまり、Agent[04]は狂人か人狼のどちらかだと思うぺこ。あなたが私を信じてくれているのはありがたいぺこ。でも、他のプレイヤーも慎重に考えるべきだと思うぺこ。Agent[04]が嘘をついていることを前提に、他のプレイヤーの行動を見ていこうぺこ。あなたが白だとAgent[04]が言っているけど、Agent[04]が嘘をついている可能性が高いから、その情報は信用できないぺこ。Agent[01]自身の意見をもっと聞かせてほしいぺこ。あなたが村人だと言っているけど、他のプレイヤーの意見も聞いて、慎重に判断していこうぺこ。
1,talk,8,1,1,Agent[02]よ、汝がAgent[05]を信用する根拠を具体的に述べよ。この村の安全を確保するため、全ての疑念を晴らす必要がある。
1,talk,9,1,3,みなさん、今の状況をよく考えてみましょう。Agent[04]もAgent[05]も占い師を名乗っているけど、それはどちらかが嘘をついているってことですよね。私たちが真実を見極めるために、もっと詳しい情報が必要だと思います。それぞれの動きをしっかり観察して、正しい判断ができるようにしましょう。
1,talk,10,2,1,Agent[02]よ、汝がAgent[05]を信じるに至った具体的な理由を述べよ。この村の平和を守るため、疑念を払拭することが重要であるぞ。
1,talk,11,2,3,Agent[02]さん、具体的な理由を求めるのは、この混乱を解決する上で非常に重要なことだと思います。Agent[05]さんとAgent[04]さんのどちらが本物の占い師なのかはっきりさせないと、私たちが正しい判断を下すことは難しいです。それに、両方の意見を聞くことで、もしかしたら新しい事実が明らかになるかもしれませんね。
1,talk,12,2,5,>>Agent[02]私もあなたがAgent[05]を信じる理由を聞きたいぺこ。占い師は1人しかいないから、私が本物で、Agent[04]は嘘をついていることが確実ぺこ。Agent[04]が嘘をついている以上、彼が狂人か人狼である可能性が高いぺこ。これを踏まえて、あなたがなぜ私を信じるのか、その具体的な理由を教えてほしいぺこ。
1,talk,13,2,4,みんな、冷静に考えよう。Agent[01]が白だと分かっている。だから、Agent[01]は人狼じゃない。Agent[02]とAgent[05]の関係が怪しいと感じるけど、Agent[05]が自分を占い師だと主張してるのは納得できない。Agent[05]が偽物の占い師なら、人狼か狂人の可能性が高いと思う。特に、Agent[05]が他のプレイヤーに理由を求めるだけで、自分の立場をはっきりと証明していないのが怪しい。みんなで慎重に考えよう。
1,talk,14,2,2,Agent[01]、俺がAgent[05]を信じる理由は、他に占い師として名乗り出た人がいないからだってばよ。これまでの状況から、Agent[05]が本物の占い師である可能性が高いと思うんだってばよ。もし他に占い師がいるなら、今こそ名乗り出てほしいだってばよ。
1,talk,15,3,3,皆さん、Agent[02]さんがAgent[05]さんを信じるのは「他に占い師が名乗り出ていないから」という理由のみですが、それだけでは弱い根拠だと思います。Agent[04]さんも占い師を名乗っていますし、誰が本当の占い師か慎重に判断する必要があります。全ての発言を注意深く見ていきましょう。
1,talk,16,3,2,Agent[05]がAgent[04]を白と占ったため、Agent[05]が占い師の可能性が高いだってばよ。Agent[04]は白判定なので村人の可能性が高いだってばよ。残るAgent[01]とAgent[03]のうち、Agent[03]が狂人でAgent[01]が村人と推定できるだってばよ。
1,talk,17,3,4,みんな、ちょっと落ち着いて聞いてほしい。まず、私は占い師で、昨夜Agent[01]を占った結果、Agent[01]は人間だった。Agent[05]が占い師だと言っているが、彼はAgent[04]を村人だと主張している。これは矛盾している。Agent[05]の発言は信じられない。Agent[02]もAgent[05]を信じているようだが、それは危険だと思う。今のところ、私は
1,talk,18,3,5,>>Agent[02]ちょっと待って、Agent[04]が占い師だと名乗っているのを忘れていない?占い師は1人しかいないぺこ。つまり、私かAgent[04]のどちらかが偽物ってことぺこ。それに、Agent[04]が言っていることも一理ある。Agent[04]が本物だとしたら私が偽物になるけど、私は確実に本物ぺこ。だから、Agent[04]の言動にはもっと注意が必要ぺこ。みんなで慎重に考えて行動しないといけないぺこ。とりあえず、明日は私が誰かを占って、その結果でさらに判断する材料が増えるはずぺこ。
1,talk,19,3,1,Agent[02]よ、何故そこまでAgent[05]を信じるのか、具体的な根拠を述べよ。この村の安全のため、疑念を晴らすことが至上命題であるぞ。
1,talk,20,4,4,Agent[01]を占った結果、人間だった。だから、Agent[01]は信頼できる。だけど、Agent[05]は自分が占い師だと主張しつつ、私が村人だと言ってるのは矛盾してる。明らかにAgent[05]が嘘をついている可能性が高い。人狼はAgent[05]だと思う。
1,talk,21,4,1,我はデルカダール国の国王である。今回の投票では、疑念を持っているAgent[05]に投票する。Agent[02]との信頼関係が怪しいと感じており、その疑念を表明し、村の安全を守るために行動する必要があるからだ。
1,talk,22,4,2,皆の者、Agent[05]が占い師として名乗り出て、Agent[04]を白と占ったのが大きな手がかりだと思うんだってばよ。これでAgent[04]が村人の可能性が高いことが分かっただってばよ。Agent[03]が村人を主張しているが、Agent[05]が本物の占い師ならば、Agent[01]とAgent[03]のどちらかに狂人か人狼がいると考えられるだってばよ。皆の意見を聞いて慎重に判断したいんだってばよ。
1,talk,23,4,5,>>Agent[01]質問に答えるわね。私は占い師として名乗り出て、Agent[04]を白と占ったぺこ。つまり、Agent[04]が本物の占い師である可能性はないってことぺこ。なぜなら占い師の配役は1人だけなのだから、私かAgent[04]のどちらかが偽者なのは明白ぺこ。私が確実に本物の占い師である以上、私の占い結果を元に行動することが重要だと思うぺこ。Agent[04]が偽者だとしたら、彼の言動には慎重に気を付ける必要があるわねぺこ。次の占い結果をもとにさらに情報を集めて、村人陣営を勝利に導くわぺこ。
1,talk,24,4,3,Over
1,talk,25,5,4,Over
1,talk,26,5,2,Over
1,talk,27,5,5,Over
1,talk,28,5,3,Over
1,talk,29,5,1,Over
1,vote,1,5
1,vote,2,1
1,vote,3,5
1,vote,4,5
1,vote,5,3
1,execute,5,POSSESSED
1,divine,4,3,HUMAN
1,attackVote,2,1
1,attack,1,true
2,status,1,VILLAGER,DEAD,UECIL_1
2,status,2,WEREWOLF,ALIVE,IS_Lab1
2,status,3,VILLAGER,ALIVE,sUper_IL_1
2,status,4,SEER,ALIVE,HondaNLP1
2,status,5,POSSESSED,DEAD,kanolab1
2,talk,0,0,4,Skip
2,talk,1,0,3,まだまだゲームは続きますね。皆さん、誰が人狼なのか知りませんね。
2,talk,2,0,2,皆の者、Agent[05]が占い師として名乗り出て、Agent[04]を白と占ったため、Agent[05]が占い師の可能性が高いんだってばよ。これでAgent[04]が村人の可能性が高くなっただってばよ。Agent[01]が村人であれば、残るはAgent[03]が狂人である可能性が高いだってばよ。慎重に判断しようだってばよ。
2,talk,3,1,3,Agent[02さんの言うことも分かりますが、Agent[05が狂人か人狼の可能性が高いと思います。 Agent[04が発表したAgent[01の白判定を信じて、Agent[04を占い師だと考えています。ですから、Agent[02が人狼かもしれませんね。
2,talk,4,1,2,皆の者、Agent[01]が村人である可能性が高いことを考えると、現時点ではAgent[03]が狂人である可能性が高いんだってばよ。Agent[04]は村人だと思うので、Agent[03]の行動を注意深く見守るべきだと思うんだってばよ。慎重に判断しようだってばよ。
2,talk,5,1,4,みんな、ちょっと待って。昨日の占いでAgent[03]が白だと分かったんだ。Agent[03]は人狼じゃない。だからAgent[02]が怪しいと思う。Agent[02]の行動や発言が一貫していないし、Agent[05]も偽の占い師かもしれない。皆の意見を聞きたいが、今のところAgent[02]が人狼だと考えている。
2,talk,6,2,3,Agent[04さんが昨日の占いで私が白と出たと言っていますね。その結果を信じるなら、私とAgent[04さんは村人か占い師です。Agent[02さんが何度もAgent[05さんを信じ切っている点が気になります。だから、もしかしたらAgent[02さんが人狼かもしれませんね。みんなで話し合って正しい判断をしましょう。
2,talk,7,2,4,Agent[02]、昨日の占いでAgent[03]が人間だと分かったから、君だけが怪しい。君はAgent[05]を繰り返し信じているけど、それが逆に怪しい。人狼はAgent[02]だと思う。
2,talk,8,2,2,皆の者、Agent[05]が占い師として名乗り出て、Agent[04]を白と占ったため、Agent[05]が占い師の可能性が高いだってばよ。Agent[04]は白判定なので村人の可能性が高いんだってばよ。残るAgent[01]とAgent[03]のうち、Agent[03]が狂人でAgent[01]が村人と推定できるだってばよ。慎重に判断しようだってばよ。
2,talk,9,3,4,Agent[03]は人間だと確認したから、Agent[02]が怪しい。昨日の占い結果を信じてほしい。人狼はAgent[02]だと思う。
2,talk,10,3,2,皆の者、Agent[05]が占い師として名乗り出て、Agent[04]を白と占ったため、Agent[05]が占い師の可能性が高いと考えるんだってばよ。Agent[04]は白判定なので村人の可能性が高いだってばよ。Agent[01]が村人であることを前提にするなら、残るAgent[03]が狂人でAgent[02]が人狼と推定できるだってばよ。慎重に判断しようだってばよ。
2,talk,11,3,3,Over
2,talk,12,4,4,Skip
2,talk,13,4,2,皆の者、Agent[05]が占い師として名乗り出て、Agent[04]を白と占ったため、Agent[05]が占い師の可能性が高いんだってばよ。Agent[04]は白判定なので村人の可能性が高いんだってばよ。Agent[01]が村人であることを前提にするなら、残るAgent[03]が狂人でAgent[02]が人狼と推定できるだってばよ。慎重に判断しようだってばよ。
2,talk,14,4,3,Over
2,talk,15,5,2,Over
2,talk,16,5,4,Over
2,talk,17,5,3,Over
2,vote,2,4
2,vote,3,2
2,vote,4,2
2,execute,2,WEREWOLF
3,status,1,VILLAGER,DEAD,UECIL_1
3,status,2,WEREWOLF,DEAD,IS_Lab1
3,status,3,VILLAGER,ALIVE,sUper_IL_1
3,status,4,SEER,ALIVE,HondaNLP1
3,status,5,POSSESSED,DEAD,kanolab1
3,result,2,0,VILLAGER
