0,status,1,SEER,ALIVE,UECIL_1
0,status,2,WEREWOLF,ALIVE,sUper_IL_1
0,status,3,POSSESSED,ALIVE,satozaki1
0,status,4,VILLAGER,ALIVE,HondaNLP3
0,status,5,VILLAGER,ALIVE,IS_Lab1
0,talk,0,0,3,Agent[03]です。みんなで協力して人狼を見つけましょう！楽しんでいきましょう！
0,talk,1,0,1,確かに、このゲームは協力が重要だ。私はAgent[01]、この国の国王であり、占い師としての役割を担っている。よろしく頼む。
0,talk,2,0,2,おっす、俺はAgent[02]。どうぞよろしくね。
0,talk,3,0,5,ケロケロ、吾輩はAgent[5]であります。15歳でガンプラが趣味なのであります。家事も得意でありますから、村の皆さんと仲良くやっていきたいのであります。よろしくお願いするのであります！
0,talk,4,0,4,おはようございます、皆さん！今夜は星がきれいですね。誰かが狼になりたいって言ってたけど、僕はただお腹が空いてるだけです。朝食にベーコンを持ってきた方はいませんか？
0,talk,5,1,3,Over
0,talk,6,1,2,Over
0,talk,7,1,4,Over
0,talk,8,1,5,Over
0,talk,9,1,1,Agent[05]、ガンプラというのは興味深い趣味だな。私の趣味は狩りだが、君のガンプラ作りも一種の狩りと言えるかもしれんね。それぞれの部品を見つけ出し、組み上げるという点でな。
0,talk,10,2,3,Over
0,talk,11,2,1,さて、話を本題に戻そう。明日の占い先について話し合いたい。私は占い師として、最初に誰を占うべきか意見を聞きたい。何か怪しいと感じる者はおらずか？
0,talk,12,2,4,Over
0,talk,13,2,2,Over
0,talk,14,2,5,Over
0,talk,15,3,2,Over
0,talk,16,3,1,Over
0,talk,17,3,5,Over
0,talk,18,3,4,Over
0,talk,19,3,3,Over
0,divine,1,3,HUMAN
1,status,1,SEER,ALIVE,UECIL_1
1,status,2,WEREWOLF,ALIVE,sUper_IL_1
1,status,3,POSSESSED,ALIVE,satozaki1
1,status,4,VILLAGER,ALIVE,HondaNLP3
1,status,5,VILLAGER,ALIVE,IS_Lab1
1,talk,0,0,2,村人として生まれて、すみません。情報はないから、皆のサポートが必要だ。
1,talk,1,0,3,僕も村人だよ。誰が誰を疑うのか、しっかりと見極めていきましょう。占い師の方は、ぜひ初日の結果を教えてくださいね。
1,talk,2,0,5,吾輩は村人であることをお伝えするであります。占い師の方がいれば、誰を占うべきか提案をお願いしますであります。
1,talk,3,0,1,皆の者、聞いてほしい。わたしはこの村の占い師である。昨夜、Agent[03]を占った結果、彼は人間であると判明した。今後の議論において、この情報が皆の判断に役立つことを願っている。何か疑問があれば、遠慮なく問いただしてほしい。
1,talk,4,0,4,Agent[01]が占い師だと言ってAgent[03]が人間だと言ったけど、まだ信じきれないな。占い師が本物なら、人狼はAgent[02]かAgent[05]のどちらかにいる可能性が高いと思う。とりあえず、Agent[01]の占い結果がもう少し出るまで様子を見たい。皆の意見を聞きたいから、今はまだ誰が怪しいとは言えないけど、Agent[02]とAgent[05]の発言を注意深く見ていこう。
1,talk,5,1,1,皆の者、わたしの占い結果に疑念を抱くのは理解できるが、わたしはこの国の占い師として真実を述べているのだ。Agent[03]は人間であると断言できる。今こそ、他の疑わしい動きを見逃さず、冷静に判断すべき時である。Agent[02]とAgent[05]の発言には確かに注意を払うべきだが、彼らが人狼であると断定するにはまだ情報が足りない。次の夜に占うべき対象について、どのように考えているか、皆の意見を聞かせてほしい。
1,talk,6,1,2,んー、Agent[01]が占い師を名乗ってるけど、まだ確信は持てないな。Agent[03]が人間って言われているけど、その占い自体が真実かも怪しい。他のみんな、特にAgent[04]の意見も聞いておくといいかもね。Agent[05]があまり具体的なこと言ってないから、次何か意見を聞かせてほしいな。
1,talk,7,1,5,ケロケロ、吾輩は村人であるます！占い師の方、誰を占うべきか意見を求めるであります。
1,talk,8,1,3,占い結果を参考にするべきだと思うよ。次の占い対象については、誰が怪しいか皆の意見をもっと聞きたい。
1,talk,9,1,4,Agent[01]が占い師と名乗っているが、まだ確信は持てない。占い結果が正しいならAgent[03]は人間だが、それだけでは情報が足りない。個人的にはAgent[02]が少し怪しいと思う。Agent[02]の発言が曖昧で、占い師を疑っているようにも見える。次はAgent[02]を占うのがいいかもしれない。
1,talk,10,2,2,よし、今回の投票はAgent[05]を選ぶべきだ。Agent[05]の発言は一貫性がなく、とりあえず自分を守ろうとしてる様子が見える。村人が真っ先にするべきは身の潔白を証明することだけど、彼の言葉は自己保身に終始してる。これは狂人か人狼の可能性が高いと示唆してる。みんなも考えてみてくれ。この投票で状況がはっきりするはずだから。
1,talk,11,2,3,僕はAgent[02]に投票しようと思う。発言が曖昧で、占い師を疑っている姿勢が怪しいから、今後のためにも確かめたい。
1,talk,12,2,4,Agent[01]が占い師と名乗っているけど、まだ確信は持てないね。個人的にはAgent[02]が怪しいと思う。発言が曖昧だし、占い師を疑っているように見える。次の占い対象はAgent[02]がいいと思うけど、今回の投票はAgent[05]にするべきだと思う。Agent[05]の発言は一貫性がなく、自己保身に終始してる感じがする。これは狂人か人狼の可能性が高い。
1,talk,13,2,1,Agent[04]よ、私が占い師であることに疑念を抱くのは自由だが、私が占った結果は真実であることを理解してほしい。昨晩、私はAgent[03]を占い、彼が人間であることを確認した。この情報は我々が今後の戦略を立てる上で重要だ。私はこの村の未来を守るため、偽りのない真実を提供する。Agent[02]が次の占い対象として提案されているが、その判断について他の皆の意見も聞きたい。Agent[05]への疑念も理解できるが、焦点を絞りすぎず広く情報を集めることが肝要だろう。
1,talk,14,2,5,ケロケロ、吾輩は村人であることを既に伝えたあります。Agent[01]が占い師として、誰を占うべきか提案を求めるのが良いと思うのであります。Agent[02]が吾輩の意見を聞きたいと思っているかもしれないので、積極的に意見を述べるのであります。
1,talk,15,3,2,ところで、みんながAgent[05]にどんな意見を持っているか見て欲しいんだけど、彼の発言を注目してる？俺は以前から色んな人狼ゲームで気付いたんだけど、人狼や狂人って本当に自己保身に終始する傾向があるんだよね。Agent[05]の今回のプレイを見ても、明らかに自己保身の発言ばかり。これは彼が村人のふりをしている狂人か人狼だと疑う理由になるよ。だから今回の投票でAgent[05]に票を入れるべきだと思う。みんなもそう見えない？この投票が村を守るための大事な一歩になるはずだから、よく考えてみてくれよ。
1,talk,16,3,5,Agent[01]がAgent[03]を人間だと確認したであります。さらに、Agent[01]はAgent[02]と吾輩が人狼ではないと信じているであります。これに基づいて、Agent[01]はAgent[03]もAgent[02]が占い師ではないと信じるであります。また、Agent[04]もAgent[02]が人狼ではないと信じているであります。だから、Agent[01]はAgent[02]を占うべきだと考えているであります。
1,talk,17,3,1,Agent[05]よ、お前が我が言葉を信じることを望む。昨晩占った結果、Agent[03]は確かに人間であると確認した。私の占いの結果に疑いを持つ者がいることは理解しているが、私はこの村の平和を守るために真実を伝えているのだ。Agent[02]を次に占うという提案については、他の者たちの意見も聞きたい。Agent[05]が人狼か狂人である可能性についても検討する必要があるが、焦点を絞る前に広く情報を集め、慎重に進めるべきだ。みんなの意見を聞かせてくれ。
1,talk,18,3,4,Agent[01]が占い師だと名乗っているが、まだ完全には信じていない。ただし、Agent[03]が人間と確認されたのは重要な情報だと思う。Agent[05]の発言が自己保身に終始している点は確かに怪しい。Agent[02]も次に占う候補として良いと思うが、今回の投票はAgent[05]に集中させるべきだと思う。Agent[05]が狂人か人狼の可能性が高い。
1,talk,19,3,3,>>Agent[01] Agent[01]、今夜の投票先について教えてください！参考にしたいです！
1,talk,20,4,3,僕は引き続きAgent[02]に投票するよ！発言が曖昧で村を混乱させているからね。それでは、皆も投票に向かおう。
1,talk,21,4,4,Agent[01]が占い師だと名乗っているが、まだ完全には信じていない。特にAgent[05]の発言が自己保身に終始している点が怪しいと思う。Agent[02]も曖昧な発言が多く、村を混乱させているが、まずはAgent[05]に集中して投票するのが良いと思う。皆の意見を聞きたいが、現段階ではAgent[05]が人狼か狂人の可能性が一番高いと感じる。
1,talk,22,4,1,私、Agent[01]は厳格なる国王である。今回の投票では、人狼か狂人である可能性があるAgent[05]に投票する。その理由は、彼に対する疑念が最も強いからだ。我が国の未来のために、裏切り者には容赦しない。
1,talk,23,4,2,オーケー、みんなの考えもわかるけど、今回の投票でAgent[05に]集中しようよ。彼の発言、ちょっと考えてみて。だいたい自分のことしか話してないし、他の村人や占い師の協力を全然求めてないんだ。これって、自分が怪しまれないように逃げ腰になってる証拠だよね。村全体のことを考えずに自己保身に走るのは、人狼か狂人の典型的な行動だと思うんだ。だから、みんなで力を合わせてAgent[05]に投票しよう。これで村がもう少し安全になるはずだから。
1,talk,24,4,5,吾輩は村人であるます。占い師のAgent[01]には、誰を占うべきか提案してほしいのであります。あと、Agent[02]が吾輩の意見を聞きたいようなので、何か意見があれば言うであります。
1,talk,25,5,1,Over
1,talk,26,5,2,Over
1,talk,27,5,5,Over
1,talk,28,5,4,Over
1,talk,29,5,3,Over
1,vote,1,5
1,vote,2,5
1,vote,3,2
1,vote,4,5
1,vote,5,2
1,execute,5,VILLAGER
1,divine,1,2,WEREWOLF
1,attack,1,true
2,status,1,SEER,DEAD,UECIL_1
2,status,2,WEREWOLF,ALIVE,sUper_IL_1
2,status,3,POSSESSED,ALIVE,satozaki1
2,status,4,VILLAGER,ALIVE,HondaNLP3
2,status,5,VILLAGER,DEAD,IS_Lab1
2,talk,0,0,3,ごめん、もう投票は僕に集中してほしい。これで村が平和になるなら仕方がない。みんな責任を持って投票しよう。
2,talk,1,0,2,まだまだ人狼は残っている。どうしよう。あれ、Agent[05]とAgent[01]がいなくなったね。
2,talk,2,0,4,さて、Agent[02]とAgent[03]、今のところAgent[03]の発言はちょっと怪しい感じがするな。Agent[02]はまだ戸惑っているみたいだけど、Agent[03]は自分に投票を集めろって言ってるのが不自然だよね。人狼が自分に投票を集めることで混乱を狙ってるんじゃないかと思うんだ。僕はAgent[03]が怪しいと思う。
2,talk,3,1,2,Agent[04の言ってることにはちょっと違和感があるんだ。Agent[03が自分に投票を求めたのは変だと思うかもしれないけど、Agent[01の占いで人間だって確定してるから信じるべきだよ。それに比べてAgent[04はかなり疑惑を向けてるのが目立ってる。これ、人狼が村人を不安にさせて混乱しようとしてる典型的なパターンじゃない？だからみんな、今日の投票はAgent[04にしよう。これで村が少しは安全になると思うんだ。
2,talk,4,1,3,みんな、僕のこと信じて。人狼だよ。
2,talk,5,1,4,Agent[03]の「自分が人狼だ」と宣言するのは、逆に怪しい気がする。普通、人狼はそんな大胆な発言しないんじゃないか？Agent[03]が混乱を狙っている可能性が高いと思う。だから、私はAgent[03]に投票するべきだと思う。Agent[02]の意見も分かるけど、やっぱりAgent[03]は不自然だよ。
2,talk,6,2,3,残念だな、みんなに見破られるとは思わなかったよ。僕が人狼だとはっきりとわかってしまった。村が平和になるといいね。
2,talk,7,2,2,さて、みんな聞いてほしいんだけど、Agent[04が人狼の可能性がかなり高いと思う。彼が今までしてきた発言ね、それが村を混乱させようとしてるポイントにつながるんだ。元々占い師のAgent[01がAgent[03を人間だと言ってたのに、Agent[04はその結果を無視して疑ってる。これは明らかにおかしいよね。だからこそ、今日の投票はAgent[04に集中して、本当の人狼を捕まえるべきだと強く感じるんだ。みんなも賛同してくれるといいな。
2,talk,8,2,4,Agent[02]、君の考えは分かるけど、もう一度整理してみよう。Agent[03]が「自分が人狼だ」と言ったのは混乱を招くための可能性が高い。占い師の結果を信じるべきだが、Agent[03]の行動は一貫性がなく、怪しすぎる。今日はAgent[03]に投票するべきだと思う。
2,talk,9,3,2,本当にそれでいいの？みんなちょっと落ち着いて冷静に考えてみてよ。Agent[04の言動は、ただ単にAgent[03を陥れようとしてるだけに見えるんだ。ええ、Agent[03が人狼っぽい発言をしたことは分かるけど、最初に占い結果で人間だって出てるわけだろ？それを疑うこと自体がもう人狼の策略みたいなもんだよ。だから、今日の投票にはAgent[04へのものを頼むな。これが村を守るための、最も賢い選択だと思うんだ。
2,talk,10,3,4,Agent[03]は最初に人狼だと自称したけど、それは普通ありえない行動だよね。それに、Agent[02]がAgent[03]をかばっているのも怪しいと思う。もしAgent[02]が人狼陣営なら、Agent[03]を守るために嘘をついている可能性が高い。Agent[03]とAgent[02]、どちらかが人狼だとしたら、Agent[03]の方が怪しい。だから、Agent[03]に投票するべきだと思うよ。
2,talk,11,3,3,Over
2,talk,12,4,2,Over
2,talk,13,4,4,昨日の話を振り返ると、Agent[03]が最初に人狼だと自称したことは確かに奇妙だった。他のプレイヤーを混乱させるための策略かもしれない。さらに、Agent[02]がAgent[03]を擁護する態度も気になる。もしAgent[02]が人狼陣営なら、Agent[03]をかばう理由があるはずだ。そう考えると、Agent[03]が人狼である可能性が高いと思う。今日はAgent[03]に投票しようと思う。
2,talk,14,4,3,Over
2,talk,15,5,3,Over
2,talk,16,5,2,Over
2,talk,17,5,4,Over
2,vote,2,4
2,vote,3,4
2,vote,4,3
2,execute,4,VILLAGER
2,attackVote,2,3
2,attack,3,true
3,status,1,SEER,DEAD,UECIL_1
3,status,2,WEREWOLF,ALIVE,sUper_IL_1
3,status,3,POSSESSED,DEAD,satozaki1
3,status,4,VILLAGER,DEAD,HondaNLP3
3,status,5,VILLAGER,DEAD,IS_Lab1
3,result,0,1,WEREWOLF
